<?xml version="1.0" encoding="utf-8"?><testsuites><testsuite name="pytest" errors="0" failures="0" skipped="0" tests="85" time="43.236" timestamp="2026-09-07T00:03:41.870555+00:00" hostname="f0f4e143df0f"><testcase classname="tests.test_boleto_service" name="test_calcular_juros_multa_aplica_regra_basica" time="0.113" /><testcase classname="tests.test_boleto_service" name="test_recalcular_juros_multa_nao_reaplica_total_de_forma_cumulativa" time="0.001" /><testcase classname="tests.test_boleto_service" name="test_registrar_boleto_atualiza_status_bancario_e_preserva_status_interno" time="0.189" /><testcase classname="tests.test_fluxo_pdv_financeiro.FluxoPdvFinanceiroTestCase" name="test_adiantamento_em_produto_baixa_estoque_e_gera_financeiro" time="0.769" /><testcase classname="tests.test_fluxo_pdv_financeiro.FluxoPdvFinanceiroTestCase" name="test_alerta_email_estoque_dispara_ao_atingir_minimo" time="0.573" /><testcase classname="tests.test_fluxo_pdv_financeiro.FluxoPdvFinanceiroTestCase" name="test_alerta_email_estoque_respeita_cooldown_e_reenvia_em_novo_status" time="0.711" /><testcase classname="tests.test_fluxo_pdv_financeiro.FluxoPdvFinanceiroTestCase" name="test_busca_produto_por_codigo_barras_no_pdv" time="0.406" /><testcase classname="tests.test_fluxo_pdv_financeiro.FluxoPdvFinanceiroTestCase" name="test_cancelamento_de_movimento_manual_reverte_saldo" time="0.513" /><testcase classname="tests.test_fluxo_pdv_financeiro.FluxoPdvFinanceiroTestCase" name="test_cancelamento_parcial_de_item_reverte_estoque_e_ajusta_cashback" time="0.768" /><testcase classname="tests.test_fluxo_pdv_financeiro.FluxoPdvFinanceiroTestCase" name="test_cancelamento_reverte_estoque_e_financeiro" time="0.626" /><testcase classname="tests.test_fluxo_pdv_financeiro.FluxoPdvFinanceiroTestCase" name="test_cashback_respeita_limite_percentual_de_resgate_por_venda" time="0.570" /><testcase classname="tests.test_fluxo_pdv_financeiro.FluxoPdvFinanceiroTestCase" name="test_cliente_sem_vendas_serializa_total_zero" time="0.378" /><testcase classname="tests.test_fluxo_pdv_financeiro.FluxoPdvFinanceiroTestCase" name="test_configuracao_cliente_preserva_senha_existente_quando_campo_nao_e_enviado" time="0.408" /><testcase classname="tests.test_fluxo_pdv_financeiro.FluxoPdvFinanceiroTestCase" name="test_disparo_coletivo_envia_apenas_para_clientes_elegiveis" time="0.525" /><testcase classname="tests.test_fluxo_pdv_financeiro.FluxoPdvFinanceiroTestCase" name="test_emissao_fiscal_gera_numero_chave_xml_e_incrementa_numeracao" time="0.601" /><testcase classname="tests.test_fluxo_pdv_financeiro.FluxoPdvFinanceiroTestCase" name="test_lancamento_manual_e_fechamento" time="0.492" /><testcase classname="tests.test_fluxo_pdv_financeiro.FluxoPdvFinanceiroTestCase" name="test_listagem_de_fechamentos_retorna_operador_e_diferenca" time="0.408" /><testcase classname="tests.test_fluxo_pdv_financeiro.FluxoPdvFinanceiroTestCase" name="test_normalizacao_de_senha_app_do_gmail_remove_espacos" time="0.389" /><testcase classname="tests.test_fluxo_pdv_financeiro.FluxoPdvFinanceiroTestCase" name="test_prevalidacao_fiscal_aponta_pendencias_sem_configuracao" time="0.509" /><testcase classname="tests.test_fluxo_pdv_financeiro.FluxoPdvFinanceiroTestCase" name="test_prevalidacao_fiscal_fica_pronta_com_base_minima_preenchida" time="0.533" /><testcase classname="tests.test_fluxo_pdv_financeiro.FluxoPdvFinanceiroTestCase" name="test_relatorio_produtos_mais_vendidos_consolida_itens_do_pdv" time="0.499" /><testcase classname="tests.test_fluxo_pdv_financeiro.FluxoPdvFinanceiroTestCase" name="test_resumo_folha_considera_adiantamento_em_dinheiro" time="0.527" /><testcase classname="tests.test_fluxo_pdv_financeiro.FluxoPdvFinanceiroTestCase" name="test_template_html_do_email_de_venda_usa_identidade_oceanblue" time="0.611" /><testcase classname="tests.test_fluxo_pdv_financeiro.FluxoPdvFinanceiroTestCase" name="test_teste_configuracao_empresa_usa_payload_informado_sem_persistir" time="0.411" /><testcase classname="tests.test_fluxo_pdv_financeiro.FluxoPdvFinanceiroTestCase" name="test_venda_automatica_aplica_preco_atacado_ao_atingir_quantidade_minima" time="0.598" /><testcase classname="tests.test_fluxo_pdv_financeiro.FluxoPdvFinanceiroTestCase" name="test_venda_baixa_estoque_e_gera_financeiro" time="0.735" /><testcase classname="tests.test_fluxo_pdv_financeiro.FluxoPdvFinanceiroTestCase" name="test_venda_com_cliente_envia_email_automatico_e_registra_cashback" time="0.616" /><testcase classname="tests.test_fluxo_pdv_financeiro.FluxoPdvFinanceiroTestCase" name="test_venda_com_cliente_gera_cashback_e_historico" time="0.661" /><testcase classname="tests.test_fluxo_pdv_financeiro.FluxoPdvFinanceiroTestCase" name="test_venda_em_atacado_exige_quantidade_minima_configurada" time="0.592" /><testcase classname="tests.test_fluxo_pdv_financeiro.FluxoPdvFinanceiroTestCase" name="test_venda_permanece_finalizada_quando_email_automatico_falha" time="0.593" /><testcase classname="tests.test_fluxo_pdv_financeiro.FluxoPdvFinanceiroTestCase" name="test_venda_pode_desativar_cashback_sem_afetar_carteira_existente" time="0.667" /><testcase classname="tests.test_import_export.ImportExportServiceTestCase" name="test_exportacao_de_produtos_retorna_linha_com_empresa_e_valores" time="0.588" /><testcase classname="tests.test_import_export.ImportExportServiceTestCase" name="test_importacao_de_produto_cria_categoria_e_vinculo_por_empresa" time="0.413" /><testcase classname="tests.test_import_export.ImportExportServiceTestCase" name="test_template_produtos_contem_abas_e_headers_esperados" time="0.430" /><testcase classname="tests.test_integracoes_sprint4" name="test_asaas_provider_cria_cliente_e_cobranca_boleto" time="0.003" /><testcase classname="tests.test_integracoes_sprint4" name="test_focus_provider_emite_nfce_com_ref_idempotente" time="0.001" /><testcase classname="tests.test_permission_hierarchy.PermissionHierarchyTestCase" name="test_dependencia_em_cadeia_remove_filhos_orfaos" time="0.002" /><testcase classname="tests.test_permission_hierarchy.PermissionHierarchyTestCase" name="test_financeiro_relatorio_depende_do_geral" time="0.001" /><testcase classname="tests.test_permission_hierarchy.PermissionHierarchyTestCase" name="test_todas_as_permissions_padrao_estao_cobertas_no_catalogo" time="0.001" /><testcase classname="tests.test_permissions_security.PermissionsSecurityTestCase" name="test_admin_recebe_novas_permissoes_por_padrao" time="0.523" /><testcase classname="tests.test_permissions_security.PermissionsSecurityTestCase" name="test_authenticated_write_requires_csrf_token" time="0.585" /><testcase classname="tests.test_permissions_security.PermissionsSecurityTestCase" name="test_bootstrap_nao_reaplica_permissoes_removidas_da_role_existente" time="0.445" /><testcase classname="tests.test_permissions_security.PermissionsSecurityTestCase" name="test_login_nao_renderiza_configuracoes_e_bloqueia_url_direta" time="0.600" /><testcase classname="tests.test_permissions_security.PermissionsSecurityTestCase" name="test_login_nao_renderiza_financeiro_e_bloqueia_url_direta" time="0.642" /><testcase classname="tests.test_permissions_security.PermissionsSecurityTestCase" name="test_login_registra_auditoria_e_headers_de_seguranca" time="0.560" /><testcase classname="tests.test_permissions_security.PermissionsSecurityTestCase" name="test_rate_limit_bloqueia_excesso_de_tentativas_de_login" time="0.409" /><testcase classname="tests.test_permissions_security.PermissionsSecurityTestCase" name="test_trial_expirado_bloqueia_modulos_do_tenant" time="0.567" /><testcase classname="tests.test_produto_service.ProdutoServiceTestCase" name="test_criar_produto_gera_codigo_barras_ean13_quando_vazio" time="0.972" /><testcase classname="tests.test_produto_service.ProdutoServiceTestCase" name="test_limite_de_produtos_do_plano_bloqueia_novo_cadastro" time="0.661" /><testcase classname="tests.test_produto_service.ProdutoServiceTestCase" name="test_listar_categorias_retorna_categoria_sem_produto_vinculado" time="0.574" /><testcase classname="tests.test_runtime" name="test_test_environment_rejects_non_test_database[sqlite:///production.db]" time="0.002" /><testcase classname="tests.test_runtime" name="test_test_environment_rejects_non_test_database[postgresql://user:password@localhost/oceanblue]" time="0.001" /><testcase classname="tests.test_runtime" name="test_test_environment_rejects_non_test_database[]" time="0.001" /><testcase classname="tests.test_runtime" name="test_testing_config_rejects_production_database" time="0.001" /><testcase classname="tests.test_runtime" name="test_production_requires_secrets" time="0.002" /><testcase classname="tests.test_runtime" name="test_production_rejects_short_secrets" time="0.003" /><testcase classname="tests.test_runtime" name="test_test_app_preserves_csrf_and_disables_debug" time="0.084" /><testcase classname="tests.test_runtime" name="test_external_network_is_blocked" time="0.001" /><testcase classname="tests.test_runtime" name="test_health_and_readiness_on_migrated_postgresql" time="0.094" /><testcase classname="tests.test_runtime" name="test_readiness_fails_without_leaking_database_details" time="0.081" /><testcase classname="tests.test_schema" name="test_migrated_schema_matches_model_types_indexes_and_foreign_keys" time="0.589" /><testcase classname="tests.test_schema" name="test_schema_upgrade_preserves_rows_and_rolls_back_invalid_legacy_data[False]" time="0.837" /><testcase classname="tests.test_schema" name="test_schema_upgrade_preserves_rows_and_rolls_back_invalid_legacy_data[True]" time="0.631" /><testcase classname="tests.test_security_headers.SecurityHeadersHttpsTestCase" name="test_external_http_request_still_requires_https" time="0.003" /><testcase classname="tests.test_security_headers.SecurityHeadersHttpsTestCase" name="test_forwarded_for_loopback_does_not_bypass_https_enforcement" time="0.004" /><testcase classname="tests.test_security_headers.SecurityHeadersHttpsTestCase" name="test_loopback_http_request_bypasses_https_enforcement_for_internal_healthcheck" time="0.004" /><testcase classname="tests.test_startup" name="test_production_startup_uses_secure_configuration" time="0.903" /><testcase classname="tests.test_startup" name="test_production_startup_rejects_missing_variables[None-DATABASE_URL]" time="0.765" /><testcase classname="tests.test_startup" name="test_production_startup_rejects_missing_variables[None-SECRET_KEY]" time="0.779" /><testcase classname="tests.test_startup" name="test_production_startup_rejects_missing_variables[None-JWT_SECRET_KEY]" time="0.786" /><testcase classname="tests.test_startup" name="test_production_startup_rejects_missing_variables[None-FIELD_ENCRYPTION_KEY]" time="0.745" /><testcase classname="tests.test_startup" name="test_production_startup_rejects_missing_variables[-DATABASE_URL]" time="0.713" /><testcase classname="tests.test_startup" name="test_production_startup_rejects_missing_variables[-SECRET_KEY]" time="0.724" /><testcase classname="tests.test_startup" name="test_production_startup_rejects_missing_variables[-JWT_SECRET_KEY]" time="0.883" /><testcase classname="tests.test_startup" name="test_production_startup_rejects_missing_variables[-FIELD_ENCRYPTION_KEY]" time="0.760" /><testcase classname="tests.test_startup" name="test_production_startup_rejects_each_weak_secret[SECRET_KEY]" time="0.705" /><testcase classname="tests.test_startup" name="test_production_startup_rejects_each_weak_secret[JWT_SECRET_KEY]" time="0.746" /><testcase classname="tests.test_startup" name="test_production_startup_rejects_each_weak_secret[FIELD_ENCRYPTION_KEY]" time="0.741" /><testcase classname="tests.test_startup" name="test_startup_rejects_unknown_environment[prod]" time="0.715" /><testcase classname="tests.test_startup" name="test_startup_rejects_unknown_environment[]" time="0.753" /><testcase classname="tests.test_startup" name="test_startup_rejects_unknown_environment[production-typo]" time="0.733" /><testcase classname="tests.test_startup" name="test_production_startup_rejects_invalid_database_without_leaking_url[sqlite:///production.db]" time="0.739" /><testcase classname="tests.test_startup" name="test_production_startup_rejects_invalid_database_without_leaking_url[mysql://unused:private-database-password@localhost/oceanblue]" time="0.755" /><testcase classname="tests.test_startup" name="test_production_startup_rejects_invalid_database_without_leaking_url[malformed-private-database-password]" time="0.723" /><testcase classname="tests.test_startup" name="test_production_startup_rejects_invalid_database_without_leaking_url[postgresql://unused:private-database-password@localhost:not-a-port/oceanblue]" time="0.816" /></testsuite></testsuites>