<?xml version="1.0" encoding="utf-8"?><testsuites><testsuite name="pytest" errors="0" failures="0" skipped="0" tests="85" time="47.642" timestamp="2026-09-07T00:00:43.180967+00:00" hostname="eb6b37e366de"><testcase classname="tests.test_boleto_service" name="test_calcular_juros_multa_aplica_regra_basica" time="0.243" /><testcase classname="tests.test_boleto_service" name="test_recalcular_juros_multa_nao_reaplica_total_de_forma_cumulativa" time="0.002" /><testcase classname="tests.test_boleto_service" name="test_registrar_boleto_atualiza_status_bancario_e_preserva_status_interno" time="0.291" /><testcase classname="tests.test_fluxo_pdv_financeiro.FluxoPdvFinanceiroTestCase" name="test_adiantamento_em_produto_baixa_estoque_e_gera_financeiro" time="1.480" /><testcase classname="tests.test_fluxo_pdv_financeiro.FluxoPdvFinanceiroTestCase" name="test_alerta_email_estoque_dispara_ao_atingir_minimo" time="0.776" /><testcase classname="tests.test_fluxo_pdv_financeiro.FluxoPdvFinanceiroTestCase" name="test_alerta_email_estoque_respeita_cooldown_e_reenvia_em_novo_status" time="0.725" /><testcase classname="tests.test_fluxo_pdv_financeiro.FluxoPdvFinanceiroTestCase" name="test_busca_produto_por_codigo_barras_no_pdv" time="0.537" /><testcase classname="tests.test_fluxo_pdv_financeiro.FluxoPdvFinanceiroTestCase" name="test_cancelamento_de_movimento_manual_reverte_saldo" time="0.665" /><testcase classname="tests.test_fluxo_pdv_financeiro.FluxoPdvFinanceiroTestCase" name="test_cancelamento_parcial_de_item_reverte_estoque_e_ajusta_cashback" time="0.968" /><testcase classname="tests.test_fluxo_pdv_financeiro.FluxoPdvFinanceiroTestCase" name="test_cancelamento_reverte_estoque_e_financeiro" time="0.895" /><testcase classname="tests.test_fluxo_pdv_financeiro.FluxoPdvFinanceiroTestCase" name="test_cashback_respeita_limite_percentual_de_resgate_por_venda" time="0.971" /><testcase classname="tests.test_fluxo_pdv_financeiro.FluxoPdvFinanceiroTestCase" name="test_cliente_sem_vendas_serializa_total_zero" time="0.638" /><testcase classname="tests.test_fluxo_pdv_financeiro.FluxoPdvFinanceiroTestCase" name="test_configuracao_cliente_preserva_senha_existente_quando_campo_nao_e_enviado" time="0.521" /><testcase classname="tests.test_fluxo_pdv_financeiro.FluxoPdvFinanceiroTestCase" name="test_disparo_coletivo_envia_apenas_para_clientes_elegiveis" time="0.552" /><testcase classname="tests.test_fluxo_pdv_financeiro.FluxoPdvFinanceiroTestCase" name="test_emissao_fiscal_gera_numero_chave_xml_e_incrementa_numeracao" time="0.678" /><testcase classname="tests.test_fluxo_pdv_financeiro.FluxoPdvFinanceiroTestCase" name="test_lancamento_manual_e_fechamento" time="0.528" /><testcase classname="tests.test_fluxo_pdv_financeiro.FluxoPdvFinanceiroTestCase" name="test_listagem_de_fechamentos_retorna_operador_e_diferenca" time="0.458" /><testcase classname="tests.test_fluxo_pdv_financeiro.FluxoPdvFinanceiroTestCase" name="test_normalizacao_de_senha_app_do_gmail_remove_espacos" time="0.518" /><testcase classname="tests.test_fluxo_pdv_financeiro.FluxoPdvFinanceiroTestCase" name="test_prevalidacao_fiscal_aponta_pendencias_sem_configuracao" time="0.648" /><testcase classname="tests.test_fluxo_pdv_financeiro.FluxoPdvFinanceiroTestCase" name="test_prevalidacao_fiscal_fica_pronta_com_base_minima_preenchida" time="0.572" /><testcase classname="tests.test_fluxo_pdv_financeiro.FluxoPdvFinanceiroTestCase" name="test_relatorio_produtos_mais_vendidos_consolida_itens_do_pdv" time="0.552" /><testcase classname="tests.test_fluxo_pdv_financeiro.FluxoPdvFinanceiroTestCase" name="test_resumo_folha_considera_adiantamento_em_dinheiro" time="0.581" /><testcase classname="tests.test_fluxo_pdv_financeiro.FluxoPdvFinanceiroTestCase" name="test_template_html_do_email_de_venda_usa_identidade_oceanblue" time="0.685" /><testcase classname="tests.test_fluxo_pdv_financeiro.FluxoPdvFinanceiroTestCase" name="test_teste_configuracao_empresa_usa_payload_informado_sem_persistir" time="0.401" /><testcase classname="tests.test_fluxo_pdv_financeiro.FluxoPdvFinanceiroTestCase" name="test_venda_automatica_aplica_preco_atacado_ao_atingir_quantidade_minima" time="0.522" /><testcase classname="tests.test_fluxo_pdv_financeiro.FluxoPdvFinanceiroTestCase" name="test_venda_baixa_estoque_e_gera_financeiro" time="0.527" /><testcase classname="tests.test_fluxo_pdv_financeiro.FluxoPdvFinanceiroTestCase" name="test_venda_com_cliente_envia_email_automatico_e_registra_cashback" time="0.653" /><testcase classname="tests.test_fluxo_pdv_financeiro.FluxoPdvFinanceiroTestCase" name="test_venda_com_cliente_gera_cashback_e_historico" time="0.569" /><testcase classname="tests.test_fluxo_pdv_financeiro.FluxoPdvFinanceiroTestCase" name="test_venda_em_atacado_exige_quantidade_minima_configurada" time="0.461" /><testcase classname="tests.test_fluxo_pdv_financeiro.FluxoPdvFinanceiroTestCase" name="test_venda_permanece_finalizada_quando_email_automatico_falha" time="0.566" /><testcase classname="tests.test_fluxo_pdv_financeiro.FluxoPdvFinanceiroTestCase" name="test_venda_pode_desativar_cashback_sem_afetar_carteira_existente" time="0.649" /><testcase classname="tests.test_import_export.ImportExportServiceTestCase" name="test_exportacao_de_produtos_retorna_linha_com_empresa_e_valores" time="0.852" /><testcase classname="tests.test_import_export.ImportExportServiceTestCase" name="test_importacao_de_produto_cria_categoria_e_vinculo_por_empresa" time="0.410" /><testcase classname="tests.test_import_export.ImportExportServiceTestCase" name="test_template_produtos_contem_abas_e_headers_esperados" time="0.418" /><testcase classname="tests.test_integracoes_sprint4" name="test_asaas_provider_cria_cliente_e_cobranca_boleto" time="0.003" /><testcase classname="tests.test_integracoes_sprint4" name="test_focus_provider_emite_nfce_com_ref_idempotente" time="0.001" /><testcase classname="tests.test_permission_hierarchy.PermissionHierarchyTestCase" name="test_dependencia_em_cadeia_remove_filhos_orfaos" time="0.001" /><testcase classname="tests.test_permission_hierarchy.PermissionHierarchyTestCase" name="test_financeiro_relatorio_depende_do_geral" time="0.001" /><testcase classname="tests.test_permission_hierarchy.PermissionHierarchyTestCase" name="test_todas_as_permissions_padrao_estao_cobertas_no_catalogo" time="0.001" /><testcase classname="tests.test_permissions_security.PermissionsSecurityTestCase" name="test_admin_recebe_novas_permissoes_por_padrao" time="0.548" /><testcase classname="tests.test_permissions_security.PermissionsSecurityTestCase" name="test_authenticated_write_requires_csrf_token" time="1.000" /><testcase classname="tests.test_permissions_security.PermissionsSecurityTestCase" name="test_bootstrap_nao_reaplica_permissoes_removidas_da_role_existente" time="0.551" /><testcase classname="tests.test_permissions_security.PermissionsSecurityTestCase" name="test_login_nao_renderiza_configuracoes_e_bloqueia_url_direta" time="0.621" /><testcase classname="tests.test_permissions_security.PermissionsSecurityTestCase" name="test_login_nao_renderiza_financeiro_e_bloqueia_url_direta" time="0.699" /><testcase classname="tests.test_permissions_security.PermissionsSecurityTestCase" name="test_login_registra_auditoria_e_headers_de_seguranca" time="0.674" /><testcase classname="tests.test_permissions_security.PermissionsSecurityTestCase" name="test_rate_limit_bloqueia_excesso_de_tentativas_de_login" time="0.490" /><testcase classname="tests.test_permissions_security.PermissionsSecurityTestCase" name="test_trial_expirado_bloqueia_modulos_do_tenant" time="0.622" /><testcase classname="tests.test_produto_service.ProdutoServiceTestCase" name="test_criar_produto_gera_codigo_barras_ean13_quando_vazio" time="0.573" /><testcase classname="tests.test_produto_service.ProdutoServiceTestCase" name="test_limite_de_produtos_do_plano_bloqueia_novo_cadastro" time="0.430" /><testcase classname="tests.test_produto_service.ProdutoServiceTestCase" name="test_listar_categorias_retorna_categoria_sem_produto_vinculado" time="0.411" /><testcase classname="tests.test_runtime" name="test_test_environment_rejects_non_test_database[sqlite:///production.db]" time="0.001" /><testcase classname="tests.test_runtime" name="test_test_environment_rejects_non_test_database[postgresql://user:password@localhost/oceanblue]" time="0.001" /><testcase classname="tests.test_runtime" name="test_test_environment_rejects_non_test_database[]" time="0.001" /><testcase classname="tests.test_runtime" name="test_testing_config_rejects_production_database" time="0.001" /><testcase classname="tests.test_runtime" name="test_production_requires_secrets" time="0.001" /><testcase classname="tests.test_runtime" name="test_production_rejects_short_secrets" time="0.001" /><testcase classname="tests.test_runtime" name="test_test_app_preserves_csrf_and_disables_debug" time="0.065" /><testcase classname="tests.test_runtime" name="test_external_network_is_blocked" time="0.002" /><testcase classname="tests.test_runtime" name="test_health_and_readiness_on_migrated_postgresql" time="0.074" /><testcase classname="tests.test_runtime" name="test_readiness_fails_without_leaking_database_details" time="0.067" /><testcase classname="tests.test_schema" name="test_migrated_schema_matches_model_types_indexes_and_foreign_keys" time="0.401" /><testcase classname="tests.test_schema" name="test_schema_upgrade_preserves_rows_and_rolls_back_invalid_legacy_data[False]" time="0.767" /><testcase classname="tests.test_schema" name="test_schema_upgrade_preserves_rows_and_rolls_back_invalid_legacy_data[True]" time="0.663" /><testcase classname="tests.test_security_headers.SecurityHeadersHttpsTestCase" name="test_external_http_request_still_requires_https" time="0.004" /><testcase classname="tests.test_security_headers.SecurityHeadersHttpsTestCase" name="test_forwarded_for_loopback_does_not_bypass_https_enforcement" time="0.003" /><testcase classname="tests.test_security_headers.SecurityHeadersHttpsTestCase" name="test_loopback_http_request_bypasses_https_enforcement_for_internal_healthcheck" time="0.004" /><testcase classname="tests.test_startup" name="test_production_startup_uses_secure_configuration" time="0.964" /><testcase classname="tests.test_startup" name="test_production_startup_rejects_missing_variables[None-DATABASE_URL]" time="0.826" /><testcase classname="tests.test_startup" name="test_production_startup_rejects_missing_variables[None-SECRET_KEY]" time="0.923" /><testcase classname="tests.test_startup" name="test_production_startup_rejects_missing_variables[None-JWT_SECRET_KEY]" time="0.860" /><testcase classname="tests.test_startup" name="test_production_startup_rejects_missing_variables[None-FIELD_ENCRYPTION_KEY]" time="0.840" /><testcase classname="tests.test_startup" name="test_production_startup_rejects_missing_variables[-DATABASE_URL]" time="0.754" /><testcase classname="tests.test_startup" name="test_production_startup_rejects_missing_variables[-SECRET_KEY]" time="0.843" /><testcase classname="tests.test_startup" name="test_production_startup_rejects_missing_variables[-JWT_SECRET_KEY]" time="0.712" /><testcase classname="tests.test_startup" name="test_production_startup_rejects_missing_variables[-FIELD_ENCRYPTION_KEY]" time="0.741" /><testcase classname="tests.test_startup" name="test_production_startup_rejects_each_weak_secret[SECRET_KEY]" time="0.784" /><testcase classname="tests.test_startup" name="test_production_startup_rejects_each_weak_secret[JWT_SECRET_KEY]" time="0.838" /><testcase classname="tests.test_startup" name="test_production_startup_rejects_each_weak_secret[FIELD_ENCRYPTION_KEY]" time="1.209" /><testcase classname="tests.test_startup" name="test_startup_rejects_unknown_environment[prod]" time="1.072" /><testcase classname="tests.test_startup" name="test_startup_rejects_unknown_environment[]" time="1.054" /><testcase classname="tests.test_startup" name="test_startup_rejects_unknown_environment[production-typo]" time="0.764" /><testcase classname="tests.test_startup" name="test_production_startup_rejects_invalid_database_without_leaking_url[sqlite:///production.db]" time="0.771" /><testcase classname="tests.test_startup" name="test_production_startup_rejects_invalid_database_without_leaking_url[mysql://unused:private-database-password@localhost/oceanblue]" time="0.729" /><testcase classname="tests.test_startup" name="test_production_startup_rejects_invalid_database_without_leaking_url[malformed-private-database-password]" time="0.720" /><testcase classname="tests.test_startup" name="test_production_startup_rejects_invalid_database_without_leaking_url[postgresql://unused:private-database-password@localhost:not-a-port/oceanblue]" time="0.752" /></testsuite></testsuites>