<?xml version="1.0" encoding="utf-8"?><testsuites><testsuite name="pytest" errors="0" failures="0" skipped="0" tests="166" time="138.116" timestamp="2026-09-07T01:24:20.999601+00:00" hostname="27616c5b48c2"><testcase classname="tests.test_boleto_service" name="test_calcular_juros_multa_aplica_regra_basica" time="0.108" /><testcase classname="tests.test_boleto_service" name="test_recalcular_juros_multa_nao_reaplica_total_de_forma_cumulativa" time="0.001" /><testcase classname="tests.test_boleto_service" name="test_registrar_boleto_atualiza_status_bancario_e_preserva_status_interno" time="0.222" /><testcase classname="tests.test_fluxo_pdv_financeiro.FluxoPdvFinanceiroTestCase" name="test_adiantamento_em_produto_baixa_estoque_e_gera_financeiro" time="0.714" /><testcase classname="tests.test_fluxo_pdv_financeiro.FluxoPdvFinanceiroTestCase" name="test_alerta_email_estoque_dispara_ao_atingir_minimo" time="0.536" /><testcase classname="tests.test_fluxo_pdv_financeiro.FluxoPdvFinanceiroTestCase" name="test_alerta_email_estoque_respeita_cooldown_e_reenvia_em_novo_status" time="0.590" /><testcase classname="tests.test_fluxo_pdv_financeiro.FluxoPdvFinanceiroTestCase" name="test_busca_produto_por_codigo_barras_no_pdv" time="0.504" /><testcase classname="tests.test_fluxo_pdv_financeiro.FluxoPdvFinanceiroTestCase" name="test_cancelamento_de_movimento_manual_reverte_saldo" time="0.629" /><testcase classname="tests.test_fluxo_pdv_financeiro.FluxoPdvFinanceiroTestCase" name="test_cancelamento_parcial_de_item_reverte_estoque_e_ajusta_cashback" time="0.909" /><testcase classname="tests.test_fluxo_pdv_financeiro.FluxoPdvFinanceiroTestCase" name="test_cancelamento_reverte_estoque_e_financeiro" time="0.703" /><testcase classname="tests.test_fluxo_pdv_financeiro.FluxoPdvFinanceiroTestCase" name="test_cashback_respeita_limite_percentual_de_resgate_por_venda" time="0.647" /><testcase classname="tests.test_fluxo_pdv_financeiro.FluxoPdvFinanceiroTestCase" name="test_cliente_sem_vendas_serializa_total_zero" time="0.423" /><testcase classname="tests.test_fluxo_pdv_financeiro.FluxoPdvFinanceiroTestCase" name="test_configuracao_cliente_preserva_senha_existente_quando_campo_nao_e_enviado" time="0.426" /><testcase classname="tests.test_fluxo_pdv_financeiro.FluxoPdvFinanceiroTestCase" name="test_disparo_coletivo_envia_apenas_para_clientes_elegiveis" time="0.481" /><testcase classname="tests.test_fluxo_pdv_financeiro.FluxoPdvFinanceiroTestCase" name="test_emissao_fiscal_gera_numero_chave_xml_e_incrementa_numeracao" time="0.648" /><testcase classname="tests.test_fluxo_pdv_financeiro.FluxoPdvFinanceiroTestCase" name="test_lancamento_manual_e_fechamento" time="0.556" /><testcase classname="tests.test_fluxo_pdv_financeiro.FluxoPdvFinanceiroTestCase" name="test_listagem_de_fechamentos_retorna_operador_e_diferenca" time="0.444" /><testcase classname="tests.test_fluxo_pdv_financeiro.FluxoPdvFinanceiroTestCase" name="test_normalizacao_de_senha_app_do_gmail_remove_espacos" time="0.392" /><testcase classname="tests.test_fluxo_pdv_financeiro.FluxoPdvFinanceiroTestCase" name="test_prevalidacao_fiscal_aponta_pendencias_sem_configuracao" time="0.536" /><testcase classname="tests.test_fluxo_pdv_financeiro.FluxoPdvFinanceiroTestCase" name="test_prevalidacao_fiscal_fica_pronta_com_base_minima_preenchida" time="0.561" /><testcase classname="tests.test_fluxo_pdv_financeiro.FluxoPdvFinanceiroTestCase" name="test_relatorio_produtos_mais_vendidos_consolida_itens_do_pdv" time="0.535" /><testcase classname="tests.test_fluxo_pdv_financeiro.FluxoPdvFinanceiroTestCase" name="test_resumo_folha_considera_adiantamento_em_dinheiro" time="0.503" /><testcase classname="tests.test_fluxo_pdv_financeiro.FluxoPdvFinanceiroTestCase" name="test_template_html_do_email_de_venda_usa_identidade_oceanblue" time="0.664" /><testcase classname="tests.test_fluxo_pdv_financeiro.FluxoPdvFinanceiroTestCase" name="test_teste_configuracao_empresa_usa_payload_informado_sem_persistir" time="0.423" /><testcase classname="tests.test_fluxo_pdv_financeiro.FluxoPdvFinanceiroTestCase" name="test_venda_automatica_aplica_preco_atacado_ao_atingir_quantidade_minima" time="0.635" /><testcase classname="tests.test_fluxo_pdv_financeiro.FluxoPdvFinanceiroTestCase" name="test_venda_baixa_estoque_e_gera_financeiro" time="0.566" /><testcase classname="tests.test_fluxo_pdv_financeiro.FluxoPdvFinanceiroTestCase" name="test_venda_com_cliente_envia_email_automatico_e_registra_cashback" time="0.584" /><testcase classname="tests.test_fluxo_pdv_financeiro.FluxoPdvFinanceiroTestCase" name="test_venda_com_cliente_gera_cashback_e_historico" time="0.697" /><testcase classname="tests.test_fluxo_pdv_financeiro.FluxoPdvFinanceiroTestCase" name="test_venda_em_atacado_exige_quantidade_minima_configurada" time="0.490" /><testcase classname="tests.test_fluxo_pdv_financeiro.FluxoPdvFinanceiroTestCase" name="test_venda_permanece_finalizada_quando_email_automatico_falha" time="0.590" /><testcase classname="tests.test_fluxo_pdv_financeiro.FluxoPdvFinanceiroTestCase" name="test_venda_pode_desativar_cashback_sem_afetar_carteira_existente" time="0.673" /><testcase classname="tests.test_import_export.ImportExportServiceTestCase" name="test_exportacao_de_produtos_retorna_linha_com_empresa_e_valores" time="0.695" /><testcase classname="tests.test_import_export.ImportExportServiceTestCase" name="test_importacao_de_produto_cria_categoria_e_vinculo_por_empresa" time="0.497" /><testcase classname="tests.test_import_export.ImportExportServiceTestCase" name="test_template_produtos_contem_abas_e_headers_esperados" time="0.402" /><testcase classname="tests.test_integracoes_sprint4" name="test_asaas_provider_cria_cliente_e_cobranca_boleto" time="0.003" /><testcase classname="tests.test_integracoes_sprint4" name="test_focus_provider_emite_nfce_com_ref_idempotente" time="0.001" /><testcase classname="tests.test_permission_hierarchy.PermissionHierarchyTestCase" name="test_dependencia_em_cadeia_remove_filhos_orfaos" time="0.001" /><testcase classname="tests.test_permission_hierarchy.PermissionHierarchyTestCase" name="test_financeiro_relatorio_depende_do_geral" time="0.001" /><testcase classname="tests.test_permission_hierarchy.PermissionHierarchyTestCase" name="test_todas_as_permissions_padrao_estao_cobertas_no_catalogo" time="0.001" /><testcase classname="tests.test_permissions_security.PermissionsSecurityTestCase" name="test_admin_recebe_novas_permissoes_por_padrao" time="0.517" /><testcase classname="tests.test_permissions_security.PermissionsSecurityTestCase" name="test_authenticated_write_requires_csrf_token" time="0.602" /><testcase classname="tests.test_permissions_security.PermissionsSecurityTestCase" name="test_bootstrap_nao_reaplica_permissoes_removidas_da_role_existente" time="0.445" /><testcase classname="tests.test_permissions_security.PermissionsSecurityTestCase" name="test_login_nao_renderiza_configuracoes_e_bloqueia_url_direta" time="0.613" /><testcase classname="tests.test_permissions_security.PermissionsSecurityTestCase" name="test_login_nao_renderiza_financeiro_e_bloqueia_url_direta" time="0.582" /><testcase classname="tests.test_permissions_security.PermissionsSecurityTestCase" name="test_login_registra_auditoria_e_headers_de_seguranca" time="0.458" /><testcase classname="tests.test_permissions_security.PermissionsSecurityTestCase" name="test_rate_limit_bloqueia_excesso_de_tentativas_de_login" time="0.794" /><testcase classname="tests.test_permissions_security.PermissionsSecurityTestCase" name="test_trial_expirado_bloqueia_modulos_do_tenant" time="0.621" /><testcase classname="tests.test_produto_service.ProdutoServiceTestCase" name="test_criar_produto_gera_codigo_barras_ean13_quando_vazio" time="0.565" /><testcase classname="tests.test_produto_service.ProdutoServiceTestCase" name="test_limite_de_produtos_do_plano_bloqueia_novo_cadastro" time="0.499" /><testcase classname="tests.test_produto_service.ProdutoServiceTestCase" name="test_listar_categorias_retorna_categoria_sem_produto_vinculado" time="0.387" /><testcase classname="tests.test_runtime" name="test_test_environment_rejects_non_test_database[sqlite:///production.db]" time="0.001" /><testcase classname="tests.test_runtime" name="test_test_environment_rejects_non_test_database[postgresql://user:password@localhost/oceanblue]" time="0.001" /><testcase classname="tests.test_runtime" name="test_test_environment_rejects_non_test_database[]" time="0.001" /><testcase classname="tests.test_runtime" name="test_testing_config_rejects_production_database" time="0.001" /><testcase classname="tests.test_runtime" name="test_production_requires_secrets" time="0.001" /><testcase classname="tests.test_runtime" name="test_production_rejects_short_secrets" time="0.001" /><testcase classname="tests.test_runtime" name="test_test_app_preserves_csrf_and_disables_debug" time="0.059" /><testcase classname="tests.test_runtime" name="test_external_network_is_blocked" time="0.001" /><testcase classname="tests.test_runtime" name="test_health_and_readiness_on_migrated_postgresql" time="0.081" /><testcase classname="tests.test_runtime" name="test_readiness_fails_without_leaking_database_details" time="0.059" /><testcase classname="tests.test_schema" name="test_migrated_schema_matches_model_types_indexes_and_foreign_keys" time="0.386" /><testcase classname="tests.test_schema" name="test_schema_upgrade_preserves_rows_and_rolls_back_invalid_legacy_data[False]" time="0.811" /><testcase classname="tests.test_schema" name="test_schema_upgrade_preserves_rows_and_rolls_back_invalid_legacy_data[True]" time="0.690" /><testcase classname="tests.test_security_headers.SecurityHeadersHttpsTestCase" name="test_external_http_request_still_requires_https" time="0.003" /><testcase classname="tests.test_security_headers.SecurityHeadersHttpsTestCase" name="test_forwarded_for_loopback_does_not_bypass_https_enforcement" time="0.002" /><testcase classname="tests.test_security_headers.SecurityHeadersHttpsTestCase" name="test_forwarded_proto_is_not_trusted_without_proxyfix" time="0.002" /><testcase classname="tests.test_security_headers.SecurityHeadersHttpsTestCase" name="test_loopback_cannot_bypass_https_on_login" time="0.002" /><testcase classname="tests.test_security_headers.SecurityHeadersHttpsTestCase" name="test_loopback_http_request_bypasses_https_enforcement_for_internal_healthcheck" time="0.003" /><testcase classname="tests.test_sprint02_adversarial" name="test_platform_account_limit_ignores_supplied_tenant" time="1.261" /><testcase classname="tests.test_sprint02_adversarial" name="test_case_sensitive_accounts_do_not_share_lockout" time="1.310" /><testcase classname="tests.test_sprint02_adversarial" name="test_platform_limit_survives_concurrent_ips_and_tenant_variations" time="1.061" /><testcase classname="tests.test_sprint02_adversarial" name="test_homonymous_tenant_lockouts_are_independent" time="1.526" /><testcase classname="tests.test_sprint02_adversarial" name="test_unicode_csrf_is_invalid_input_not_server_error[/login]" time="0.823" /><testcase classname="tests.test_sprint02_adversarial" name="test_unicode_csrf_is_invalid_input_not_server_error[/redefinir-senha]" time="1.274" /><testcase classname="tests.test_sprint02_adversarial" name="test_authenticated_html_is_never_cached[tenant-/home]" time="1.060" /><testcase classname="tests.test_sprint02_adversarial" name="test_authenticated_html_is_never_cached[platform-/platform/home]" time="1.298" /><testcase classname="tests.test_sprint02_adversarial" name="test_successful_provider_response_cannot_disclose_credentials" time="0.820" /><testcase classname="tests.test_sprint02_adversarial" name="test_fiscal_mock_does_not_probe_server_files_or_environment" time="0.902" /><testcase classname="tests.test_sprint02_adversarial" name="test_database_failure_is_redacted_in_readiness_logs" time="0.816" /><testcase classname="tests.test_sprint02_adversarial" name="test_database_failures_deny_auth_and_leave_session_recoverable[limiter]" time="1.047" /><testcase classname="tests.test_sprint02_adversarial" name="test_database_failures_deny_auth_and_leave_session_recoverable[session]" time="1.178" /><testcase classname="tests.test_sprint02_adversarial" name="test_database_failures_deny_auth_and_leave_session_recoverable[logout]" time="1.063" /><testcase classname="tests.test_sprint02_adversarial" name="test_permission_and_company_revocation_apply_to_existing_cookie" time="1.209" /><testcase classname="tests.test_sprint02_adversarial" name="test_modified_unsigned_claims_cannot_authenticate[tenant_id-2]" time="1.205" /><testcase classname="tests.test_sprint02_adversarial" name="test_modified_unsigned_claims_cannot_authenticate[sub-2]" time="0.974" /><testcase classname="tests.test_sprint02_adversarial" name="test_modified_unsigned_claims_cannot_authenticate[auth_scope-platform]" time="0.998" /><testcase classname="tests.test_sprint02_adversarial" name="test_modified_unsigned_claims_cannot_authenticate[session_version-100]" time="0.954" /><testcase classname="tests.test_sprint02_adversarial" name="test_every_api_method_enforces_auth_scope_and_csrf[anonymous]" time="0.969" /><testcase classname="tests.test_sprint02_adversarial" name="test_every_api_method_enforces_auth_scope_and_csrf[wrong_scope]" time="1.667" /><testcase classname="tests.test_sprint02_adversarial" name="test_every_api_method_enforces_auth_scope_and_csrf[missing_csrf]" time="1.373" /><testcase classname="tests.test_sprint02_adversarial" name="test_company_configuration_idor_read_write_and_test[2]" time="1.288" /><testcase classname="tests.test_sprint02_adversarial" name="test_company_configuration_idor_read_write_and_test[3]" time="1.511" /><testcase classname="tests.test_sprint02_adversarial" name="test_foreign_resource_ids_cannot_read_modify_or_delete" time="3.220" /><testcase classname="tests.test_sprint02_security" name="test_login_requires_tenant_and_never_falls_back_to_platform" time="1.430" /><testcase classname="tests.test_sprint02_security" name="test_csrf_login_logout_and_replay_revocation" time="1.006" /><testcase classname="tests.test_sprint02_security" name="test_password_change_revokes_every_session_and_rejects_wrong_password" time="1.476" /><testcase classname="tests.test_sprint02_security" name="test_deactivation_revokes_existing_cookie[tenant]" time="1.294" /><testcase classname="tests.test_sprint02_security" name="test_deactivation_revokes_existing_cookie[platform]" time="1.394" /><testcase classname="tests.test_sprint02_security" name="test_reset_token_is_hashed_tenant_bound_expiring_and_single_use" time="0.984" /><testcase classname="tests.test_sprint02_security" name="test_concurrent_reset_accepts_one_consumer" time="1.101" /><testcase classname="tests.test_sprint02_security" name="test_rate_limit_shared_across_apps_and_concurrent_requests" time="2.185" /><testcase classname="tests.test_sprint02_security" name="test_forwarded_header_does_not_evade_limit_and_retry_is_present" time="1.345" /><testcase classname="tests.test_sprint02_security" name="test_cross_tenant_foreign_keys_and_company_admin_scope" time="0.893" /><testcase classname="tests.test_sprint02_security" name="test_queries_filter_tenant_and_company_including_bulk_mutations" time="0.946" /><testcase classname="tests.test_sprint02_security" name="test_concurrent_quota_cannot_be_exceeded[produtos-limite_produtos]" time="0.921" /><testcase classname="tests.test_sprint02_security" name="test_concurrent_quota_cannot_be_exceeded[empresas-limite_empresas]" time="1.062" /><testcase classname="tests.test_sprint02_security" name="test_concurrent_quota_cannot_be_exceeded[funcionarios-limite_funcionarios]" time="1.127" /><testcase classname="tests.test_sprint02_security" name="test_trial_missing_expired_and_last_day_consistent" time="1.390" /><testcase classname="tests.test_sprint02_security" name="test_field_rotation_tampering_and_unknown_key" time="1.196" /><testcase classname="tests.test_sprint02_security" name="test_role_changes_are_audited_without_password_hash" time="0.864" /><testcase classname="tests.test_sprint02_security" name="test_import_quota_partial_rows_updates_and_password_policy[produtos-limite_produtos-0]" time="1.261" /><testcase classname="tests.test_sprint02_security" name="test_import_quota_partial_rows_updates_and_password_policy[funcionarios-limite_funcionarios-1]" time="1.429" /><testcase classname="tests.test_sprint02_security" name="test_all_tenant_tables_and_foreign_keys_have_database_integrity_guard" time="0.951" /><testcase classname="tests.test_sprint02_security" name="test_sales_quota_is_concurrent_and_cross_tenant_child_is_rejected" time="0.994" /><testcase classname="tests.test_sprint02_security" name="test_company_isolation_of_financial_links_within_same_tenant" time="1.174" /><testcase classname="tests.test_sprint02_security" name="test_http_cross_tenant_crud_reset_and_platform_boundary" time="1.345" /><testcase classname="tests.test_sprint02_security" name="test_nonadmin_cannot_grant_roles_or_import_staff_even_with_permission" time="1.588" /><testcase classname="tests.test_sprint02_security" name="test_http_errors_hide_database_and_exception_details" time="1.131" /><testcase classname="tests.test_sprint02_security" name="test_every_api_requires_auth_except_health_and_disabled_webhook" time="0.993" /><testcase classname="tests.test_sprint02_security" name="test_seed_requires_explicit_password_and_never_creates_demo_in_production" time="1.007" /><testcase classname="tests.test_sprint02_security" name="test_rotation_cli_handles_legacy_and_rolls_back_corrupt_fields" time="0.941" /><testcase classname="tests.test_sprint02_security" name="test_real_integrations_and_webhook_stay_disabled" time="0.915" /><testcase classname="tests.test_sprint02_security" name="test_jwt_key_version_rotation_rejects_previous_tokens" time="0.967" /><testcase classname="tests.test_sprint02_security" name="test_rate_limit_shared_between_distinct_processes" time="4.543" /><testcase classname="tests.test_sprint02_security" name="test_http_password_reset_revokes_cookie_and_rejects_reuse" time="1.143" /><testcase classname="tests.test_sprint02_security" name="test_admin_without_all_companies_cannot_change_shared_accounts" time="1.172" /><testcase classname="tests.test_sprint02_security" name="test_outbound_allowlist_blocks_ssrf[https://provider.example/message-8.8.8.8-True]" time="0.867" /><testcase classname="tests.test_sprint02_security" name="test_outbound_allowlist_blocks_ssrf[https://provider.example/message-127.0.0.1-False]" time="1.117" /><testcase classname="tests.test_sprint02_security" name="test_outbound_allowlist_blocks_ssrf[https://provider.example/message-169.254.169.254-False]" time="0.861" /><testcase classname="tests.test_sprint02_security" name="test_outbound_allowlist_blocks_ssrf[https://provider.example/message-::1-False]" time="1.063" /><testcase classname="tests.test_sprint02_security" name="test_outbound_allowlist_blocks_ssrf[http://provider.example/message-8.8.8.8-False]" time="0.948" /><testcase classname="tests.test_sprint02_security" name="test_outbound_allowlist_blocks_ssrf[https://other.example/message-8.8.8.8-False]" time="0.969" /><testcase classname="tests.test_sprint02_security" name="test_outbound_allowlist_blocks_ssrf[https://user:password@provider.example/message-8.8.8.8-False]" time="0.896" /><testcase classname="tests.test_sprint02_security" name="test_outbound_allowlist_blocks_ssrf[https://provider.example:8443/message-8.8.8.8-False]" time="0.884" /><testcase classname="tests.test_sprint02_security" name="test_webhook_redirects_and_smtp_provider_details_are_blocked" time="0.890" /><testcase classname="tests.test_sprint02_security" name="test_security_migration_rejects_legacy_cross_tenant_data_atomically" time="1.273" /><testcase classname="tests.test_sprint02_security" name="test_role_creation_and_audit_roll_back_together" time="0.891" /><testcase classname="tests.test_startup" name="test_production_startup_uses_secure_configuration" time="0.902" /><testcase classname="tests.test_startup" name="test_production_startup_rejects_missing_variables[None-DATABASE_URL]" time="0.805" /><testcase classname="tests.test_startup" name="test_production_startup_rejects_missing_variables[None-SECRET_KEY]" time="0.821" /><testcase classname="tests.test_startup" name="test_production_startup_rejects_missing_variables[None-JWT_SECRET_KEY]" time="1.020" /><testcase classname="tests.test_startup" name="test_production_startup_rejects_missing_variables[None-FIELD_ENCRYPTION_KEY]" time="0.875" /><testcase classname="tests.test_startup" name="test_production_startup_rejects_missing_variables[-DATABASE_URL]" time="0.997" /><testcase classname="tests.test_startup" name="test_production_startup_rejects_missing_variables[-SECRET_KEY]" time="0.870" /><testcase classname="tests.test_startup" name="test_production_startup_rejects_missing_variables[-JWT_SECRET_KEY]" time="0.804" /><testcase classname="tests.test_startup" name="test_production_startup_rejects_missing_variables[-FIELD_ENCRYPTION_KEY]" time="0.833" /><testcase classname="tests.test_startup" name="test_production_startup_rejects_each_weak_secret[SECRET_KEY]" time="0.909" /><testcase classname="tests.test_startup" name="test_production_startup_rejects_each_weak_secret[JWT_SECRET_KEY]" time="1.154" /><testcase classname="tests.test_startup" name="test_production_startup_rejects_each_weak_secret[FIELD_ENCRYPTION_KEY]" time="0.831" /><testcase classname="tests.test_startup" name="test_startup_rejects_unknown_environment[prod]" time="0.792" /><testcase classname="tests.test_startup" name="test_startup_rejects_unknown_environment[]" time="0.803" /><testcase classname="tests.test_startup" name="test_startup_rejects_unknown_environment[production-typo]" time="1.000" /><testcase classname="tests.test_startup" name="test_production_startup_rejects_invalid_database_without_leaking_url[sqlite:///production.db]" time="0.857" /><testcase classname="tests.test_startup" name="test_production_startup_rejects_invalid_database_without_leaking_url[mysql://unused:private-database-password@localhost/oceanblue]" time="0.874" /><testcase classname="tests.test_startup" name="test_production_startup_rejects_invalid_database_without_leaking_url[malformed-private-database-password]" time="0.790" /><testcase classname="tests.test_startup" name="test_production_startup_rejects_invalid_database_without_leaking_url[postgresql://unused:private-database-password@localhost:not-a-port/oceanblue]" time="0.801" /><testcase classname="tests.test_startup" name="test_production_rejects_unsafe_secret_and_attempt_configuration[overrides0]" time="0.774" /><testcase classname="tests.test_startup" name="test_production_rejects_unsafe_secret_and_attempt_configuration[overrides1]" time="0.787" /><testcase classname="tests.test_startup" name="test_production_rejects_unsafe_secret_and_attempt_configuration[overrides2]" time="0.873" /><testcase classname="tests.test_startup" name="test_production_rejects_unsafe_secret_and_attempt_configuration[overrides3]" time="0.835" /><testcase classname="tests.test_startup" name="test_production_rejects_unsafe_secret_and_attempt_configuration[overrides4]" time="0.808" /><testcase classname="tests.test_startup" name="test_production_rejects_unsafe_secret_and_attempt_configuration[overrides5]" time="0.827" /><testcase classname="tests.test_startup" name="test_production_rejects_unsafe_secret_and_attempt_configuration[overrides6]" time="0.813" /><testcase classname="tests.test_startup" name="test_production_rejects_unsafe_secret_and_attempt_configuration[overrides7]" time="0.969" /><testcase classname="tests.test_startup" name="test_production_rejects_unsafe_secret_and_attempt_configuration[overrides8]" time="0.824" /><testcase classname="tests.test_startup" name="test_production_rejects_unsafe_secret_and_attempt_configuration[overrides9]" time="0.870" /></testsuite></testsuites>