<?xml version="1.0" encoding="utf-8"?><testsuites name="pytest tests"><testsuite name="pytest" errors="0" failures="0" skipped="0" tests="72" time="1886.495" timestamp="2026-09-07T14:09:01.825497+00:00" hostname="4bf5b4308605"><testcase classname="tests.test_sprint07_browser" name="test_all_screens_navigation_accessibility_responsive[chromium-hubs-320]" time="23.810" /><testcase classname="tests.test_sprint07_browser" name="test_all_screens_navigation_accessibility_responsive[chromium-hubs-768]" time="16.682" /><testcase classname="tests.test_sprint07_browser" name="test_all_screens_navigation_accessibility_responsive[chromium-hubs-1440]" time="18.353" /><testcase classname="tests.test_sprint07_browser" name="test_all_screens_navigation_accessibility_responsive[chromium-cadastros-320]" time="16.016" /><testcase classname="tests.test_sprint07_browser" name="test_all_screens_navigation_accessibility_responsive[chromium-cadastros-768]" time="14.523" /><testcase classname="tests.test_sprint07_browser" name="test_all_screens_navigation_accessibility_responsive[chromium-cadastros-1440]" time="14.065" /><testcase classname="tests.test_sprint07_browser" name="test_all_screens_navigation_accessibility_responsive[chromium-stock-sales-320]" time="22.984" /><testcase classname="tests.test_sprint07_browser" name="test_all_screens_navigation_accessibility_responsive[chromium-stock-sales-768]" time="20.697" /><testcase classname="tests.test_sprint07_browser" name="test_all_screens_navigation_accessibility_responsive[chromium-stock-sales-1440]" time="19.801" /><testcase classname="tests.test_sprint07_browser" name="test_all_screens_navigation_accessibility_responsive[chromium-finance-320]" time="23.555" /><testcase classname="tests.test_sprint07_browser" name="test_all_screens_navigation_accessibility_responsive[chromium-finance-768]" time="22.273" /><testcase classname="tests.test_sprint07_browser" name="test_all_screens_navigation_accessibility_responsive[chromium-finance-1440]" time="22.119" /><testcase classname="tests.test_sprint07_browser" name="test_all_screens_navigation_accessibility_responsive[chromium-admin-320]" time="19.643" /><testcase classname="tests.test_sprint07_browser" name="test_all_screens_navigation_accessibility_responsive[chromium-admin-768]" time="17.068" /><testcase classname="tests.test_sprint07_browser" name="test_all_screens_navigation_accessibility_responsive[chromium-admin-1440]" time="19.536" /><testcase classname="tests.test_sprint07_browser" name="test_all_screens_navigation_accessibility_responsive[chromium-operations-320]" time="10.103" /><testcase classname="tests.test_sprint07_browser" name="test_all_screens_navigation_accessibility_responsive[chromium-operations-768]" time="10.064" /><testcase classname="tests.test_sprint07_browser" name="test_all_screens_navigation_accessibility_responsive[chromium-operations-1440]" time="9.926" /><testcase classname="tests.test_sprint07_browser" name="test_catalog_client_sale_stock_financial_audit_journey[chromium-390]" time="43.829" /><testcase classname="tests.test_sprint07_browser" name="test_catalog_client_sale_stock_financial_audit_journey[chromium-1440]" time="40.531" /><testcase classname="tests.test_sprint07_browser" name="test_admin_role_employee_and_restricted_login_journey[chromium-390]" time="20.963" /><testcase classname="tests.test_sprint07_browser" name="test_admin_role_employee_and_restricted_login_journey[chromium-1440]" time="23.997" /><testcase classname="tests.test_sprint07_browser" name="test_public_password_and_platform_provisioning_journey[chromium-390]" time="15.314" /><testcase classname="tests.test_sprint07_browser" name="test_public_password_and_platform_provisioning_journey[chromium-1440]" time="15.701" /><testcase classname="tests.test_sprint07_browser" name="test_all_screens_navigation_accessibility_responsive[firefox-hubs-320]" time="35.839" /><testcase classname="tests.test_sprint07_browser" name="test_all_screens_navigation_accessibility_responsive[firefox-hubs-768]" time="22.133" /><testcase classname="tests.test_sprint07_browser" name="test_all_screens_navigation_accessibility_responsive[firefox-hubs-1440]" time="20.169" /><testcase classname="tests.test_sprint07_browser" name="test_all_screens_navigation_accessibility_responsive[firefox-cadastros-320]" time="21.251" /><testcase classname="tests.test_sprint07_browser" name="test_all_screens_navigation_accessibility_responsive[firefox-cadastros-768]" time="16.876" /><testcase classname="tests.test_sprint07_browser" name="test_all_screens_navigation_accessibility_responsive[firefox-cadastros-1440]" time="16.819" /><testcase classname="tests.test_sprint07_browser" name="test_all_screens_navigation_accessibility_responsive[firefox-stock-sales-320]" time="25.526" /><testcase classname="tests.test_sprint07_browser" name="test_all_screens_navigation_accessibility_responsive[firefox-stock-sales-768]" time="29.811" /><testcase classname="tests.test_sprint07_browser" name="test_all_screens_navigation_accessibility_responsive[firefox-stock-sales-1440]" time="27.196" /><testcase classname="tests.test_sprint07_browser" name="test_all_screens_navigation_accessibility_responsive[firefox-finance-320]" time="28.380" /><testcase classname="tests.test_sprint07_browser" name="test_all_screens_navigation_accessibility_responsive[firefox-finance-768]" time="26.354" /><testcase classname="tests.test_sprint07_browser" name="test_all_screens_navigation_accessibility_responsive[firefox-finance-1440]" time="27.533" /><testcase classname="tests.test_sprint07_browser" name="test_all_screens_navigation_accessibility_responsive[firefox-admin-320]" time="23.329" /><testcase classname="tests.test_sprint07_browser" name="test_all_screens_navigation_accessibility_responsive[firefox-admin-768]" time="20.540" /><testcase classname="tests.test_sprint07_browser" name="test_all_screens_navigation_accessibility_responsive[firefox-admin-1440]" time="20.447" /><testcase classname="tests.test_sprint07_browser" name="test_all_screens_navigation_accessibility_responsive[firefox-operations-320]" time="14.549" /><testcase classname="tests.test_sprint07_browser" name="test_all_screens_navigation_accessibility_responsive[firefox-operations-768]" time="10.808" /><testcase classname="tests.test_sprint07_browser" name="test_all_screens_navigation_accessibility_responsive[firefox-operations-1440]" time="13.468" /><testcase classname="tests.test_sprint07_browser" name="test_catalog_client_sale_stock_financial_audit_journey[firefox-390]" time="45.980" /><testcase classname="tests.test_sprint07_browser" name="test_catalog_client_sale_stock_financial_audit_journey[firefox-1440]" time="48.293" /><testcase classname="tests.test_sprint07_browser" name="test_admin_role_employee_and_restricted_login_journey[firefox-390]" time="27.688" /><testcase classname="tests.test_sprint07_browser" name="test_admin_role_employee_and_restricted_login_journey[firefox-1440]" time="29.532" /><testcase classname="tests.test_sprint07_browser" name="test_public_password_and_platform_provisioning_journey[firefox-390]" time="26.633" /><testcase classname="tests.test_sprint07_browser" name="test_public_password_and_platform_provisioning_journey[firefox-1440]" time="19.717" /><testcase classname="tests.test_sprint07_browser" name="test_all_screens_navigation_accessibility_responsive[webkit-hubs-320]" time="41.146" /><testcase classname="tests.test_sprint07_browser" name="test_all_screens_navigation_accessibility_responsive[webkit-hubs-768]" time="24.891" /><testcase classname="tests.test_sprint07_browser" name="test_all_screens_navigation_accessibility_responsive[webkit-hubs-1440]" time="26.741" /><testcase classname="tests.test_sprint07_browser" name="test_all_screens_navigation_accessibility_responsive[webkit-cadastros-320]" time="26.939" /><testcase classname="tests.test_sprint07_browser" name="test_all_screens_navigation_accessibility_responsive[webkit-cadastros-768]" time="21.840" /><testcase classname="tests.test_sprint07_browser" name="test_all_screens_navigation_accessibility_responsive[webkit-cadastros-1440]" time="22.480" /><testcase classname="tests.test_sprint07_browser" name="test_all_screens_navigation_accessibility_responsive[webkit-stock-sales-320]" time="37.120" /><testcase classname="tests.test_sprint07_browser" name="test_all_screens_navigation_accessibility_responsive[webkit-stock-sales-768]" time="29.923" /><testcase classname="tests.test_sprint07_browser" name="test_all_screens_navigation_accessibility_responsive[webkit-stock-sales-1440]" time="30.026" /><testcase classname="tests.test_sprint07_browser" name="test_all_screens_navigation_accessibility_responsive[webkit-finance-320]" time="32.122" /><testcase classname="tests.test_sprint07_browser" name="test_all_screens_navigation_accessibility_responsive[webkit-finance-768]" time="42.043" /><testcase classname="tests.test_sprint07_browser" name="test_all_screens_navigation_accessibility_responsive[webkit-finance-1440]" time="37.624" /><testcase classname="tests.test_sprint07_browser" name="test_all_screens_navigation_accessibility_responsive[webkit-admin-320]" time="26.702" /><testcase classname="tests.test_sprint07_browser" name="test_all_screens_navigation_accessibility_responsive[webkit-admin-768]" time="29.680" /><testcase classname="tests.test_sprint07_browser" name="test_all_screens_navigation_accessibility_responsive[webkit-admin-1440]" time="29.205" /><testcase classname="tests.test_sprint07_browser" name="test_all_screens_navigation_accessibility_responsive[webkit-operations-320]" time="16.864" /><testcase classname="tests.test_sprint07_browser" name="test_all_screens_navigation_accessibility_responsive[webkit-operations-768]" time="17.556" /><testcase classname="tests.test_sprint07_browser" name="test_all_screens_navigation_accessibility_responsive[webkit-operations-1440]" time="16.053" /><testcase classname="tests.test_sprint07_browser" name="test_catalog_client_sale_stock_financial_audit_journey[webkit-390]" time="71.284" /><testcase classname="tests.test_sprint07_browser" name="test_catalog_client_sale_stock_financial_audit_journey[webkit-1440]" time="81.346" /><testcase classname="tests.test_sprint07_browser" name="test_admin_role_employee_and_restricted_login_journey[webkit-390]" time="35.844" /><testcase classname="tests.test_sprint07_browser" name="test_admin_role_employee_and_restricted_login_journey[webkit-1440]" time="43.769" /><testcase classname="tests.test_sprint07_browser" name="test_public_password_and_platform_provisioning_journey[webkit-390]" time="21.244" /><testcase classname="tests.test_sprint07_browser" name="test_public_password_and_platform_provisioning_journey[webkit-1440]" time="31.568" /></testsuite></testsuites>
