<?xml version="1.0" encoding="utf-8"?><testsuites name="pytest tests"><testsuite name="pytest" errors="0" failures="0" skipped="0" tests="72" time="2489.288" timestamp="2026-09-07T11:01:30.146235+00:00" hostname="82b645007cd4"><testcase classname="tests.test_sprint07_browser" name="test_all_screens_navigation_accessibility_responsive[chromium-hubs-320]" time="53.931" /><testcase classname="tests.test_sprint07_browser" name="test_all_screens_navigation_accessibility_responsive[chromium-hubs-768]" time="19.006" /><testcase classname="tests.test_sprint07_browser" name="test_all_screens_navigation_accessibility_responsive[chromium-hubs-1440]" time="19.617" /><testcase classname="tests.test_sprint07_browser" name="test_all_screens_navigation_accessibility_responsive[chromium-cadastros-320]" time="23.013" /><testcase classname="tests.test_sprint07_browser" name="test_all_screens_navigation_accessibility_responsive[chromium-cadastros-768]" time="19.315" /><testcase classname="tests.test_sprint07_browser" name="test_all_screens_navigation_accessibility_responsive[chromium-cadastros-1440]" time="20.283" /><testcase classname="tests.test_sprint07_browser" name="test_all_screens_navigation_accessibility_responsive[chromium-stock-sales-320]" time="30.507" /><testcase classname="tests.test_sprint07_browser" name="test_all_screens_navigation_accessibility_responsive[chromium-stock-sales-768]" time="37.725" /><testcase classname="tests.test_sprint07_browser" name="test_all_screens_navigation_accessibility_responsive[chromium-stock-sales-1440]" time="28.523" /><testcase classname="tests.test_sprint07_browser" name="test_all_screens_navigation_accessibility_responsive[chromium-finance-320]" time="34.721" /><testcase classname="tests.test_sprint07_browser" name="test_all_screens_navigation_accessibility_responsive[chromium-finance-768]" time="35.128" /><testcase classname="tests.test_sprint07_browser" name="test_all_screens_navigation_accessibility_responsive[chromium-finance-1440]" time="32.399" /><testcase classname="tests.test_sprint07_browser" name="test_all_screens_navigation_accessibility_responsive[chromium-admin-320]" time="32.349" /><testcase classname="tests.test_sprint07_browser" name="test_all_screens_navigation_accessibility_responsive[chromium-admin-768]" time="32.961" /><testcase classname="tests.test_sprint07_browser" name="test_all_screens_navigation_accessibility_responsive[chromium-admin-1440]" time="33.186" /><testcase classname="tests.test_sprint07_browser" name="test_all_screens_navigation_accessibility_responsive[chromium-operations-320]" time="20.407" /><testcase classname="tests.test_sprint07_browser" name="test_all_screens_navigation_accessibility_responsive[chromium-operations-768]" time="25.419" /><testcase classname="tests.test_sprint07_browser" name="test_all_screens_navigation_accessibility_responsive[chromium-operations-1440]" time="11.245" /><testcase classname="tests.test_sprint07_browser" name="test_catalog_client_sale_stock_financial_audit_journey[chromium-390]" time="54.371" /><testcase classname="tests.test_sprint07_browser" name="test_catalog_client_sale_stock_financial_audit_journey[chromium-1440]" time="100.411" /><testcase classname="tests.test_sprint07_browser" name="test_admin_role_employee_and_restricted_login_journey[chromium-390]" time="40.206" /><testcase classname="tests.test_sprint07_browser" name="test_admin_role_employee_and_restricted_login_journey[chromium-1440]" time="42.335" /><testcase classname="tests.test_sprint07_browser" name="test_public_password_and_platform_provisioning_journey[chromium-390]" time="42.302" /><testcase classname="tests.test_sprint07_browser" name="test_public_password_and_platform_provisioning_journey[chromium-1440]" time="47.524" /><testcase classname="tests.test_sprint07_browser" name="test_all_screens_navigation_accessibility_responsive[firefox-hubs-320]" time="94.626" /><testcase classname="tests.test_sprint07_browser" name="test_all_screens_navigation_accessibility_responsive[firefox-hubs-768]" time="35.879" /><testcase classname="tests.test_sprint07_browser" name="test_all_screens_navigation_accessibility_responsive[firefox-hubs-1440]" time="32.597" /><testcase classname="tests.test_sprint07_browser" name="test_all_screens_navigation_accessibility_responsive[firefox-cadastros-320]" time="36.986" /><testcase classname="tests.test_sprint07_browser" name="test_all_screens_navigation_accessibility_responsive[firefox-cadastros-768]" time="22.932" /><testcase classname="tests.test_sprint07_browser" name="test_all_screens_navigation_accessibility_responsive[firefox-cadastros-1440]" time="42.550" /><testcase classname="tests.test_sprint07_browser" name="test_all_screens_navigation_accessibility_responsive[firefox-stock-sales-320]" time="36.675" /><testcase classname="tests.test_sprint07_browser" name="test_all_screens_navigation_accessibility_responsive[firefox-stock-sales-768]" time="45.410" /><testcase classname="tests.test_sprint07_browser" name="test_all_screens_navigation_accessibility_responsive[firefox-stock-sales-1440]" time="44.963" /><testcase classname="tests.test_sprint07_browser" name="test_all_screens_navigation_accessibility_responsive[firefox-finance-320]" time="49.466" /><testcase classname="tests.test_sprint07_browser" name="test_all_screens_navigation_accessibility_responsive[firefox-finance-768]" time="48.381" /><testcase classname="tests.test_sprint07_browser" name="test_all_screens_navigation_accessibility_responsive[firefox-finance-1440]" time="79.337" /><testcase classname="tests.test_sprint07_browser" name="test_all_screens_navigation_accessibility_responsive[firefox-admin-320]" time="49.509" /><testcase classname="tests.test_sprint07_browser" name="test_all_screens_navigation_accessibility_responsive[firefox-admin-768]" time="45.479" /><testcase classname="tests.test_sprint07_browser" name="test_all_screens_navigation_accessibility_responsive[firefox-admin-1440]" time="40.539" /><testcase classname="tests.test_sprint07_browser" name="test_all_screens_navigation_accessibility_responsive[firefox-operations-320]" time="31.710" /><testcase classname="tests.test_sprint07_browser" name="test_all_screens_navigation_accessibility_responsive[firefox-operations-768]" time="13.515" /><testcase classname="tests.test_sprint07_browser" name="test_all_screens_navigation_accessibility_responsive[firefox-operations-1440]" time="13.116" /><testcase classname="tests.test_sprint07_browser" name="test_catalog_client_sale_stock_financial_audit_journey[firefox-390]" time="88.714" /><testcase classname="tests.test_sprint07_browser" name="test_catalog_client_sale_stock_financial_audit_journey[firefox-1440]" time="71.509" /><testcase classname="tests.test_sprint07_browser" name="test_admin_role_employee_and_restricted_login_journey[firefox-390]" time="27.161" /><testcase classname="tests.test_sprint07_browser" name="test_admin_role_employee_and_restricted_login_journey[firefox-1440]" time="27.205" /><testcase classname="tests.test_sprint07_browser" name="test_public_password_and_platform_provisioning_journey[firefox-390]" time="36.216" /><testcase classname="tests.test_sprint07_browser" name="test_public_password_and_platform_provisioning_journey[firefox-1440]" time="27.112" /><testcase classname="tests.test_sprint07_browser" name="test_all_screens_navigation_accessibility_responsive[webkit-hubs-320]" time="34.529" /><testcase classname="tests.test_sprint07_browser" name="test_all_screens_navigation_accessibility_responsive[webkit-hubs-768]" time="16.262" /><testcase classname="tests.test_sprint07_browser" name="test_all_screens_navigation_accessibility_responsive[webkit-hubs-1440]" time="24.517" /><testcase classname="tests.test_sprint07_browser" name="test_all_screens_navigation_accessibility_responsive[webkit-cadastros-320]" time="20.164" /><testcase classname="tests.test_sprint07_browser" name="test_all_screens_navigation_accessibility_responsive[webkit-cadastros-768]" time="17.685" /><testcase classname="tests.test_sprint07_browser" name="test_all_screens_navigation_accessibility_responsive[webkit-cadastros-1440]" time="21.992" /><testcase classname="tests.test_sprint07_browser" name="test_all_screens_navigation_accessibility_responsive[webkit-stock-sales-320]" time="34.742" /><testcase classname="tests.test_sprint07_browser" name="test_all_screens_navigation_accessibility_responsive[webkit-stock-sales-768]" time="26.402" /><testcase classname="tests.test_sprint07_browser" name="test_all_screens_navigation_accessibility_responsive[webkit-stock-sales-1440]" time="23.016" /><testcase classname="tests.test_sprint07_browser" name="test_all_screens_navigation_accessibility_responsive[webkit-finance-320]" time="27.104" /><testcase classname="tests.test_sprint07_browser" name="test_all_screens_navigation_accessibility_responsive[webkit-finance-768]" time="23.046" /><testcase classname="tests.test_sprint07_browser" name="test_all_screens_navigation_accessibility_responsive[webkit-finance-1440]" time="24.514" /><testcase classname="tests.test_sprint07_browser" name="test_all_screens_navigation_accessibility_responsive[webkit-admin-320]" time="22.079" /><testcase classname="tests.test_sprint07_browser" name="test_all_screens_navigation_accessibility_responsive[webkit-admin-768]" time="25.084" /><testcase classname="tests.test_sprint07_browser" name="test_all_screens_navigation_accessibility_responsive[webkit-admin-1440]" time="22.051" /><testcase classname="tests.test_sprint07_browser" name="test_all_screens_navigation_accessibility_responsive[webkit-operations-320]" time="14.397" /><testcase classname="tests.test_sprint07_browser" name="test_all_screens_navigation_accessibility_responsive[webkit-operations-768]" time="14.316" /><testcase classname="tests.test_sprint07_browser" name="test_all_screens_navigation_accessibility_responsive[webkit-operations-1440]" time="11.380" /><testcase classname="tests.test_sprint07_browser" name="test_catalog_client_sale_stock_financial_audit_journey[webkit-390]" time="50.127" /><testcase classname="tests.test_sprint07_browser" name="test_catalog_client_sale_stock_financial_audit_journey[webkit-1440]" time="54.560" /><testcase classname="tests.test_sprint07_browser" name="test_admin_role_employee_and_restricted_login_journey[webkit-390]" time="22.783" /><testcase classname="tests.test_sprint07_browser" name="test_admin_role_employee_and_restricted_login_journey[webkit-1440]" time="29.260" /><testcase classname="tests.test_sprint07_browser" name="test_public_password_and_platform_provisioning_journey[webkit-390]" time="16.714" /><testcase classname="tests.test_sprint07_browser" name="test_public_password_and_platform_provisioning_journey[webkit-1440]" time="22.645" /></testsuite></testsuites>
