<?xml version="1.0" encoding="utf-8"?><testsuites><testsuite name="pytest" errors="0" failures="0" skipped="0" tests="2" time="43.712" timestamp="2026-09-07T07:37:29.447308+00:00" hostname="6159bf0ef9ce"><testcase classname="tests.test_sprint06_browser_adversarial" name="test_keyboard_skip_link_reaches_operational_controls[auditoria]" time="25.953" /><testcase classname="tests.test_sprint06_browser_adversarial" name="test_keyboard_skip_link_reaches_operational_controls[operacoes]" time="16.464" /></testsuite></testsuites>