<?xml version="1.0" encoding="utf-8"?><testsuites name="pytest tests"><testsuite name="pytest" errors="0" failures="0" skipped="0" tests="72" time="1311.993" timestamp="2026-09-08T06:51:35.654184+00:00" hostname="4624cf618f1b"><testcase classname="tests.test_sprint07_browser" name="test_all_screens_navigation_accessibility_responsive[chromium-hubs-320]" time="17.230" /><testcase classname="tests.test_sprint07_browser" name="test_all_screens_navigation_accessibility_responsive[chromium-hubs-768]" time="11.378" /><testcase classname="tests.test_sprint07_browser" name="test_all_screens_navigation_accessibility_responsive[chromium-hubs-1440]" time="13.842" /><testcase classname="tests.test_sprint07_browser" name="test_all_screens_navigation_accessibility_responsive[chromium-cadastros-320]" time="11.772" /><testcase classname="tests.test_sprint07_browser" name="test_all_screens_navigation_accessibility_responsive[chromium-cadastros-768]" time="10.112" /><testcase classname="tests.test_sprint07_browser" name="test_all_screens_navigation_accessibility_responsive[chromium-cadastros-1440]" time="10.723" /><testcase classname="tests.test_sprint07_browser" name="test_all_screens_navigation_accessibility_responsive[chromium-stock-sales-320]" time="16.014" /><testcase classname="tests.test_sprint07_browser" name="test_all_screens_navigation_accessibility_responsive[chromium-stock-sales-768]" time="15.265" /><testcase classname="tests.test_sprint07_browser" name="test_all_screens_navigation_accessibility_responsive[chromium-stock-sales-1440]" time="14.896" /><testcase classname="tests.test_sprint07_browser" name="test_all_screens_navigation_accessibility_responsive[chromium-finance-320]" time="16.731" /><testcase classname="tests.test_sprint07_browser" name="test_all_screens_navigation_accessibility_responsive[chromium-finance-768]" time="17.327" /><testcase classname="tests.test_sprint07_browser" name="test_all_screens_navigation_accessibility_responsive[chromium-finance-1440]" time="16.414" /><testcase classname="tests.test_sprint07_browser" name="test_all_screens_navigation_accessibility_responsive[chromium-admin-320]" time="14.370" /><testcase classname="tests.test_sprint07_browser" name="test_all_screens_navigation_accessibility_responsive[chromium-admin-768]" time="13.337" /><testcase classname="tests.test_sprint07_browser" name="test_all_screens_navigation_accessibility_responsive[chromium-admin-1440]" time="14.529" /><testcase classname="tests.test_sprint07_browser" name="test_all_screens_navigation_accessibility_responsive[chromium-operations-320]" time="7.743" /><testcase classname="tests.test_sprint07_browser" name="test_all_screens_navigation_accessibility_responsive[chromium-operations-768]" time="7.801" /><testcase classname="tests.test_sprint07_browser" name="test_all_screens_navigation_accessibility_responsive[chromium-operations-1440]" time="7.788" /><testcase classname="tests.test_sprint07_browser" name="test_catalog_client_sale_stock_financial_audit_journey[chromium-390]" time="28.974" /><testcase classname="tests.test_sprint07_browser" name="test_catalog_client_sale_stock_financial_audit_journey[chromium-1440]" time="26.820" /><testcase classname="tests.test_sprint07_browser" name="test_admin_role_employee_and_restricted_login_journey[chromium-390]" time="16.094" /><testcase classname="tests.test_sprint07_browser" name="test_admin_role_employee_and_restricted_login_journey[chromium-1440]" time="17.230" /><testcase classname="tests.test_sprint07_browser" name="test_public_password_and_platform_provisioning_journey[chromium-390]" time="13.219" /><testcase classname="tests.test_sprint07_browser" name="test_public_password_and_platform_provisioning_journey[chromium-1440]" time="12.511" /><testcase classname="tests.test_sprint07_browser" name="test_all_screens_navigation_accessibility_responsive[firefox-hubs-320]" time="25.686" /><testcase classname="tests.test_sprint07_browser" name="test_all_screens_navigation_accessibility_responsive[firefox-hubs-768]" time="14.920" /><testcase classname="tests.test_sprint07_browser" name="test_all_screens_navigation_accessibility_responsive[firefox-hubs-1440]" time="15.160" /><testcase classname="tests.test_sprint07_browser" name="test_all_screens_navigation_accessibility_responsive[firefox-cadastros-320]" time="13.399" /><testcase classname="tests.test_sprint07_browser" name="test_all_screens_navigation_accessibility_responsive[firefox-cadastros-768]" time="12.790" /><testcase classname="tests.test_sprint07_browser" name="test_all_screens_navigation_accessibility_responsive[firefox-cadastros-1440]" time="12.538" /><testcase classname="tests.test_sprint07_browser" name="test_all_screens_navigation_accessibility_responsive[firefox-stock-sales-320]" time="17.085" /><testcase classname="tests.test_sprint07_browser" name="test_all_screens_navigation_accessibility_responsive[firefox-stock-sales-768]" time="16.402" /><testcase classname="tests.test_sprint07_browser" name="test_all_screens_navigation_accessibility_responsive[firefox-stock-sales-1440]" time="15.449" /><testcase classname="tests.test_sprint07_browser" name="test_all_screens_navigation_accessibility_responsive[firefox-finance-320]" time="19.807" /><testcase classname="tests.test_sprint07_browser" name="test_all_screens_navigation_accessibility_responsive[firefox-finance-768]" time="20.695" /><testcase classname="tests.test_sprint07_browser" name="test_all_screens_navigation_accessibility_responsive[firefox-finance-1440]" time="18.464" /><testcase classname="tests.test_sprint07_browser" name="test_all_screens_navigation_accessibility_responsive[firefox-admin-320]" time="16.200" /><testcase classname="tests.test_sprint07_browser" name="test_all_screens_navigation_accessibility_responsive[firefox-admin-768]" time="13.891" /><testcase classname="tests.test_sprint07_browser" name="test_all_screens_navigation_accessibility_responsive[firefox-admin-1440]" time="16.045" /><testcase classname="tests.test_sprint07_browser" name="test_all_screens_navigation_accessibility_responsive[firefox-operations-320]" time="8.379" /><testcase classname="tests.test_sprint07_browser" name="test_all_screens_navigation_accessibility_responsive[firefox-operations-768]" time="7.756" /><testcase classname="tests.test_sprint07_browser" name="test_all_screens_navigation_accessibility_responsive[firefox-operations-1440]" time="8.079" /><testcase classname="tests.test_sprint07_browser" name="test_catalog_client_sale_stock_financial_audit_journey[firefox-390]" time="32.029" /><testcase classname="tests.test_sprint07_browser" name="test_catalog_client_sale_stock_financial_audit_journey[firefox-1440]" time="31.514" /><testcase classname="tests.test_sprint07_browser" name="test_admin_role_employee_and_restricted_login_journey[firefox-390]" time="18.110" /><testcase classname="tests.test_sprint07_browser" name="test_admin_role_employee_and_restricted_login_journey[firefox-1440]" time="19.785" /><testcase classname="tests.test_sprint07_browser" name="test_public_password_and_platform_provisioning_journey[firefox-390]" time="15.414" /><testcase classname="tests.test_sprint07_browser" name="test_public_password_and_platform_provisioning_journey[firefox-1440]" time="15.874" /><testcase classname="tests.test_sprint07_browser" name="test_all_screens_navigation_accessibility_responsive[webkit-hubs-320]" time="30.971" /><testcase classname="tests.test_sprint07_browser" name="test_all_screens_navigation_accessibility_responsive[webkit-hubs-768]" time="18.290" /><testcase classname="tests.test_sprint07_browser" name="test_all_screens_navigation_accessibility_responsive[webkit-hubs-1440]" time="25.810" /><testcase classname="tests.test_sprint07_browser" name="test_all_screens_navigation_accessibility_responsive[webkit-cadastros-320]" time="19.838" /><testcase classname="tests.test_sprint07_browser" name="test_all_screens_navigation_accessibility_responsive[webkit-cadastros-768]" time="18.140" /><testcase classname="tests.test_sprint07_browser" name="test_all_screens_navigation_accessibility_responsive[webkit-cadastros-1440]" time="13.517" /><testcase classname="tests.test_sprint07_browser" name="test_all_screens_navigation_accessibility_responsive[webkit-stock-sales-320]" time="22.053" /><testcase classname="tests.test_sprint07_browser" name="test_all_screens_navigation_accessibility_responsive[webkit-stock-sales-768]" time="21.825" /><testcase classname="tests.test_sprint07_browser" name="test_all_screens_navigation_accessibility_responsive[webkit-stock-sales-1440]" time="23.045" /><testcase classname="tests.test_sprint07_browser" name="test_all_screens_navigation_accessibility_responsive[webkit-finance-320]" time="22.994" /><testcase classname="tests.test_sprint07_browser" name="test_all_screens_navigation_accessibility_responsive[webkit-finance-768]" time="23.937" /><testcase classname="tests.test_sprint07_browser" name="test_all_screens_navigation_accessibility_responsive[webkit-finance-1440]" time="22.106" /><testcase classname="tests.test_sprint07_browser" name="test_all_screens_navigation_accessibility_responsive[webkit-admin-320]" time="21.720" /><testcase classname="tests.test_sprint07_browser" name="test_all_screens_navigation_accessibility_responsive[webkit-admin-768]" time="24.046" /><testcase classname="tests.test_sprint07_browser" name="test_all_screens_navigation_accessibility_responsive[webkit-admin-1440]" time="21.606" /><testcase classname="tests.test_sprint07_browser" name="test_all_screens_navigation_accessibility_responsive[webkit-operations-320]" time="11.496" /><testcase classname="tests.test_sprint07_browser" name="test_all_screens_navigation_accessibility_responsive[webkit-operations-768]" time="10.701" /><testcase classname="tests.test_sprint07_browser" name="test_all_screens_navigation_accessibility_responsive[webkit-operations-1440]" time="10.611" /><testcase classname="tests.test_sprint07_browser" name="test_catalog_client_sale_stock_financial_audit_journey[webkit-390]" time="39.563" /><testcase classname="tests.test_sprint07_browser" name="test_catalog_client_sale_stock_financial_audit_journey[webkit-1440]" time="54.701" /><testcase classname="tests.test_sprint07_browser" name="test_admin_role_employee_and_restricted_login_journey[webkit-390]" time="27.337" /><testcase classname="tests.test_sprint07_browser" name="test_admin_role_employee_and_restricted_login_journey[webkit-1440]" time="29.474" /><testcase classname="tests.test_sprint07_browser" name="test_public_password_and_platform_provisioning_journey[webkit-390]" time="17.643" /><testcase classname="tests.test_sprint07_browser" name="test_public_password_and_platform_provisioning_journey[webkit-1440]" time="22.513" /></testsuite></testsuites>