<?xml version="1.0" encoding="utf-8"?><testsuites><testsuite name="pytest" errors="0" failures="0" skipped="0" tests="26" time="358.947" timestamp="2026-09-07T07:38:53.292793+00:00" hostname="30ced0eed535"><testcase classname="tests.test_sprint06_browser" name="test_mobile_accessibility_and_local_assets[/api/auditoria/view]" time="22.039" /><testcase classname="tests.test_sprint06_browser" name="test_mobile_accessibility_and_local_assets[/api/operacoes/view]" time="14.834" /><testcase classname="tests.test_sprint06_browser" name="test_mobile_accessibility_and_local_assets[/api/pdv/view]" time="13.247" /><testcase classname="tests.test_sprint06_browser" name="test_mobile_accessibility_and_local_assets[/api/financeiro/view]" time="11.422" /><testcase classname="tests.test_sprint06_browser" name="test_mobile_accessibility_and_local_assets[/api/estoque/view]" time="15.701" /><testcase classname="tests.test_sprint06_browser" name="test_mobile_sale_retry_and_reversal" time="29.895" /><testcase classname="tests.test_sprint06_browser_adversarial" name="test_mobile_sidebar_keyboard_round_trip[auditoria]" time="11.166" /><testcase classname="tests.test_sprint06_browser_adversarial" name="test_mobile_sidebar_keyboard_round_trip[operacoes]" time="14.720" /><testcase classname="tests.test_sprint06_browser_adversarial" name="test_mobile_sidebar_focus_fits_viewport[auditoria-320]" time="15.447" /><testcase classname="tests.test_sprint06_browser_adversarial" name="test_mobile_sidebar_focus_fits_viewport[auditoria-390]" time="13.981" /><testcase classname="tests.test_sprint06_browser_adversarial" name="test_mobile_sidebar_focus_fits_viewport[auditoria-767]" time="12.367" /><testcase classname="tests.test_sprint06_browser_adversarial" name="test_mobile_sidebar_focus_fits_viewport[operacoes-320]" time="12.064" /><testcase classname="tests.test_sprint06_browser_adversarial" name="test_mobile_sidebar_focus_fits_viewport[operacoes-390]" time="10.344" /><testcase classname="tests.test_sprint06_browser_adversarial" name="test_mobile_sidebar_focus_fits_viewport[operacoes-767]" time="11.792" /><testcase classname="tests.test_sprint06_browser_adversarial" name="test_sidebar_focus_survives_breakpoint_changes[auditoria]" time="13.808" /><testcase classname="tests.test_sprint06_browser_adversarial" name="test_sidebar_focus_survives_breakpoint_changes[operacoes]" time="12.390" /><testcase classname="tests.test_sprint06_browser_adversarial" name="test_persisted_mobile_sidebar_receives_focus[auditoria]" time="11.618" /><testcase classname="tests.test_sprint06_browser_adversarial" name="test_persisted_mobile_sidebar_receives_focus[operacoes]" time="10.190" /><testcase classname="tests.test_sprint06_browser_adversarial" name="test_user_disclosure_escape_and_tab_dismissal[auditoria-390]" time="7.842" /><testcase classname="tests.test_sprint06_browser_adversarial" name="test_user_disclosure_escape_and_tab_dismissal[auditoria-1440]" time="11.671" /><testcase classname="tests.test_sprint06_browser_adversarial" name="test_user_disclosure_escape_and_tab_dismissal[operacoes-390]" time="7.988" /><testcase classname="tests.test_sprint06_browser_adversarial" name="test_user_disclosure_escape_and_tab_dismissal[operacoes-1440]" time="13.523" /><testcase classname="tests.test_sprint06_browser_adversarial" name="test_keyboard_skip_link_reaches_operational_controls[auditoria]" time="9.461" /><testcase classname="tests.test_sprint06_browser_adversarial" name="test_keyboard_skip_link_reaches_operational_controls[operacoes]" time="10.846" /><testcase classname="tests.test_sprint06_browser_adversarial" name="test_cold_assets_local_and_loaded_page_offline_recovery[auditoria]" time="22.119" /><testcase classname="tests.test_sprint06_browser_adversarial" name="test_cold_assets_local_and_loaded_page_offline_recovery[operacoes]" time="17.356" /></testsuite></testsuites>