============================= test session starts ==============================
platform linux -- Python 3.12.12, pytest-8.3.5, pluggy-1.6.0 -- /usr/local/bin/python
rootdir: /app
configfile: pytest.ini
plugins: cov-6.1.1
collecting ... collected 26 items

tests/test_sprint06_browser.py::test_mobile_accessibility_and_local_assets[/api/auditoria/view] PASSED [  3%]
tests/test_sprint06_browser.py::test_mobile_accessibility_and_local_assets[/api/operacoes/view] PASSED [  7%]
tests/test_sprint06_browser.py::test_mobile_accessibility_and_local_assets[/api/pdv/view] PASSED [ 11%]
tests/test_sprint06_browser.py::test_mobile_accessibility_and_local_assets[/api/financeiro/view] PASSED [ 15%]
tests/test_sprint06_browser.py::test_mobile_accessibility_and_local_assets[/api/estoque/view] PASSED [ 19%]
tests/test_sprint06_browser.py::test_mobile_sale_retry_and_reversal PASSED [ 23%]
tests/test_sprint06_browser_adversarial.py::test_mobile_sidebar_keyboard_round_trip[auditoria] PASSED [ 26%]
tests/test_sprint06_browser_adversarial.py::test_mobile_sidebar_keyboard_round_trip[operacoes] PASSED [ 30%]
tests/test_sprint06_browser_adversarial.py::test_mobile_sidebar_focus_fits_viewport[auditoria-320] PASSED [ 34%]
tests/test_sprint06_browser_adversarial.py::test_mobile_sidebar_focus_fits_viewport[auditoria-390] PASSED [ 38%]
tests/test_sprint06_browser_adversarial.py::test_mobile_sidebar_focus_fits_viewport[auditoria-767] PASSED [ 42%]
tests/test_sprint06_browser_adversarial.py::test_mobile_sidebar_focus_fits_viewport[operacoes-320] PASSED [ 46%]
tests/test_sprint06_browser_adversarial.py::test_mobile_sidebar_focus_fits_viewport[operacoes-390] PASSED [ 50%]
tests/test_sprint06_browser_adversarial.py::test_mobile_sidebar_focus_fits_viewport[operacoes-767] PASSED [ 53%]
tests/test_sprint06_browser_adversarial.py::test_sidebar_focus_survives_breakpoint_changes[auditoria] PASSED [ 57%]
tests/test_sprint06_browser_adversarial.py::test_sidebar_focus_survives_breakpoint_changes[operacoes] PASSED [ 61%]
tests/test_sprint06_browser_adversarial.py::test_persisted_mobile_sidebar_receives_focus[auditoria] PASSED [ 65%]
tests/test_sprint06_browser_adversarial.py::test_persisted_mobile_sidebar_receives_focus[operacoes] PASSED [ 69%]
tests/test_sprint06_browser_adversarial.py::test_user_disclosure_escape_and_tab_dismissal[auditoria-390] PASSED [ 73%]
tests/test_sprint06_browser_adversarial.py::test_user_disclosure_escape_and_tab_dismissal[auditoria-1440] PASSED [ 76%]
tests/test_sprint06_browser_adversarial.py::test_user_disclosure_escape_and_tab_dismissal[operacoes-390] PASSED [ 80%]
tests/test_sprint06_browser_adversarial.py::test_user_disclosure_escape_and_tab_dismissal[operacoes-1440] PASSED [ 84%]
tests/test_sprint06_browser_adversarial.py::test_keyboard_skip_link_reaches_operational_controls[auditoria] PASSED [ 88%]
tests/test_sprint06_browser_adversarial.py::test_keyboard_skip_link_reaches_operational_controls[operacoes] PASSED [ 92%]
tests/test_sprint06_browser_adversarial.py::test_cold_assets_local_and_loaded_page_offline_recovery[auditoria] PASSED [ 96%]
tests/test_sprint06_browser_adversarial.py::test_cold_assets_local_and_loaded_page_offline_recovery[operacoes] PASSED [100%]

---------------------- generated xml file: /tmp/junit.xml ----------------------
======================== 26 passed in 358.97s (0:05:58) ========================
