<?xml version="1.0" encoding="utf-8"?><testsuites><testsuite name="pytest" errors="0" failures="0" skipped="0" tests="547" time="1251.375" timestamp="2026-09-07T05:21:47.596878+00:00" hostname="183443c885df"><testcase classname="tests.test_boleto_service" name="test_calcular_juros_multa_aplica_regra_basica" time="0.326" /><testcase classname="tests.test_boleto_service" name="test_recalcular_juros_multa_nao_reaplica_total_de_forma_cumulativa" time="0.002" /><testcase classname="tests.test_boleto_service" name="test_registrar_boleto_atualiza_status_bancario_e_preserva_status_interno" time="0.479" /><testcase classname="tests.test_fluxo_pdv_financeiro.FluxoPdvFinanceiroTestCase" name="test_adiantamento_em_produto_baixa_estoque_e_gera_financeiro" time="1.891" /><testcase classname="tests.test_fluxo_pdv_financeiro.FluxoPdvFinanceiroTestCase" name="test_alerta_email_estoque_dispara_ao_atingir_minimo" time="1.411" /><testcase classname="tests.test_fluxo_pdv_financeiro.FluxoPdvFinanceiroTestCase" name="test_alerta_email_estoque_respeita_cooldown_e_reenvia_em_novo_status" time="1.856" /><testcase classname="tests.test_fluxo_pdv_financeiro.FluxoPdvFinanceiroTestCase" name="test_busca_produto_por_codigo_barras_no_pdv" time="1.098" /><testcase classname="tests.test_fluxo_pdv_financeiro.FluxoPdvFinanceiroTestCase" name="test_cancelamento_de_movimento_manual_reverte_saldo" time="1.181" /><testcase classname="tests.test_fluxo_pdv_financeiro.FluxoPdvFinanceiroTestCase" name="test_cancelamento_parcial_de_item_reverte_estoque_e_ajusta_cashback" time="1.802" /><testcase classname="tests.test_fluxo_pdv_financeiro.FluxoPdvFinanceiroTestCase" name="test_cancelamento_reverte_estoque_e_financeiro" time="1.459" /><testcase classname="tests.test_fluxo_pdv_financeiro.FluxoPdvFinanceiroTestCase" name="test_cashback_respeita_limite_percentual_de_resgate_por_venda" time="1.332" /><testcase classname="tests.test_fluxo_pdv_financeiro.FluxoPdvFinanceiroTestCase" name="test_cliente_sem_vendas_serializa_total_zero" time="1.002" /><testcase classname="tests.test_fluxo_pdv_financeiro.FluxoPdvFinanceiroTestCase" name="test_configuracao_cliente_preserva_senha_existente_quando_campo_nao_e_enviado" time="1.205" /><testcase classname="tests.test_fluxo_pdv_financeiro.FluxoPdvFinanceiroTestCase" name="test_disparo_coletivo_envia_apenas_para_clientes_elegiveis" time="1.156" /><testcase classname="tests.test_fluxo_pdv_financeiro.FluxoPdvFinanceiroTestCase" name="test_emissao_fiscal_gera_numero_chave_xml_e_incrementa_numeracao" time="1.587" /><testcase classname="tests.test_fluxo_pdv_financeiro.FluxoPdvFinanceiroTestCase" name="test_lancamento_manual_e_fechamento" time="1.702" /><testcase classname="tests.test_fluxo_pdv_financeiro.FluxoPdvFinanceiroTestCase" name="test_listagem_de_fechamentos_retorna_operador_e_diferenca" time="1.569" /><testcase classname="tests.test_fluxo_pdv_financeiro.FluxoPdvFinanceiroTestCase" name="test_normalizacao_de_senha_app_do_gmail_remove_espacos" time="0.945" /><testcase classname="tests.test_fluxo_pdv_financeiro.FluxoPdvFinanceiroTestCase" name="test_prevalidacao_fiscal_aponta_pendencias_sem_configuracao" time="1.281" /><testcase classname="tests.test_fluxo_pdv_financeiro.FluxoPdvFinanceiroTestCase" name="test_prevalidacao_fiscal_fica_pronta_com_base_minima_preenchida" time="1.448" /><testcase classname="tests.test_fluxo_pdv_financeiro.FluxoPdvFinanceiroTestCase" name="test_relatorio_produtos_mais_vendidos_consolida_itens_do_pdv" time="1.327" /><testcase classname="tests.test_fluxo_pdv_financeiro.FluxoPdvFinanceiroTestCase" name="test_resumo_folha_considera_adiantamento_em_dinheiro" time="1.245" /><testcase classname="tests.test_fluxo_pdv_financeiro.FluxoPdvFinanceiroTestCase" name="test_template_html_do_email_de_venda_usa_identidade_oceanblue" time="1.089" /><testcase classname="tests.test_fluxo_pdv_financeiro.FluxoPdvFinanceiroTestCase" name="test_teste_configuracao_empresa_usa_payload_informado_sem_persistir" time="0.878" /><testcase classname="tests.test_fluxo_pdv_financeiro.FluxoPdvFinanceiroTestCase" name="test_venda_automatica_aplica_preco_atacado_ao_atingir_quantidade_minima" time="1.214" /><testcase classname="tests.test_fluxo_pdv_financeiro.FluxoPdvFinanceiroTestCase" name="test_venda_baixa_estoque_e_gera_financeiro" time="0.992" /><testcase classname="tests.test_fluxo_pdv_financeiro.FluxoPdvFinanceiroTestCase" name="test_venda_com_cliente_envia_email_automatico_e_registra_cashback" time="1.010" /><testcase classname="tests.test_fluxo_pdv_financeiro.FluxoPdvFinanceiroTestCase" name="test_venda_com_cliente_gera_cashback_e_historico" time="1.058" /><testcase classname="tests.test_fluxo_pdv_financeiro.FluxoPdvFinanceiroTestCase" name="test_venda_em_atacado_exige_quantidade_minima_configurada" time="0.978" /><testcase classname="tests.test_fluxo_pdv_financeiro.FluxoPdvFinanceiroTestCase" name="test_venda_permanece_finalizada_quando_email_automatico_falha" time="1.067" /><testcase classname="tests.test_fluxo_pdv_financeiro.FluxoPdvFinanceiroTestCase" name="test_venda_pode_desativar_cashback_sem_afetar_carteira_existente" time="1.278" /><testcase classname="tests.test_import_export.ImportExportServiceTestCase" name="test_exportacao_de_produtos_retorna_linha_com_empresa_e_valores" time="1.084" /><testcase classname="tests.test_import_export.ImportExportServiceTestCase" name="test_importacao_de_produto_cria_categoria_e_vinculo_por_empresa" time="0.864" /><testcase classname="tests.test_import_export.ImportExportServiceTestCase" name="test_template_produtos_contem_abas_e_headers_esperados" time="0.688" /><testcase classname="tests.test_integracoes_sprint4" name="test_asaas_provider_cria_cliente_e_cobranca_boleto" time="0.004" /><testcase classname="tests.test_integracoes_sprint4" name="test_focus_provider_emite_nfce_com_ref_idempotente" time="0.002" /><testcase classname="tests.test_permission_hierarchy.PermissionHierarchyTestCase" name="test_dependencia_em_cadeia_remove_filhos_orfaos" time="0.001" /><testcase classname="tests.test_permission_hierarchy.PermissionHierarchyTestCase" name="test_financeiro_relatorio_depende_do_geral" time="0.001" /><testcase classname="tests.test_permission_hierarchy.PermissionHierarchyTestCase" name="test_todas_as_permissions_padrao_estao_cobertas_no_catalogo" time="0.005" /><testcase classname="tests.test_permissions_security.PermissionsSecurityTestCase" name="test_admin_recebe_novas_permissoes_por_padrao" time="0.965" /><testcase classname="tests.test_permissions_security.PermissionsSecurityTestCase" name="test_authenticated_write_requires_csrf_token" time="1.295" /><testcase classname="tests.test_permissions_security.PermissionsSecurityTestCase" name="test_bootstrap_nao_reaplica_permissoes_removidas_da_role_existente" time="0.795" /><testcase classname="tests.test_permissions_security.PermissionsSecurityTestCase" name="test_login_nao_renderiza_configuracoes_e_bloqueia_url_direta" time="0.976" /><testcase classname="tests.test_permissions_security.PermissionsSecurityTestCase" name="test_login_nao_renderiza_financeiro_e_bloqueia_url_direta" time="1.187" /><testcase classname="tests.test_permissions_security.PermissionsSecurityTestCase" name="test_login_registra_auditoria_e_headers_de_seguranca" time="0.898" /><testcase classname="tests.test_permissions_security.PermissionsSecurityTestCase" name="test_rate_limit_bloqueia_excesso_de_tentativas_de_login" time="1.953" /><testcase classname="tests.test_permissions_security.PermissionsSecurityTestCase" name="test_trial_expirado_bloqueia_modulos_do_tenant" time="1.285" /><testcase classname="tests.test_produto_service.ProdutoServiceTestCase" name="test_criar_produto_gera_codigo_barras_ean13_quando_vazio" time="1.004" /><testcase classname="tests.test_produto_service.ProdutoServiceTestCase" name="test_limite_de_produtos_do_plano_bloqueia_novo_cadastro" time="0.858" /><testcase classname="tests.test_produto_service.ProdutoServiceTestCase" name="test_listar_categorias_retorna_categoria_sem_produto_vinculado" time="0.931" /><testcase classname="tests.test_runtime" name="test_test_environment_rejects_non_test_database[sqlite:///production.db]" time="0.002" /><testcase classname="tests.test_runtime" name="test_test_environment_rejects_non_test_database[postgresql://user:password@localhost/oceanblue]" time="0.001" /><testcase classname="tests.test_runtime" name="test_test_environment_rejects_non_test_database[]" time="0.001" /><testcase classname="tests.test_runtime" name="test_testing_config_rejects_production_database" time="0.002" /><testcase classname="tests.test_runtime" name="test_production_requires_secrets" time="0.001" /><testcase classname="tests.test_runtime" name="test_production_rejects_short_secrets" time="0.001" /><testcase classname="tests.test_runtime" name="test_test_app_preserves_csrf_and_disables_debug" time="0.107" /><testcase classname="tests.test_runtime" name="test_external_network_is_blocked" time="0.002" /><testcase classname="tests.test_runtime" name="test_health_and_readiness_on_migrated_postgresql" time="0.140" /><testcase classname="tests.test_runtime" name="test_readiness_fails_without_leaking_database_details" time="0.106" /><testcase classname="tests.test_schema" name="test_migrated_schema_matches_model_types_indexes_and_foreign_keys" time="0.696" /><testcase classname="tests.test_schema" name="test_schema_upgrade_preserves_rows_and_rolls_back_invalid_legacy_data[False]" time="1.345" /><testcase classname="tests.test_schema" name="test_schema_upgrade_preserves_rows_and_rolls_back_invalid_legacy_data[True]" time="1.704" /><testcase classname="tests.test_security_headers.SecurityHeadersHttpsTestCase" name="test_external_http_request_still_requires_https" time="0.004" /><testcase classname="tests.test_security_headers.SecurityHeadersHttpsTestCase" name="test_forwarded_for_loopback_does_not_bypass_https_enforcement" time="0.005" /><testcase classname="tests.test_security_headers.SecurityHeadersHttpsTestCase" name="test_forwarded_proto_is_not_trusted_without_proxyfix" time="0.003" /><testcase classname="tests.test_security_headers.SecurityHeadersHttpsTestCase" name="test_loopback_cannot_bypass_https_on_login" time="0.003" /><testcase classname="tests.test_security_headers.SecurityHeadersHttpsTestCase" name="test_loopback_http_request_bypasses_https_enforcement_for_internal_healthcheck" time="0.003" /><testcase classname="tests.test_sprint02_adversarial" name="test_platform_account_limit_ignores_supplied_tenant" time="2.117" /><testcase classname="tests.test_sprint02_adversarial" name="test_case_sensitive_accounts_do_not_share_lockout" time="2.094" /><testcase classname="tests.test_sprint02_adversarial" name="test_platform_limit_survives_concurrent_ips_and_tenant_variations" time="1.884" /><testcase classname="tests.test_sprint02_adversarial" name="test_homonymous_tenant_lockouts_are_independent" time="2.747" /><testcase classname="tests.test_sprint02_adversarial" name="test_unicode_csrf_is_invalid_input_not_server_error[/login]" time="2.580" /><testcase classname="tests.test_sprint02_adversarial" name="test_unicode_csrf_is_invalid_input_not_server_error[/redefinir-senha]" time="4.511" /><testcase classname="tests.test_sprint02_adversarial" name="test_authenticated_html_is_never_cached[tenant-/home]" time="2.789" /><testcase classname="tests.test_sprint02_adversarial" name="test_authenticated_html_is_never_cached[platform-/platform/home]" time="1.680" /><testcase classname="tests.test_sprint02_adversarial" name="test_successful_provider_response_cannot_disclose_credentials" time="1.550" /><testcase classname="tests.test_sprint02_adversarial" name="test_fiscal_mock_does_not_probe_server_files_or_environment" time="1.413" /><testcase classname="tests.test_sprint02_adversarial" name="test_database_failure_is_redacted_in_readiness_logs" time="1.408" /><testcase classname="tests.test_sprint02_adversarial" name="test_database_failures_deny_auth_and_leave_session_recoverable[limiter]" time="1.813" /><testcase classname="tests.test_sprint02_adversarial" name="test_database_failures_deny_auth_and_leave_session_recoverable[session]" time="1.710" /><testcase classname="tests.test_sprint02_adversarial" name="test_database_failures_deny_auth_and_leave_session_recoverable[logout]" time="2.217" /><testcase classname="tests.test_sprint02_adversarial" name="test_permission_and_company_revocation_apply_to_existing_cookie" time="2.173" /><testcase classname="tests.test_sprint02_adversarial" name="test_modified_unsigned_claims_cannot_authenticate[tenant_id-2]" time="1.593" /><testcase classname="tests.test_sprint02_adversarial" name="test_modified_unsigned_claims_cannot_authenticate[sub-2]" time="1.839" /><testcase classname="tests.test_sprint02_adversarial" name="test_modified_unsigned_claims_cannot_authenticate[auth_scope-platform]" time="1.539" /><testcase classname="tests.test_sprint02_adversarial" name="test_modified_unsigned_claims_cannot_authenticate[session_version-100]" time="1.710" /><testcase classname="tests.test_sprint02_adversarial" name="test_every_api_method_enforces_auth_scope_and_csrf[anonymous]" time="1.586" /><testcase classname="tests.test_sprint02_adversarial" name="test_every_api_method_enforces_auth_scope_and_csrf[wrong_scope]" time="2.819" /><testcase classname="tests.test_sprint02_adversarial" name="test_every_api_method_enforces_auth_scope_and_csrf[missing_csrf]" time="1.756" /><testcase classname="tests.test_sprint02_adversarial" name="test_company_configuration_idor_read_write_and_test[2]" time="2.177" /><testcase classname="tests.test_sprint02_adversarial" name="test_company_configuration_idor_read_write_and_test[3]" time="2.008" /><testcase classname="tests.test_sprint02_adversarial" name="test_foreign_resource_ids_cannot_read_modify_or_delete" time="4.416" /><testcase classname="tests.test_sprint02_security" name="test_login_requires_tenant_and_never_falls_back_to_platform" time="2.422" /><testcase classname="tests.test_sprint02_security" name="test_csrf_login_logout_and_replay_revocation" time="1.650" /><testcase classname="tests.test_sprint02_security" name="test_password_change_revokes_every_session_and_rejects_wrong_password" time="2.329" /><testcase classname="tests.test_sprint02_security" name="test_deactivation_revokes_existing_cookie[tenant]" time="1.662" /><testcase classname="tests.test_sprint02_security" name="test_deactivation_revokes_existing_cookie[platform]" time="1.569" /><testcase classname="tests.test_sprint02_security" name="test_reset_token_is_hashed_tenant_bound_expiring_and_single_use" time="1.590" /><testcase classname="tests.test_sprint02_security" name="test_concurrent_reset_accepts_one_consumer" time="1.631" /><testcase classname="tests.test_sprint02_security" name="test_rate_limit_shared_across_apps_and_concurrent_requests" time="3.676" /><testcase classname="tests.test_sprint02_security" name="test_forwarded_header_does_not_evade_limit_and_retry_is_present" time="2.040" /><testcase classname="tests.test_sprint02_security" name="test_cross_tenant_foreign_keys_and_company_admin_scope" time="1.514" /><testcase classname="tests.test_sprint02_security" name="test_queries_filter_tenant_and_company_including_bulk_mutations" time="1.475" /><testcase classname="tests.test_sprint02_security" name="test_concurrent_quota_cannot_be_exceeded[produtos-limite_produtos]" time="1.404" /><testcase classname="tests.test_sprint02_security" name="test_concurrent_quota_cannot_be_exceeded[empresas-limite_empresas]" time="1.570" /><testcase classname="tests.test_sprint02_security" name="test_concurrent_quota_cannot_be_exceeded[funcionarios-limite_funcionarios]" time="2.168" /><testcase classname="tests.test_sprint02_security" name="test_trial_missing_expired_and_last_day_consistent" time="1.766" /><testcase classname="tests.test_sprint02_security" name="test_field_rotation_tampering_and_unknown_key" time="1.983" /><testcase classname="tests.test_sprint02_security" name="test_role_changes_are_audited_without_password_hash" time="1.617" /><testcase classname="tests.test_sprint02_security" name="test_import_quota_partial_rows_updates_and_password_policy[produtos-limite_produtos-0]" time="1.856" /><testcase classname="tests.test_sprint02_security" name="test_import_quota_partial_rows_updates_and_password_policy[funcionarios-limite_funcionarios-1]" time="2.707" /><testcase classname="tests.test_sprint02_security" name="test_all_tenant_tables_and_foreign_keys_have_database_integrity_guard" time="1.528" /><testcase classname="tests.test_sprint02_security" name="test_sales_quota_is_concurrent_and_cross_tenant_child_is_rejected" time="1.526" /><testcase classname="tests.test_sprint02_security" name="test_company_isolation_of_financial_links_within_same_tenant" time="1.539" /><testcase classname="tests.test_sprint02_security" name="test_http_cross_tenant_crud_reset_and_platform_boundary" time="2.105" /><testcase classname="tests.test_sprint02_security" name="test_nonadmin_cannot_grant_roles_or_import_staff_even_with_permission" time="2.393" /><testcase classname="tests.test_sprint02_security" name="test_http_errors_hide_database_and_exception_details" time="1.782" /><testcase classname="tests.test_sprint02_security" name="test_every_api_requires_auth_except_health_and_disabled_webhook" time="1.556" /><testcase classname="tests.test_sprint02_security" name="test_seed_requires_explicit_password_and_never_creates_demo_in_production" time="1.510" /><testcase classname="tests.test_sprint02_security" name="test_rotation_cli_handles_legacy_and_rolls_back_corrupt_fields" time="1.442" /><testcase classname="tests.test_sprint02_security" name="test_real_integrations_and_webhook_stay_disabled" time="1.495" /><testcase classname="tests.test_sprint02_security" name="test_jwt_key_version_rotation_rejects_previous_tokens" time="1.723" /><testcase classname="tests.test_sprint02_security" name="test_rate_limit_shared_between_distinct_processes" time="6.894" /><testcase classname="tests.test_sprint02_security" name="test_http_password_reset_revokes_cookie_and_rejects_reuse" time="2.838" /><testcase classname="tests.test_sprint02_security" name="test_admin_without_all_companies_cannot_change_shared_accounts" time="2.283" /><testcase classname="tests.test_sprint02_security" name="test_outbound_allowlist_blocks_ssrf[https://provider.example/message-8.8.8.8-True]" time="1.645" /><testcase classname="tests.test_sprint02_security" name="test_outbound_allowlist_blocks_ssrf[https://provider.example/message-127.0.0.1-False]" time="2.327" /><testcase classname="tests.test_sprint02_security" name="test_outbound_allowlist_blocks_ssrf[https://provider.example/message-169.254.169.254-False]" time="1.905" /><testcase classname="tests.test_sprint02_security" name="test_outbound_allowlist_blocks_ssrf[https://provider.example/message-::1-False]" time="1.734" /><testcase classname="tests.test_sprint02_security" name="test_outbound_allowlist_blocks_ssrf[http://provider.example/message-8.8.8.8-False]" time="1.474" /><testcase classname="tests.test_sprint02_security" name="test_outbound_allowlist_blocks_ssrf[https://other.example/message-8.8.8.8-False]" time="1.457" /><testcase classname="tests.test_sprint02_security" name="test_outbound_allowlist_blocks_ssrf[https://user:password@provider.example/message-8.8.8.8-False]" time="1.385" /><testcase classname="tests.test_sprint02_security" name="test_outbound_allowlist_blocks_ssrf[https://provider.example:8443/message-8.8.8.8-False]" time="1.411" /><testcase classname="tests.test_sprint02_security" name="test_webhook_redirects_and_smtp_provider_details_are_blocked" time="1.376" /><testcase classname="tests.test_sprint02_security" name="test_security_migration_rejects_legacy_cross_tenant_data_atomically" time="2.949" /><testcase classname="tests.test_sprint02_security" name="test_role_creation_and_audit_roll_back_together" time="1.721" /><testcase classname="tests.test_sprint03_adversarial" name="test_sale_rollback_at_each_persisted_stage[Venda]" time="2.415" /><testcase classname="tests.test_sprint03_adversarial" name="test_sale_rollback_at_each_persisted_stage[ItemVenda]" time="2.535" /><testcase classname="tests.test_sprint03_adversarial" name="test_sale_rollback_at_each_persisted_stage[PagamentoVenda]" time="2.221" /><testcase classname="tests.test_sprint03_adversarial" name="test_sale_rollback_at_each_persisted_stage[MovimentoEstoque]" time="2.402" /><testcase classname="tests.test_sprint03_adversarial" name="test_sale_rollback_at_each_persisted_stage[LancamentoFinanceiro]" time="2.866" /><testcase classname="tests.test_sprint03_adversarial" name="test_sale_rollback_at_each_persisted_stage[OperacaoIdempotente]" time="2.169" /><testcase classname="tests.test_sprint03_adversarial" name="test_cancel_rollback_at_each_persisted_stage[Venda-after_update-False]" time="2.696" /><testcase classname="tests.test_sprint03_adversarial" name="test_cancel_rollback_at_each_persisted_stage[Venda-after_update-True]" time="3.393" /><testcase classname="tests.test_sprint03_adversarial" name="test_cancel_rollback_at_each_persisted_stage[MovimentoEstoque-after_insert-False]" time="2.315" /><testcase classname="tests.test_sprint03_adversarial" name="test_cancel_rollback_at_each_persisted_stage[MovimentoEstoque-after_insert-True]" time="2.227" /><testcase classname="tests.test_sprint03_adversarial" name="test_cancel_rollback_at_each_persisted_stage[LancamentoFinanceiro-after_insert-False]" time="2.278" /><testcase classname="tests.test_sprint03_adversarial" name="test_cancel_rollback_at_each_persisted_stage[LancamentoFinanceiro-after_insert-True]" time="3.022" /><testcase classname="tests.test_sprint03_adversarial" name="test_cancel_rollback_at_each_persisted_stage[OperacaoIdempotente-after_insert-False]" time="2.302" /><testcase classname="tests.test_sprint03_adversarial" name="test_cancel_rollback_at_each_persisted_stage[OperacaoIdempotente-after_insert-True]" time="2.555" /><testcase classname="tests.test_sprint03_adversarial" name="test_cashback_without_customer_cannot_reduce_payment" time="2.779" /><testcase classname="tests.test_sprint03_adversarial" name="test_partial_refunds_conserve_every_cent[False-0.01]" time="2.619" /><testcase classname="tests.test_sprint03_adversarial" name="test_partial_refunds_conserve_every_cent[False-0.02]" time="2.894" /><testcase classname="tests.test_sprint03_adversarial" name="test_partial_refunds_conserve_every_cent[False-29.99]" time="3.879" /><testcase classname="tests.test_sprint03_adversarial" name="test_partial_refunds_conserve_every_cent[True-0.01]" time="2.879" /><testcase classname="tests.test_sprint03_adversarial" name="test_partial_refunds_conserve_every_cent[True-0.02]" time="2.814" /><testcase classname="tests.test_sprint03_adversarial" name="test_partial_refunds_conserve_every_cent[True-29.99]" time="2.388" /><testcase classname="tests.test_sprint03_adversarial" name="test_two_sales_for_last_unit_with_distinct_keys" time="2.258" /><testcase classname="tests.test_sprint03_adversarial" name="test_concurrent_same_key_different_payload" time="2.142" /><testcase classname="tests.test_sprint03_adversarial" name="test_simultaneous_full_and_partial_cancellation" time="2.677" /><testcase classname="tests.test_sprint03_adversarial" name="test_each_layout_invalid_middle_row_preserves_existing_data[categorias]" time="1.741" /><testcase classname="tests.test_sprint03_adversarial" name="test_each_layout_invalid_middle_row_preserves_existing_data[produtos]" time="1.883" /><testcase classname="tests.test_sprint03_adversarial" name="test_each_layout_invalid_middle_row_preserves_existing_data[funcionarios]" time="2.314" /><testcase classname="tests.test_sprint03_adversarial" name="test_each_layout_invalid_middle_row_preserves_existing_data[cupons]" time="1.813" /><testcase classname="tests.test_sprint03_adversarial" name="test_each_layout_invalid_middle_row_preserves_existing_data[formas_pagamento]" time="1.679" /><testcase classname="tests.test_sprint03_adversarial" name="test_each_layout_invalid_middle_row_preserves_existing_data[categorias_financeiras]" time="1.724" /><testcase classname="tests.test_sprint03_adversarial" name="test_duplicate_concurrent_batches_are_updates_without_duplicate_effects[categorias]" time="1.623" /><testcase classname="tests.test_sprint03_adversarial" name="test_duplicate_concurrent_batches_are_updates_without_duplicate_effects[produtos]" time="1.706" /><testcase classname="tests.test_sprint03_adversarial" name="test_duplicate_concurrent_batches_are_updates_without_duplicate_effects[funcionarios]" time="2.722" /><testcase classname="tests.test_sprint03_adversarial" name="test_duplicate_concurrent_batches_are_updates_without_duplicate_effects[cupons]" time="1.700" /><testcase classname="tests.test_sprint03_adversarial" name="test_duplicate_concurrent_batches_are_updates_without_duplicate_effects[formas_pagamento]" time="1.484" /><testcase classname="tests.test_sprint03_adversarial" name="test_duplicate_concurrent_batches_are_updates_without_duplicate_effects[categorias_financeiras]" time="1.575" /><testcase classname="tests.test_sprint03_adversarial" name="test_money_boundary_is_client_error_and_atomic[NaN]" time="1.867" /><testcase classname="tests.test_sprint03_adversarial" name="test_money_boundary_is_client_error_and_atomic[sNaN]" time="2.151" /><testcase classname="tests.test_sprint03_adversarial" name="test_money_boundary_is_client_error_and_atomic[Infinity]" time="2.275" /><testcase classname="tests.test_sprint03_adversarial" name="test_money_boundary_is_client_error_and_atomic[-Infinity]" time="2.117" /><testcase classname="tests.test_sprint03_adversarial" name="test_money_boundary_is_client_error_and_atomic[9999999999.999]" time="2.000" /><testcase classname="tests.test_sprint03_adversarial" name="test_money_boundary_is_client_error_and_atomic[1e1000]" time="2.485" /><testcase classname="tests.test_sprint03_adversarial" name="test_product_update_preserves_barcode_when_omitted" time="2.339" /><testcase classname="tests.test_sprint03_adversarial" name="test_employee_history_cannot_be_detached_by_delete" time="2.185" /><testcase classname="tests.test_sprint03_adversarial" name="test_refunds_do_not_overpay_individual_payment_sources" time="2.610" /><testcase classname="tests.test_sprint03_adversarial" name="test_partial_refunds_revoke_all_generated_cashback" time="2.706" /><testcase classname="tests.test_sprint03_adversarial" name="test_partial_refunds_restore_each_consumed_credit_exactly" time="5.202" /><testcase classname="tests.test_sprint03_adversarial" name="test_cashback_insert_failure_rolls_back_sale_and_wallet[CreditoCashbackCliente]" time="2.262" /><testcase classname="tests.test_sprint03_adversarial" name="test_cashback_insert_failure_rolls_back_sale_and_wallet[MovimentoCarteiraCliente]" time="2.128" /><testcase classname="tests.test_sprint03_adversarial" name="test_import_foreign_company_rolls_back_every_row[produtos-fields0]" time="2.004" /><testcase classname="tests.test_sprint03_adversarial" name="test_import_foreign_company_rolls_back_every_row[funcionarios-fields1]" time="1.954" /><testcase classname="tests.test_sprint03_adversarial" name="test_idempotency_replay_rechecks_company_access[sale]" time="2.383" /><testcase classname="tests.test_sprint03_adversarial" name="test_idempotency_replay_rechecks_company_access[cancel]" time="2.868" /><testcase classname="tests.test_sprint03_database" name="test_postgresql_rejects_nan_in_persisted_money[produtos_empresa-valor_compra]" time="2.118" /><testcase classname="tests.test_sprint03_database" name="test_postgresql_rejects_nan_in_persisted_money[funcionarios-salario]" time="2.000" /><testcase classname="tests.test_sprint03_database" name="test_postgresql_rejects_nan_in_persisted_money[vendas-total]" time="1.877" /><testcase classname="tests.test_sprint03_database" name="test_postgresql_rejects_nan_in_persisted_money[pagamentos_venda-valor]" time="1.807" /><testcase classname="tests.test_sprint03_database" name="test_postgresql_rejects_nan_in_persisted_money[itens_venda-valor_unitario]" time="1.854" /><testcase classname="tests.test_sprint03_database" name="test_postgresql_rejects_nan_in_persisted_money[lancamentos_financeiros-valor]" time="2.731" /><testcase classname="tests.test_sprint03_database" name="test_postgresql_rejects_nan_in_persisted_money[movimentos_estoque-valor_unitario]" time="2.089" /><testcase classname="tests.test_sprint03_database" name="test_finite_migration_refuses_inconsistent_legacy_without_data_loss[produtos_empresa-valor_compra]" time="2.217" /><testcase classname="tests.test_sprint03_database" name="test_finite_migration_refuses_inconsistent_legacy_without_data_loss[vendas-total]" time="2.261" /><testcase classname="tests.test_sprint03_database" name="test_all_numeric_columns_have_database_finite_guards" time="1.607" /><testcase classname="tests.test_sprint03_faults" name="test_each_import_layout_rollback_after_actual_insert[categorias-CategoriaProduto]" time="2.004" /><testcase classname="tests.test_sprint03_faults" name="test_each_import_layout_rollback_after_actual_insert[produtos-ProdutoEmpresa]" time="2.150" /><testcase classname="tests.test_sprint03_faults" name="test_each_import_layout_rollback_after_actual_insert[funcionarios-FuncionarioEmpresa]" time="2.113" /><testcase classname="tests.test_sprint03_faults" name="test_each_import_layout_rollback_after_actual_insert[cupons-Cupom]" time="1.891" /><testcase classname="tests.test_sprint03_faults" name="test_each_import_layout_rollback_after_actual_insert[formas_pagamento-FormaPagamento]" time="2.517" /><testcase classname="tests.test_sprint03_faults" name="test_each_import_layout_rollback_after_actual_insert[categorias_financeiras-CategoriaFinanceira]" time="2.124" /><testcase classname="tests.test_sprint03_faults" name="test_registration_parent_insert_failure_preserves_all_tables[Produto]" time="1.805" /><testcase classname="tests.test_sprint03_faults" name="test_registration_parent_insert_failure_preserves_all_tables[Funcionario]" time="1.803" /><testcase classname="tests.test_sprint03_faults" name="test_last_quota_between_registration_and_batch" time="1.778" /><testcase classname="tests.test_sprint03_faults" name="test_concurrent_barcode_updates_preserve_loser" time="2.032" /><testcase classname="tests.test_sprint03_faults" name="test_postgresql_orphan_and_ledger_audit_after_mixed_operations" time="3.000" /><testcase classname="tests.test_sprint03_transactions" name="test_parent_and_links_rollback_after_child_insert_failure[ProdutoEmpresa-product]" time="1.736" /><testcase classname="tests.test_sprint03_transactions" name="test_parent_and_links_rollback_after_child_insert_failure[FuncionarioEmpresa-employee]" time="1.704" /><testcase classname="tests.test_sprint03_transactions" name="test_parent_and_links_rollback_after_child_insert_failure[RolePermission-role]" time="2.503" /><testcase classname="tests.test_sprint03_transactions" name="test_final_parent_delete_failure_restores_link[product]" time="1.840" /><testcase classname="tests.test_sprint03_transactions" name="test_final_parent_delete_failure_restores_link[employee]" time="1.867" /><testcase classname="tests.test_sprint03_transactions" name="test_employee_company_set_and_role_changes_are_atomic" time="2.086" /><testcase classname="tests.test_sprint03_transactions" name="test_product_multiple_companies_preserves_balances_and_quota" time="1.764" /><testcase classname="tests.test_sprint03_transactions" name="test_invalid_product_never_leaves_parent[fields0]" time="1.669" /><testcase classname="tests.test_sprint03_transactions" name="test_invalid_product_never_leaves_parent[fields1]" time="2.015" /><testcase classname="tests.test_sprint03_transactions" name="test_invalid_product_never_leaves_parent[fields2]" time="1.966" /><testcase classname="tests.test_sprint03_transactions" name="test_invalid_product_never_leaves_parent[fields3]" time="1.755" /><testcase classname="tests.test_sprint03_transactions" name="test_invalid_product_never_leaves_parent[fields4]" time="1.869" /><testcase classname="tests.test_sprint03_transactions" name="test_invalid_product_never_leaves_parent[fields5]" time="1.703" /><testcase classname="tests.test_sprint03_transactions" name="test_invalid_product_never_leaves_parent[fields6]" time="1.943" /><testcase classname="tests.test_sprint03_transactions" name="test_invalid_product_never_leaves_parent[fields7]" time="1.792" /><testcase classname="tests.test_sprint03_transactions" name="test_invalid_product_never_leaves_parent[fields8]" time="2.477" /><testcase classname="tests.test_sprint03_transactions" name="test_invalid_product_never_leaves_parent[fields9]" time="1.649" /><testcase classname="tests.test_sprint03_transactions" name="test_category_validation_and_in_use_delete" time="1.577" /><testcase classname="tests.test_sprint03_transactions" name="test_concurrent_generated_and_duplicate_barcodes" time="1.841" /><testcase classname="tests.test_sprint03_transactions" name="test_concurrent_stock_exhaustion_has_one_winner" time="1.860" /><testcase classname="tests.test_sprint03_transactions" name="test_sale_and_partial_cancellation_replay_concurrently" time="2.725" /><testcase classname="tests.test_sprint03_transactions" name="test_full_cancellation_and_stock_callback_replays" time="2.494" /><testcase classname="tests.test_sprint03_transactions" name="test_sale_failure_after_stock_restores_every_table" time="1.764" /><testcase classname="tests.test_sprint03_transactions" name="test_all_six_layouts_preview_import_export_reimport[categorias]" time="2.523" /><testcase classname="tests.test_sprint03_transactions" name="test_all_six_layouts_preview_import_export_reimport[produtos]" time="2.221" /><testcase classname="tests.test_sprint03_transactions" name="test_all_six_layouts_preview_import_export_reimport[funcionarios]" time="2.476" /><testcase classname="tests.test_sprint03_transactions" name="test_all_six_layouts_preview_import_export_reimport[cupons]" time="2.584" /><testcase classname="tests.test_sprint03_transactions" name="test_all_six_layouts_preview_import_export_reimport[formas_pagamento]" time="2.087" /><testcase classname="tests.test_sprint03_transactions" name="test_all_six_layouts_preview_import_export_reimport[categorias_financeiras]" time="2.480" /><testcase classname="tests.test_sprint03_transactions" name="test_all_layouts_reject_entire_batch_when_last_row_invalid[categorias]" time="1.836" /><testcase classname="tests.test_sprint03_transactions" name="test_all_layouts_reject_entire_batch_when_last_row_invalid[produtos]" time="1.917" /><testcase classname="tests.test_sprint03_transactions" name="test_all_layouts_reject_entire_batch_when_last_row_invalid[funcionarios]" time="1.944" /><testcase classname="tests.test_sprint03_transactions" name="test_all_layouts_reject_entire_batch_when_last_row_invalid[cupons]" time="1.598" /><testcase classname="tests.test_sprint03_transactions" name="test_all_layouts_reject_entire_batch_when_last_row_invalid[formas_pagamento]" time="2.782" /><testcase classname="tests.test_sprint03_transactions" name="test_all_layouts_reject_entire_batch_when_last_row_invalid[categorias_financeiras]" time="2.004" /><testcase classname="tests.test_sprint03_transactions" name="test_import_stock_update_and_conflicting_barcode_rollback" time="1.714" /><testcase classname="tests.test_sprint03_transactions" name="test_concurrent_import_last_quota_and_no_orphans" time="1.833" /><testcase classname="tests.test_sprint03_transactions" name="test_http_preview_and_multicompany_employee" time="3.399" /><testcase classname="tests.test_sprint03_transactions" name="test_role_replacement_failure_preserves_permissions_and_name" time="1.631" /><testcase classname="tests.test_sprint03_transactions" name="test_cancel_failure_restores_sale_stock_finance_and_idempotency" time="2.241" /><testcase classname="tests.test_sprint03_transactions" name="test_commit_failure_does_not_send_notification_or_leave_sale" time="1.969" /><testcase classname="tests.test_sprint03_transactions" name="test_uncancelled_sale_cannot_restore_stock" time="2.003" /><testcase classname="tests.test_sprint03_transactions" name="test_manual_cancellation_concurrent_replay" time="2.075" /><testcase classname="tests.test_sprint03_transactions" name="test_deactivation_is_local_to_product_company" time="1.674" /><testcase classname="tests.test_sprint03_transactions" name="test_import_invalid_values_rollback[row0]" time="1.687" /><testcase classname="tests.test_sprint03_transactions" name="test_import_invalid_values_rollback[row1]" time="1.620" /><testcase classname="tests.test_sprint03_transactions" name="test_import_invalid_values_rollback[row2]" time="2.441" /><testcase classname="tests.test_sprint03_transactions" name="test_import_invalid_values_rollback[row3]" time="1.573" /><testcase classname="tests.test_sprint03_transactions" name="test_export_formula_like_text_is_literal" time="1.822" /><testcase classname="tests.test_sprint03_transactions" name="test_http_sale_requires_key_and_replays_same_business_response" time="3.804" /><testcase classname="tests.test_sprint03_transactions" name="test_migration_rejects_duplicate_legacy_sale_debits_atomically" time="2.221" /><testcase classname="tests.test_sprint04_adversarial" name="test_pretransport_security_rejection_is_retryable[tls]" time="1.810" /><testcase classname="tests.test_sprint04_adversarial" name="test_pretransport_security_rejection_is_retryable[allowlist]" time="2.058" /><testcase classname="tests.test_sprint04_adversarial" name="test_worker_crash_boundaries_preserve_durable_delivery_state[claim]" time="2.625" /><testcase classname="tests.test_sprint04_adversarial" name="test_worker_crash_boundaries_preserve_durable_delivery_state[before_transport]" time="1.722" /><testcase classname="tests.test_sprint04_adversarial" name="test_worker_crash_boundaries_preserve_durable_delivery_state[after_transport]" time="1.701" /><testcase classname="tests.test_sprint04_adversarial" name="test_worker_crash_boundaries_preserve_durable_delivery_state[ack]" time="1.885" /><testcase classname="tests.test_sprint04_adversarial" name="test_transport_rejection_and_ambiguity_do_not_leak_or_duplicate[error0-FALHOU]" time="2.065" /><testcase classname="tests.test_sprint04_adversarial" name="test_transport_rejection_and_ambiguity_do_not_leak_or_duplicate[error1-FALHOU]" time="1.956" /><testcase classname="tests.test_sprint04_adversarial" name="test_transport_rejection_and_ambiguity_do_not_leak_or_duplicate[error2-INCERTO]" time="2.001" /><testcase classname="tests.test_sprint04_adversarial" name="test_transport_rejection_and_ambiguity_do_not_leak_or_duplicate[error3-INCERTO]" time="1.856" /><testcase classname="tests.test_sprint04_adversarial" name="test_coupon_cashback_sale_rollback_at_each_boundary[Venda]" time="2.610" /><testcase classname="tests.test_sprint04_adversarial" name="test_coupon_cashback_sale_rollback_at_each_boundary[ItemVenda]" time="3.587" /><testcase classname="tests.test_sprint04_adversarial" name="test_coupon_cashback_sale_rollback_at_each_boundary[PagamentoVenda]" time="2.542" /><testcase classname="tests.test_sprint04_adversarial" name="test_coupon_cashback_sale_rollback_at_each_boundary[MovimentoEstoque]" time="2.546" /><testcase classname="tests.test_sprint04_adversarial" name="test_coupon_cashback_sale_rollback_at_each_boundary[LancamentoFinanceiro]" time="3.601" /><testcase classname="tests.test_sprint04_adversarial" name="test_coupon_cashback_sale_rollback_at_each_boundary[CreditoCashbackCliente]" time="2.604" /><testcase classname="tests.test_sprint04_adversarial" name="test_coupon_cashback_sale_rollback_at_each_boundary[MovimentoCarteiraCliente]" time="3.204" /><testcase classname="tests.test_sprint04_adversarial" name="test_coupon_cashback_sale_rollback_at_each_boundary[EntregaAlerta]" time="2.513" /><testcase classname="tests.test_sprint04_adversarial" name="test_coupon_cashback_sale_rollback_at_each_boundary[OperacaoIdempotente]" time="2.778" /><testcase classname="tests.test_sprint04_adversarial" name="test_duplicate_lines_last_stock_concurrency_and_reconciliation[VAREJO-3-30]" time="2.578" /><testcase classname="tests.test_sprint04_adversarial" name="test_duplicate_lines_last_stock_concurrency_and_reconciliation[AUTOMATICO-2-20]" time="2.392" /><testcase classname="tests.test_sprint04_adversarial" name="test_duplicate_lines_last_stock_concurrency_and_reconciliation[AUTOMATICO-3-24]" time="2.516" /><testcase classname="tests.test_sprint04_adversarial" name="test_duplicate_lines_last_stock_concurrency_and_reconciliation[ATACADO-3-24]" time="2.810" /><testcase classname="tests.test_sprint04_adversarial" name="test_coupon_expiry_at_brazil_day_boundary[-1-False]" time="2.966" /><testcase classname="tests.test_sprint04_adversarial" name="test_coupon_expiry_at_brazil_day_boundary[0-True]" time="2.265" /><testcase classname="tests.test_sprint04_adversarial" name="test_coupon_expiry_at_brazil_day_boundary[1-True]" time="2.360" /><testcase classname="tests.test_sprint04_adversarial" name="test_sale_replay_divergent_payload_leaves_all_tables_unchanged[desconto_manual-0.01]" time="2.195" /><testcase classname="tests.test_sprint04_adversarial" name="test_sale_replay_divergent_payload_leaves_all_tables_unchanged[modalidade_preco-AUTOMATICO]" time="2.330" /><testcase classname="tests.test_sprint04_adversarial" name="test_sale_replay_divergent_payload_leaves_all_tables_unchanged[cupom_codigo-OTHER]" time="2.755" /><testcase classname="tests.test_sprint04_adversarial" name="test_sale_replay_divergent_payload_leaves_all_tables_unchanged[cashback_ativado-False]" time="2.076" /><testcase classname="tests.test_sprint04_adversarial" name="test_coupon_mutations_require_csrf_and_permission[create]" time="3.250" /><testcase classname="tests.test_sprint04_adversarial" name="test_coupon_mutations_require_csrf_and_permission[edit]" time="1.884" /><testcase classname="tests.test_sprint04_adversarial" name="test_coupon_mutations_require_csrf_and_permission[delete]" time="2.267" /><testcase classname="tests.test_sprint04_adversarial" name="test_alert_retry_enforces_live_company_and_permission[visualizar_todas_empresas]" time="2.188" /><testcase classname="tests.test_sprint04_adversarial" name="test_alert_retry_enforces_live_company_and_permission[gerenciar_alerta_estoque]" time="2.530" /><testcase classname="tests.test_sprint04_adversarial" name="test_sale_identifiers_cannot_be_truncated_into_another_record[fraction-empresa_id]" time="2.005" /><testcase classname="tests.test_sprint04_adversarial" name="test_sale_identifiers_cannot_be_truncated_into_another_record[fraction-produto_id]" time="1.857" /><testcase classname="tests.test_sprint04_adversarial" name="test_sale_identifiers_cannot_be_truncated_into_another_record[fraction-cliente_id]" time="2.182" /><testcase classname="tests.test_sprint04_adversarial" name="test_sale_identifiers_cannot_be_truncated_into_another_record[fraction-forma_pagamento_id]" time="2.427" /><testcase classname="tests.test_sprint04_adversarial" name="test_sale_identifiers_cannot_be_truncated_into_another_record[boolean-empresa_id]" time="2.166" /><testcase classname="tests.test_sprint04_adversarial" name="test_sale_identifiers_cannot_be_truncated_into_another_record[boolean-produto_id]" time="1.829" /><testcase classname="tests.test_sprint04_adversarial" name="test_sale_identifiers_cannot_be_truncated_into_another_record[boolean-cliente_id]" time="2.949" /><testcase classname="tests.test_sprint04_adversarial" name="test_sale_identifiers_cannot_be_truncated_into_another_record[boolean-forma_pagamento_id]" time="1.852" /><testcase classname="tests.test_sprint04_adversarial" name="test_real_worker_process_exit_releases_locks_without_duplicate_delivery[claim]" time="5.365" /><testcase classname="tests.test_sprint04_adversarial" name="test_real_worker_process_exit_releases_locks_without_duplicate_delivery[before_transport]" time="4.425" /><testcase classname="tests.test_sprint04_adversarial" name="test_real_worker_process_exit_releases_locks_without_duplicate_delivery[after_transport]" time="4.626" /><testcase classname="tests.test_sprint04_adversarial" name="test_daily_summary_counts_beyond_visual_limit_and_rolls_over_day" time="3.136" /><testcase classname="tests.test_sprint04_browser" name="test_browser_sale_split_retry_partial_full_reprint[False]" time="36.344" /><testcase classname="tests.test_sprint04_browser" name="test_browser_sale_split_retry_partial_full_reprint[True]" time="29.923" /><testcase classname="tests.test_sprint04_browser" name="test_browser_coupon_create_and_alert_history_retry" time="24.700" /><testcase classname="tests.test_sprint04_browser_adversarial" name="test_browser_coupon_minimum_exact_cents_and_split_payment" time="19.831" /><testcase classname="tests.test_sprint04_operations" name="test_pricing_contract_and_exact_payments[VAREJO-3-30.00-VAREJO]" time="4.680" /><testcase classname="tests.test_sprint04_operations" name="test_pricing_contract_and_exact_payments[ATACADO-3-24.00-ATACADO]" time="15.388" /><testcase classname="tests.test_sprint04_operations" name="test_pricing_contract_and_exact_payments[AUTOMATICO-2-20.00-VAREJO]" time="2.744" /><testcase classname="tests.test_sprint04_operations" name="test_pricing_contract_and_exact_payments[AUTOMATICO-3-24.00-ATACADO]" time="2.044" /><testcase classname="tests.test_sprint04_operations" name="test_invalid_quantities_leave_no_effects[1.1]" time="1.841" /><testcase classname="tests.test_sprint04_operations" name="test_invalid_quantities_leave_no_effects[1.0]" time="2.025" /><testcase classname="tests.test_sprint04_operations" name="test_invalid_quantities_leave_no_effects[True]" time="2.133" /><testcase classname="tests.test_sprint04_operations" name="test_invalid_quantities_leave_no_effects[0]" time="2.272" /><testcase classname="tests.test_sprint04_operations" name="test_invalid_quantities_leave_no_effects[-1]" time="2.020" /><testcase classname="tests.test_sprint04_operations" name="test_invalid_quantities_leave_no_effects[NaN]" time="1.780" /><testcase classname="tests.test_sprint04_operations" name="test_invalid_quantities_leave_no_effects[Infinity]" time="1.844" /><testcase classname="tests.test_sprint04_operations" name="test_invalid_quantities_leave_no_effects[None]" time="2.575" /><testcase classname="tests.test_sprint04_operations" name="test_manual_discount_permissions_and_limits[None-0.01-False]" time="4.071" /><testcase classname="tests.test_sprint04_operations" name="test_manual_discount_permissions_and_limits[aplicar_desconto-1.00-True]" time="3.352" /><testcase classname="tests.test_sprint04_operations" name="test_manual_discount_permissions_and_limits[aplicar_desconto-1.01-False]" time="2.351" /><testcase classname="tests.test_sprint04_operations" name="test_manual_discount_permissions_and_limits[autorizar_desconto-9.99-True]" time="3.073" /><testcase classname="tests.test_sprint04_operations" name="test_coupon_invalid_money_is_atomic[NaN]" time="2.061" /><testcase classname="tests.test_sprint04_operations" name="test_coupon_invalid_money_is_atomic[sNaN]" time="1.699" /><testcase classname="tests.test_sprint04_operations" name="test_coupon_invalid_money_is_atomic[Infinity]" time="1.629" /><testcase classname="tests.test_sprint04_operations" name="test_coupon_invalid_money_is_atomic[-Infinity]" time="2.954" /><testcase classname="tests.test_sprint04_operations" name="test_coupon_invalid_money_is_atomic[-1]" time="1.614" /><testcase classname="tests.test_sprint04_operations" name="test_coupon_invalid_money_is_atomic[0]" time="1.626" /><testcase classname="tests.test_sprint04_operations" name="test_coupon_invalid_money_is_atomic[0.001]" time="1.533" /><testcase classname="tests.test_sprint04_operations" name="test_coupon_invalid_money_is_atomic[10000000000]" time="1.786" /><testcase classname="tests.test_sprint04_operations" name="test_coupon_invalid_rules_do_not_persist[rules0]" time="1.416" /><testcase classname="tests.test_sprint04_operations" name="test_coupon_invalid_rules_do_not_persist[rules1]" time="1.557" /><testcase classname="tests.test_sprint04_operations" name="test_coupon_invalid_rules_do_not_persist[rules2]" time="1.952" /><testcase classname="tests.test_sprint04_operations" name="test_coupon_invalid_rules_do_not_persist[rules3]" time="1.654" /><testcase classname="tests.test_sprint04_operations" name="test_coupon_invalid_rules_do_not_persist[rules4]" time="2.087" /><testcase classname="tests.test_sprint04_operations" name="test_coupon_invalid_rules_do_not_persist[rules5]" time="1.843" /><testcase classname="tests.test_sprint04_operations" name="test_coupon_invalid_rules_do_not_persist[rules6]" time="1.933" /><testcase classname="tests.test_sprint04_operations" name="test_coupon_invalid_rules_do_not_persist[rules7]" time="2.247" /><testcase classname="tests.test_sprint04_operations" name="test_coupon_invalid_rules_do_not_persist[rules8]" time="1.858" /><testcase classname="tests.test_sprint04_operations" name="test_sale_enforces_coupon_period_company_minimum_identity[rules0]" time="1.847" /><testcase classname="tests.test_sprint04_operations" name="test_sale_enforces_coupon_period_company_minimum_identity[rules1]" time="1.905" /><testcase classname="tests.test_sprint04_operations" name="test_sale_enforces_coupon_period_company_minimum_identity[rules2]" time="1.809" /><testcase classname="tests.test_sprint04_operations" name="test_sale_enforces_coupon_period_company_minimum_identity[rules3]" time="3.517" /><testcase classname="tests.test_sprint04_operations" name="test_coupon_rounding_cap_customer_and_historical_usage" time="2.118" /><testcase classname="tests.test_sprint04_operations" name="test_coupon_last_use_is_serialized_in_postgresql" time="2.162" /><testcase classname="tests.test_sprint04_operations" name="test_coupon_use_rollback_then_retry" time="2.130" /><testcase classname="tests.test_sprint04_operations" name="test_split_payments_reject_loss_creation_or_zero[payments0]" time="2.592" /><testcase classname="tests.test_sprint04_operations" name="test_split_payments_reject_loss_creation_or_zero[payments1]" time="4.320" /><testcase classname="tests.test_sprint04_operations" name="test_split_payments_reject_loss_creation_or_zero[payments2]" time="3.143" /><testcase classname="tests.test_sprint04_operations" name="test_split_payments_reject_loss_creation_or_zero[payments3]" time="2.570" /><testcase classname="tests.test_sprint04_operations" name="test_zero_total_cannot_silently_discard_payments" time="2.526" /><testcase classname="tests.test_sprint04_operations" name="test_receipt_reprints_have_no_business_side_effects" time="4.847" /><testcase classname="tests.test_sprint04_operations" name="test_alerts_concurrent_queue_no_duplicate_recipients_or_daily_summary" time="2.777" /><testcase classname="tests.test_sprint04_operations" name="test_alert_partial_recipient_failure_only_retries_failed_delivery" time="1.844" /><testcase classname="tests.test_sprint04_operations" name="test_alert_transport_timeout_is_uncertain_and_not_resent" time="1.874" /><testcase classname="tests.test_sprint04_operations" name="test_sale_and_alert_outbox_rollback_together" time="2.242" /><testcase classname="tests.test_sprint04_operations" name="test_alert_history_http_scope_csrf_and_whatsapp_disabled" time="2.385" /><testcase classname="tests.test_sprint04_operations" name="test_coupon_database_guards[valor_minimo-'NaN'::numeric]" time="1.677" /><testcase classname="tests.test_sprint04_operations" name="test_coupon_database_guards[desconto_maximo-'Infinity'::numeric]" time="1.596" /><testcase classname="tests.test_sprint04_operations" name="test_coupon_database_guards[limite_usos-0]" time="1.516" /><testcase classname="tests.test_sprint04_operations" name="test_coupon_database_guards[empresa_id-3]" time="1.574" /><testcase classname="tests.test_sprint04_operations" name="test_migration_invalid_legacy_coupon_aborts_without_data_loss" time="2.052" /><testcase classname="tests.test_sprint04_operations" name="test_coupon_half_up_rounding_in_cents[0.05-10-None-0.01]" time="0.006" /><testcase classname="tests.test_sprint04_operations" name="test_coupon_half_up_rounding_in_cents[10.00-33.35-None-3.34]" time="0.001" /><testcase classname="tests.test_sprint04_operations" name="test_coupon_half_up_rounding_in_cents[10.00-90-1.99-1.99]" time="0.001" /><testcase classname="tests.test_sprint04_operations" name="test_coupon_half_up_rounding_in_cents[0.01-100-None-0.01]" time="0.003" /><testcase classname="tests.test_sprint04_operations" name="test_pending_alert_survives_worker_loss_and_cli_retries" time="2.220" /><testcase classname="tests.test_sprint04_operations" name="test_successful_delivery_ack_failure_does_not_duplicate" time="1.718" /><testcase classname="tests.test_sprint04_operations" name="test_customer_coupon_limit_concurrent_sales" time="3.312" /><testcase classname="tests.test_sprint04_operations" name="test_automatic_wholesale_uses_combined_quantity_across_lines" time="1.979" /><testcase classname="tests.test_sprint04_operations" name="test_full_cancel_after_partial_is_atomic_idempotent_and_conserves_money" time="2.664" /><testcase classname="tests.test_sprint04_operations" name="test_global_coupon_usage_cannot_be_hidden_by_company_scope" time="2.850" /><testcase classname="tests.test_sprint04_operations" name="test_expiry_alert_boundaries_use_brazil_calendar[-1-1-0]" time="1.630" /><testcase classname="tests.test_sprint04_operations" name="test_expiry_alert_boundaries_use_brazil_calendar[0-0-1]" time="1.673" /><testcase classname="tests.test_sprint04_operations" name="test_expiry_alert_boundaries_use_brazil_calendar[30-0-1]" time="1.650" /><testcase classname="tests.test_sprint04_operations" name="test_expiry_alert_boundaries_use_brazil_calendar[31-0-0]" time="1.770" /><testcase classname="tests.test_sprint04_operations" name="test_simultaneous_retries_send_each_delivery_once" time="2.130" /><testcase classname="tests.test_sprint05_adversarial" name="test_rounded_money_cannot_overflow_storage" time="0.001" /><testcase classname="tests.test_sprint05_adversarial" name="test_ledger_reversal_marker_cannot_be_forged[False]" time="1.798" /><testcase classname="tests.test_sprint05_adversarial" name="test_ledger_reversal_marker_cannot_be_forged[True]" time="3.112" /><testcase classname="tests.test_sprint05_adversarial" name="test_advance_approval_rechecks_employee_company_link" time="1.921" /><testcase classname="tests.test_sprint05_adversarial" name="test_privacy_committed_after_claim_prevents_transport[unsubscribe]" time="3.132" /><testcase classname="tests.test_sprint05_adversarial" name="test_privacy_committed_after_claim_prevents_transport[anonymize]" time="2.017" /><testcase classname="tests.test_sprint05_adversarial" name="test_message_worker_crash_boundaries[claim]" time="1.900" /><testcase classname="tests.test_sprint05_adversarial" name="test_message_worker_crash_boundaries[before_transport]" time="1.828" /><testcase classname="tests.test_sprint05_adversarial" name="test_message_worker_crash_boundaries[after_transport]" time="1.790" /><testcase classname="tests.test_sprint05_adversarial" name="test_message_worker_crash_boundaries[ack]" time="1.856" /><testcase classname="tests.test_sprint05_adversarial" name="test_advance_failure_at_every_persisted_boundary[autorizar-MovimentoEstoque-after_insert]" time="1.923" /><testcase classname="tests.test_sprint05_adversarial" name="test_advance_failure_at_every_persisted_boundary[autorizar-LancamentoFinanceiro-after_insert]" time="1.802" /><testcase classname="tests.test_sprint05_adversarial" name="test_advance_failure_at_every_persisted_boundary[autorizar-AdiantamentoFuncionario-after_update]" time="1.795" /><testcase classname="tests.test_sprint05_adversarial" name="test_advance_failure_at_every_persisted_boundary[autorizar-AuditLog-after_insert]" time="1.781" /><testcase classname="tests.test_sprint05_adversarial" name="test_advance_failure_at_every_persisted_boundary[autorizar-OperacaoIdempotente-after_insert]" time="3.833" /><testcase classname="tests.test_sprint05_adversarial" name="test_advance_failure_at_every_persisted_boundary[estornar-MovimentoEstoque-after_insert]" time="1.927" /><testcase classname="tests.test_sprint05_adversarial" name="test_advance_failure_at_every_persisted_boundary[estornar-LancamentoFinanceiro-after_insert]" time="1.879" /><testcase classname="tests.test_sprint05_adversarial" name="test_advance_failure_at_every_persisted_boundary[estornar-AdiantamentoFuncionario-after_update]" time="1.888" /><testcase classname="tests.test_sprint05_adversarial" name="test_advance_failure_at_every_persisted_boundary[estornar-AuditLog-after_insert]" time="2.034" /><testcase classname="tests.test_sprint05_adversarial" name="test_advance_failure_at_every_persisted_boundary[estornar-OperacaoIdempotente-after_insert]" time="2.034" /><testcase classname="tests.test_sprint05_adversarial" name="test_formal_reversal_failure_is_atomic[ledger]" time="1.849" /><testcase classname="tests.test_sprint05_adversarial" name="test_formal_reversal_failure_is_atomic[audit]" time="1.688" /><testcase classname="tests.test_sprint05_adversarial" name="test_formal_reversal_failure_is_atomic[idempotency]" time="1.806" /><testcase classname="tests.test_sprint05_adversarial" name="test_formal_reversal_failure_is_atomic[commit]" time="1.977" /><testcase classname="tests.test_sprint05_adversarial" name="test_all_invalid_advance_transitions[PENDENTE-baixar]" time="2.277" /><testcase classname="tests.test_sprint05_adversarial" name="test_all_invalid_advance_transitions[PENDENTE-reverter_baixa]" time="1.681" /><testcase classname="tests.test_sprint05_adversarial" name="test_all_invalid_advance_transitions[PENDENTE-estornar]" time="1.845" /><testcase classname="tests.test_sprint05_adversarial" name="test_all_invalid_advance_transitions[AUTORIZADO-autorizar]" time="3.089" /><testcase classname="tests.test_sprint05_adversarial" name="test_all_invalid_advance_transitions[AUTORIZADO-reverter_baixa]" time="1.760" /><testcase classname="tests.test_sprint05_adversarial" name="test_all_invalid_advance_transitions[AUTORIZADO-cancelar]" time="1.772" /><testcase classname="tests.test_sprint05_adversarial" name="test_all_invalid_advance_transitions[BAIXADO-baixar]" time="1.826" /><testcase classname="tests.test_sprint05_adversarial" name="test_all_invalid_advance_transitions[BAIXADO-autorizar]" time="2.640" /><testcase classname="tests.test_sprint05_adversarial" name="test_all_invalid_advance_transitions[BAIXADO-cancelar]" time="1.918" /><testcase classname="tests.test_sprint05_adversarial" name="test_all_invalid_advance_transitions[BAIXADO-estornar]" time="1.591" /><testcase classname="tests.test_sprint05_adversarial" name="test_all_invalid_advance_transitions[CANCELADO-baixar]" time="2.353" /><testcase classname="tests.test_sprint05_adversarial" name="test_all_invalid_advance_transitions[CANCELADO-autorizar]" time="1.975" /><testcase classname="tests.test_sprint05_adversarial" name="test_all_invalid_advance_transitions[CANCELADO-estornar]" time="1.844" /><testcase classname="tests.test_sprint05_adversarial" name="test_all_invalid_advance_transitions[CANCELADO-reverter_baixa]" time="1.657" /><testcase classname="tests.test_sprint05_adversarial" name="test_all_invalid_advance_transitions[CANCELADO-cancelar]" time="1.711" /><testcase classname="tests.test_sprint05_adversarial" name="test_all_invalid_advance_transitions[ESTORNADO-baixar]" time="1.993" /><testcase classname="tests.test_sprint05_adversarial" name="test_all_invalid_advance_transitions[ESTORNADO-autorizar]" time="2.148" /><testcase classname="tests.test_sprint05_adversarial" name="test_all_invalid_advance_transitions[ESTORNADO-estornar]" time="2.238" /><testcase classname="tests.test_sprint05_adversarial" name="test_all_invalid_advance_transitions[ESTORNADO-reverter_baixa]" time="2.090" /><testcase classname="tests.test_sprint05_adversarial" name="test_all_invalid_advance_transitions[ESTORNADO-cancelar]" time="4.175" /><testcase classname="tests.test_sprint05_adversarial" name="test_closure_conflicting_revision_race_and_replay" time="2.187" /><testcase classname="tests.test_sprint05_adversarial" name="test_reconciliation_over_1000_and_local_midnight" time="8.470" /><testcase classname="tests.test_sprint05_adversarial" name="test_message_history_respects_company_scope_http" time="1.973" /><testcase classname="tests.test_sprint05_adversarial" name="test_send_revalidates_permission_after_claim" time="1.561" /><testcase classname="tests.test_sprint05_adversarial" name="test_cashback_use_expire_cancel_race" time="2.262" /><testcase classname="tests.test_sprint05_adversarial" name="test_daily_limit_concurrency_and_due_backoff" time="3.227" /><testcase classname="tests.test_sprint05_adversarial" name="test_ledger_direct_identity_and_value_edits_are_rejected[valor=99]" time="2.012" /><testcase classname="tests.test_sprint05_adversarial" name="test_ledger_direct_identity_and_value_edits_are_rejected[tipo='SAIDA']" time="1.641" /><testcase classname="tests.test_sprint05_adversarial" name="test_ledger_direct_identity_and_value_edits_are_rejected[empresa_id=2]" time="1.711" /><testcase classname="tests.test_sprint05_adversarial" name="test_ledger_direct_identity_and_value_edits_are_rejected[tenant_id=2]" time="1.588" /><testcase classname="tests.test_sprint05_adversarial" name="test_ledger_direct_identity_and_value_edits_are_rejected[descricao='alterado']" time="1.836" /><testcase classname="tests.test_sprint05_adversarial" name="test_ledger_direct_identity_and_value_edits_are_rejected[data_lancamento=now()]" time="3.476" /><testcase classname="tests.test_sprint05_adversarial" name="test_ledger_direct_identity_and_value_edits_are_rejected[lancamento_origem_id=id]" time="1.623" /><testcase classname="tests.test_sprint05_adversarial" name="test_ledger_direct_identity_and_value_edits_are_rejected[funcionario_id=NULL]" time="1.735" /><testcase classname="tests.test_sprint05_adversarial" name="test_privacy_failure_rolls_back_all_operational_copies[customer]" time="2.201" /><testcase classname="tests.test_sprint05_adversarial" name="test_privacy_failure_rolls_back_all_operational_copies[message]" time="2.261" /><testcase classname="tests.test_sprint05_adversarial" name="test_privacy_failure_rolls_back_all_operational_copies[cache]" time="2.286" /><testcase classname="tests.test_sprint05_adversarial" name="test_privacy_failure_rolls_back_all_operational_copies[audit]" time="2.521" /><testcase classname="tests.test_sprint05_adversarial" name="test_privacy_failure_rolls_back_all_operational_copies[commit]" time="2.247" /><testcase classname="tests.test_sprint05_adversarial" name="test_queue_creation_failure_is_atomic[message]" time="1.802" /><testcase classname="tests.test_sprint05_adversarial" name="test_queue_creation_failure_is_atomic[audit]" time="1.795" /><testcase classname="tests.test_sprint05_adversarial" name="test_queue_creation_failure_is_atomic[commit]" time="2.992" /><testcase classname="tests.test_sprint05_adversarial" name="test_closure_adjustment_failure_is_atomic[closure]" time="1.696" /><testcase classname="tests.test_sprint05_adversarial" name="test_closure_adjustment_failure_is_atomic[audit]" time="1.655" /><testcase classname="tests.test_sprint05_adversarial" name="test_closure_adjustment_failure_is_atomic[cache]" time="1.826" /><testcase classname="tests.test_sprint05_adversarial" name="test_closure_adjustment_failure_is_atomic[commit]" time="1.830" /><testcase classname="tests.test_sprint05_adversarial" name="test_advance_api_rejects_extremes_without_effects[empresa_id-True]" time="2.128" /><testcase classname="tests.test_sprint05_adversarial" name="test_advance_api_rejects_extremes_without_effects[empresa_id-1.5]" time="1.964" /><testcase classname="tests.test_sprint05_adversarial" name="test_advance_api_rejects_extremes_without_effects[funcionario_id-False]" time="2.181" /><testcase classname="tests.test_sprint05_adversarial" name="test_advance_api_rejects_extremes_without_effects[funcionario_id-1.0]" time="2.410" /><testcase classname="tests.test_sprint05_adversarial" name="test_advance_api_rejects_extremes_without_effects[valor_total-NaN]" time="2.179" /><testcase classname="tests.test_sprint05_adversarial" name="test_advance_api_rejects_extremes_without_effects[valor_total-Infinity]" time="2.122" /><testcase classname="tests.test_sprint05_adversarial" name="test_advance_api_rejects_extremes_without_effects[valor_total--Infinity]" time="2.006" /><testcase classname="tests.test_sprint05_adversarial" name="test_advance_api_rejects_extremes_without_effects[valor_total-9999999999.999]" time="4.227" /><testcase classname="tests.test_sprint05_adversarial" name="test_advance_api_rejects_extremes_without_effects[valor_total-1e10000]" time="2.291" /><testcase classname="tests.test_sprint05_adversarial" name="test_reconciliation_detects_extra_entry_and_refuses_close" time="2.042" /><testcase classname="tests.test_sprint05_adversarial" name="test_partial_batch_transport_never_duplicates_confirmed_or_uncertain" time="1.906" /><testcase classname="tests.test_sprint05_browser" name="test_browser_advance_reversal_closure_and_privacy" time="41.313" /><testcase classname="tests.test_sprint05_browser_adversarial" name="test_browser_lost_advance_ack_replays_without_duplicate" time="18.859" /><testcase classname="tests.test_sprint05_cycles" name="test_strict_identifiers[True]" time="0.016" /><testcase classname="tests.test_sprint05_cycles" name="test_strict_identifiers[False]" time="0.005" /><testcase classname="tests.test_sprint05_cycles" name="test_strict_identifiers[1.5_0]" time="0.008" /><testcase classname="tests.test_sprint05_cycles" name="test_strict_identifiers[1.0]" time="0.003" /><testcase classname="tests.test_sprint05_cycles" name="test_strict_identifiers[1.5_1]" time="0.004" /><testcase classname="tests.test_sprint05_cycles" name="test_strict_identifiers[NaN]" time="0.002" /><testcase classname="tests.test_sprint05_cycles" name="test_strict_identifiers[-1]" time="0.006" /><testcase classname="tests.test_sprint05_cycles" name="test_strict_identifiers[0]" time="0.004" /><testcase classname="tests.test_sprint05_cycles" name="test_strict_identifiers[2147483648]" time="0.007" /><testcase classname="tests.test_sprint05_cycles" name="test_strict_identifiers[None]" time="0.003" /><testcase classname="tests.test_sprint05_cycles" name="test_advance_full_cycle_preserves_ledger_and_stock[False]" time="3.826" /><testcase classname="tests.test_sprint05_cycles" name="test_advance_full_cycle_preserves_ledger_and_stock[True]" time="2.824" /><testcase classname="tests.test_sprint05_cycles" name="test_advance_cancel_and_concurrent_approval" time="2.284" /><testcase classname="tests.test_sprint05_cycles" name="test_advance_failure_after_ledger_insert_rolls_back" time="2.110" /><testcase classname="tests.test_sprint05_cycles" name="test_financial_reversal_and_audited_closure" time="3.171" /><testcase classname="tests.test_sprint05_cycles" name="test_ledger_rejects_destructive_changes[DELETE FROM lancamentos_financeiros]" time="1.763" /><testcase classname="tests.test_sprint05_cycles" name="test_ledger_rejects_destructive_changes[UPDATE lancamentos_financeiros SET valor=99]" time="9.168" /><testcase classname="tests.test_sprint05_cycles" name="test_cashback_queue_and_sale_are_one_transaction" time="2.583" /><testcase classname="tests.test_sprint05_cycles" name="test_queue_gateway_outcomes_concurrency_and_replay[sucesso-ENVIADO]" time="2.055" /><testcase classname="tests.test_sprint05_cycles" name="test_queue_gateway_outcomes_concurrency_and_replay[recusa-FALHOU]" time="1.778" /><testcase classname="tests.test_sprint05_cycles" name="test_queue_gateway_outcomes_concurrency_and_replay[timeout-INCERTO]" time="2.188" /><testcase classname="tests.test_sprint05_cycles" name="test_queue_backoff_exhaustion_and_default_block" time="2.059" /><testcase classname="tests.test_sprint05_cycles" name="test_consent_export_anonymization_preserves_obligations" time="2.873" /><testcase classname="tests.test_sprint05_cycles" name="test_cashback_expiration_concurrency_and_consumption" time="2.570" /><testcase classname="tests.test_sprint05_cycles" name="test_new_mutations_require_csrf[/api/financeiro/lancamentos/1/estornar]" time="1.930" /><testcase classname="tests.test_sprint05_cycles" name="test_new_mutations_require_csrf[/api/financeiro/fechamentos/1/ajustar]" time="2.012" /><testcase classname="tests.test_sprint05_cycles" name="test_new_mutations_require_csrf[/api/adiantamentos/solicitar]" time="1.793" /><testcase classname="tests.test_sprint05_cycles" name="test_new_mutations_require_csrf[/api/adiantamentos/1/transicao]" time="1.883" /><testcase classname="tests.test_sprint05_cycles" name="test_new_mutations_require_csrf[/api/clientes/1/consentimento]" time="1.625" /><testcase classname="tests.test_sprint05_cycles" name="test_new_mutations_require_csrf[/api/clientes/1/anonimizar]" time="1.711" /><testcase classname="tests.test_sprint05_cycles" name="test_new_mutations_require_csrf[/api/clientes/mensagens/processar]" time="2.322" /><testcase classname="tests.test_sprint05_cycles" name="test_new_mutations_require_csrf[/api/clientes/cashback/expirar]" time="1.912" /><testcase classname="tests.test_sprint05_cycles" name="test_http_tenant_privacy_and_finance_isolation" time="4.553" /><testcase classname="tests.test_sprint05_cycles" name="test_advance_refuses_invalid_money_without_effects[NaN]" time="1.768" /><testcase classname="tests.test_sprint05_cycles" name="test_advance_refuses_invalid_money_without_effects[Infinity]" time="1.655" /><testcase classname="tests.test_sprint05_cycles" name="test_advance_refuses_invalid_money_without_effects[-Infinity]" time="1.594" /><testcase classname="tests.test_sprint05_cycles" name="test_advance_refuses_invalid_money_without_effects[0.001]" time="1.542" /><testcase classname="tests.test_sprint05_cycles" name="test_advance_refuses_invalid_money_without_effects[-0.01]" time="1.824" /><testcase classname="tests.test_sprint05_cycles" name="test_advance_refuses_invalid_money_without_effects[10000000000]" time="1.574" /><testcase classname="tests.test_sprint05_cycles" name="test_expired_unused_credit_does_not_prevent_sale_cancellation[False]" time="2.442" /><testcase classname="tests.test_sprint05_cycles" name="test_expired_unused_credit_does_not_prevent_sale_cancellation[True]" time="2.224" /><testcase classname="tests.test_sprint05_cycles" name="test_cashback_spend_partial_full_cancel_reconciles" time="2.673" /><testcase classname="tests.test_sprint05_cycles" name="test_cashback_processing_is_idempotent_and_checks_payload" time="2.397" /><testcase classname="tests.test_sprint05_cycles" name="test_queue_lost_confirmation_never_retries_uncertain" time="3.191" /><testcase classname="tests.test_sprint05_cycles" name="test_anonymized_idempotent_sale_cannot_reveal_customer_again" time="2.045" /><testcase classname="tests.test_sprint05_cycles" name="test_reports_do_not_silently_drop_records_above_1000" time="2.813" /><testcase classname="tests.test_sprint05_cycles" name="test_new_permissions_revalidated_in_existing_session[estornar_financeiro-/api/financeiro/lancamentos/1/estornar-post]" time="2.011" /><testcase classname="tests.test_sprint05_cycles" name="test_new_permissions_revalidated_in_existing_session[reabrir_caixa-/api/financeiro/fechamentos/1/ajustar-post]" time="2.534" /><testcase classname="tests.test_sprint05_cycles" name="test_new_permissions_revalidated_in_existing_session[autorizar_adiantamento-/api/adiantamentos/1/transicao-post]" time="2.171" /><testcase classname="tests.test_sprint05_cycles" name="test_new_permissions_revalidated_in_existing_session[gerenciar_privacidade_cliente-/api/clientes/1/exportar-get]" time="2.290" /><testcase classname="tests.test_sprint05_cycles" name="test_new_permissions_revalidated_in_existing_session[enviar_mensagem_cliente-/api/clientes/mensagens/processar-post]" time="2.349" /><testcase classname="tests.test_startup" name="test_production_startup_uses_secure_configuration" time="2.789" /><testcase classname="tests.test_startup" name="test_production_startup_rejects_missing_variables[None-DATABASE_URL]" time="1.422" /><testcase classname="tests.test_startup" name="test_production_startup_rejects_missing_variables[None-SECRET_KEY]" time="1.407" /><testcase classname="tests.test_startup" name="test_production_startup_rejects_missing_variables[None-JWT_SECRET_KEY]" time="1.033" /><testcase classname="tests.test_startup" name="test_production_startup_rejects_missing_variables[None-FIELD_ENCRYPTION_KEY]" time="1.112" /><testcase classname="tests.test_startup" name="test_production_startup_rejects_missing_variables[-DATABASE_URL]" time="1.107" /><testcase classname="tests.test_startup" name="test_production_startup_rejects_missing_variables[-SECRET_KEY]" time="1.137" /><testcase classname="tests.test_startup" name="test_production_startup_rejects_missing_variables[-JWT_SECRET_KEY]" time="1.113" /><testcase classname="tests.test_startup" name="test_production_startup_rejects_missing_variables[-FIELD_ENCRYPTION_KEY]" time="1.362" /><testcase classname="tests.test_startup" name="test_production_startup_rejects_each_weak_secret[SECRET_KEY]" time="1.258" /><testcase classname="tests.test_startup" name="test_production_startup_rejects_each_weak_secret[JWT_SECRET_KEY]" time="1.144" /><testcase classname="tests.test_startup" name="test_production_startup_rejects_each_weak_secret[FIELD_ENCRYPTION_KEY]" time="1.086" /><testcase classname="tests.test_startup" name="test_startup_rejects_unknown_environment[prod]" time="1.032" /><testcase classname="tests.test_startup" name="test_startup_rejects_unknown_environment[]" time="1.166" /><testcase classname="tests.test_startup" name="test_startup_rejects_unknown_environment[production-typo]" time="1.308" /><testcase classname="tests.test_startup" name="test_production_startup_rejects_invalid_database_without_leaking_url[sqlite:///production.db]" time="1.151" /><testcase classname="tests.test_startup" name="test_production_startup_rejects_invalid_database_without_leaking_url[mysql://unused:private-database-password@localhost/oceanblue]" time="1.184" /><testcase classname="tests.test_startup" name="test_production_startup_rejects_invalid_database_without_leaking_url[malformed-private-database-password]" time="1.185" /><testcase classname="tests.test_startup" name="test_production_startup_rejects_invalid_database_without_leaking_url[postgresql://unused:private-database-password@localhost:not-a-port/oceanblue]" time="1.217" /><testcase classname="tests.test_startup" name="test_production_rejects_unsafe_secret_and_attempt_configuration[overrides0]" time="1.066" /><testcase classname="tests.test_startup" name="test_production_rejects_unsafe_secret_and_attempt_configuration[overrides1]" time="1.109" /><testcase classname="tests.test_startup" name="test_production_rejects_unsafe_secret_and_attempt_configuration[overrides2]" time="1.034" /><testcase classname="tests.test_startup" name="test_production_rejects_unsafe_secret_and_attempt_configuration[overrides3]" time="1.115" /><testcase classname="tests.test_startup" name="test_production_rejects_unsafe_secret_and_attempt_configuration[overrides4]" time="1.089" /><testcase classname="tests.test_startup" name="test_production_rejects_unsafe_secret_and_attempt_configuration[overrides5]" time="1.107" /><testcase classname="tests.test_startup" name="test_production_rejects_unsafe_secret_and_attempt_configuration[overrides6]" time="1.152" /><testcase classname="tests.test_startup" name="test_production_rejects_unsafe_secret_and_attempt_configuration[overrides7]" time="1.106" /><testcase classname="tests.test_startup" name="test_production_rejects_unsafe_secret_and_attempt_configuration[overrides8]" time="1.195" /><testcase classname="tests.test_startup" name="test_production_rejects_unsafe_secret_and_attempt_configuration[overrides9]" time="1.266" /></testsuite></testsuites>