<?xml version="1.0" encoding="utf-8"?><testsuites><testsuite name="pytest" errors="1" failures="13" skipped="0" tests="20" time="277.951" timestamp="2026-09-07T07:23:33.201016+00:00" hostname="e2ec292248dd"><testcase classname="tests.test_sprint06_browser_adversarial" name="test_mobile_sidebar_keyboard_round_trip[auditoria]" time="13.220"><failure message="AssertionError: Locator expected to be focused&#10;Actual value: inactive &#10;Call log:&#10;  - Expect &quot;to_be_focused&quot; with timeout 5000ms&#10;  - waiting for locator(&quot;#tenantSidebar a[href]&quot;).last&#10;    9 × locator resolved to &lt;a aria-current=&quot;false&quot; title=&quot;Importacao em Lote&quot; class=&quot;tenant-sidebar__link &quot; href=&quot;/api/importacao-exportacao/view&quot;&gt;…&lt;/a&gt;&#10;      - unexpected value &quot;inactive&quot;">operational_page = &lt;Page url='http://127.0.0.1:8765/api/auditoria/view'&gt;

    def test_mobile_sidebar_keyboard_round_trip(operational_page):
        page = operational_page
        opener = open_sidebar(page)
        close = page.locator(".sidebar-mobile-close")
        last_link = page.locator("#tenantSidebar a[href]").last
        page.keyboard.press("Shift+Tab")
&gt;       expect(last_link).to_be_focused()
E       AssertionError: Locator expected to be focused
E       Actual value: inactive 
E       Call log:
E         - Expect "to_be_focused" with timeout 5000ms
E         - waiting for locator("#tenantSidebar a[href]").last
E           9 × locator resolved to &lt;a aria-current="false" title="Importacao em Lote" class="tenant-sidebar__link " href="/api/importacao-exportacao/view"&gt;…&lt;/a&gt;
E             - unexpected value "inactive"

tests/test_sprint06_browser_adversarial.py:48: AssertionError</failure></testcase><testcase classname="tests.test_sprint06_browser_adversarial" name="test_mobile_sidebar_keyboard_round_trip[operacoes]" time="14.345"><failure message="AssertionError: Locator expected to be focused&#10;Actual value: inactive &#10;Call log:&#10;  - Expect &quot;to_be_focused&quot; with timeout 5000ms&#10;  - waiting for locator(&quot;#tenantSidebar a[href]&quot;).last&#10;    9 × locator resolved to &lt;a aria-current=&quot;false&quot; title=&quot;Importacao em Lote&quot; class=&quot;tenant-sidebar__link &quot; href=&quot;/api/importacao-exportacao/view&quot;&gt;…&lt;/a&gt;&#10;      - unexpected value &quot;inactive&quot;">operational_page = &lt;Page url='http://127.0.0.1:8765/api/operacoes/view'&gt;

    def test_mobile_sidebar_keyboard_round_trip(operational_page):
        page = operational_page
        opener = open_sidebar(page)
        close = page.locator(".sidebar-mobile-close")
        last_link = page.locator("#tenantSidebar a[href]").last
        page.keyboard.press("Shift+Tab")
&gt;       expect(last_link).to_be_focused()
E       AssertionError: Locator expected to be focused
E       Actual value: inactive 
E       Call log:
E         - Expect "to_be_focused" with timeout 5000ms
E         - waiting for locator("#tenantSidebar a[href]").last
E           9 × locator resolved to &lt;a aria-current="false" title="Importacao em Lote" class="tenant-sidebar__link " href="/api/importacao-exportacao/view"&gt;…&lt;/a&gt;
E             - unexpected value "inactive"

tests/test_sprint06_browser_adversarial.py:48: AssertionError</failure></testcase><testcase classname="tests.test_sprint06_browser_adversarial" name="test_mobile_sidebar_focus_fits_viewport[auditoria-320]" time="6.601"><failure message="AssertionError: {'height': 568, 'width': 332, 'x': 0, 'y': 0}&#10;assert (0 &gt;= 0 and (0 + 332) &lt;= 320)">operational_page = &lt;Page url='http://127.0.0.1:8765/api/auditoria/view'&gt;
width = 320

    @pytest.mark.parametrize("width", [320, 390, 767])
    def test_mobile_sidebar_focus_fits_viewport(operational_page, width):
        page = operational_page
        page.set_viewport_size({"width": width, "height": 568})
        open_sidebar(page)
        sidebar = page.locator("#tenantSidebar")
        bounds = sidebar.bounding_box()
&gt;       assert bounds["x"] &gt;= 0 and bounds["x"] + bounds["width"] &lt;= width, bounds
E       AssertionError: {'height': 568, 'width': 332, 'x': 0, 'y': 0}
E       assert (0 &gt;= 0 and (0 + 332) &lt;= 320)

tests/test_sprint06_browser_adversarial.py:74: AssertionError</failure></testcase><testcase classname="tests.test_sprint06_browser_adversarial" name="test_mobile_sidebar_focus_fits_viewport[auditoria-390]" time="9.962" /><testcase classname="tests.test_sprint06_browser_adversarial" name="test_mobile_sidebar_focus_fits_viewport[auditoria-767]" time="12.182" /><testcase classname="tests.test_sprint06_browser_adversarial" name="test_mobile_sidebar_focus_fits_viewport[operacoes-320]" time="10.866"><failure message="AssertionError: {'height': 568, 'width': 332, 'x': 0, 'y': 0}&#10;assert (0 &gt;= 0 and (0 + 332) &lt;= 320)">operational_page = &lt;Page url='http://127.0.0.1:8765/api/operacoes/view'&gt;
width = 320

    @pytest.mark.parametrize("width", [320, 390, 767])
    def test_mobile_sidebar_focus_fits_viewport(operational_page, width):
        page = operational_page
        page.set_viewport_size({"width": width, "height": 568})
        open_sidebar(page)
        sidebar = page.locator("#tenantSidebar")
        bounds = sidebar.bounding_box()
&gt;       assert bounds["x"] &gt;= 0 and bounds["x"] + bounds["width"] &lt;= width, bounds
E       AssertionError: {'height': 568, 'width': 332, 'x': 0, 'y': 0}
E       assert (0 &gt;= 0 and (0 + 332) &lt;= 320)

tests/test_sprint06_browser_adversarial.py:74: AssertionError</failure></testcase><testcase classname="tests.test_sprint06_browser_adversarial" name="test_mobile_sidebar_focus_fits_viewport[operacoes-390]" time="16.514" /><testcase classname="tests.test_sprint06_browser_adversarial" name="test_mobile_sidebar_focus_fits_viewport[operacoes-767]" time="16.439" /><testcase classname="tests.test_sprint06_browser_adversarial" name="test_sidebar_focus_survives_breakpoint_changes[auditoria]" time="19.267"><failure message="AssertionError: Locator expected to be focused&#10;Actual value: inactive &#10;Call log:&#10;  - Expect &quot;to_be_focused&quot; with timeout 5000ms&#10;  - waiting for locator(&quot;.tenant-topbar [data-sidebar-toggle]&quot;)&#10;    9 × locator resolved to &lt;button type=&quot;button&quot; aria-expanded=&quot;true&quot; data-sidebar-toggle=&quot;&quot; class=&quot;tenant-topbar__toggle&quot; aria-label=&quot;Recolher menu lateral&quot;&gt;…&lt;/button&gt;&#10;      - unexpected value &quot;inactive&quot;">operational_page = &lt;Page url='http://127.0.0.1:8765/api/auditoria/view'&gt;

    def test_sidebar_focus_survives_breakpoint_changes(operational_page):
        page = operational_page
        opener = open_sidebar(page)
        page.set_viewport_size({"width": 1024, "height": 844})
        expect(page.locator(".sidebar-mobile-close")).to_be_hidden()
&gt;       expect(opener).to_be_focused()
E       AssertionError: Locator expected to be focused
E       Actual value: inactive 
E       Call log:
E         - Expect "to_be_focused" with timeout 5000ms
E         - waiting for locator(".tenant-topbar [data-sidebar-toggle]")
E           9 × locator resolved to &lt;button type="button" aria-expanded="true" data-sidebar-toggle="" class="tenant-topbar__toggle" aria-label="Recolher menu lateral"&gt;…&lt;/button&gt;
E             - unexpected value "inactive"

tests/test_sprint06_browser_adversarial.py:89: AssertionError</failure></testcase><testcase classname="tests.test_sprint06_browser_adversarial" name="test_sidebar_focus_survives_breakpoint_changes[operacoes]" time="21.187"><failure message="AssertionError: Locator expected to be focused&#10;Actual value: inactive &#10;Call log:&#10;  - Expect &quot;to_be_focused&quot; with timeout 5000ms&#10;  - waiting for locator(&quot;.tenant-topbar [data-sidebar-toggle]&quot;)&#10;    9 × locator resolved to &lt;button type=&quot;button&quot; aria-expanded=&quot;true&quot; data-sidebar-toggle=&quot;&quot; class=&quot;tenant-topbar__toggle&quot; aria-label=&quot;Recolher menu lateral&quot;&gt;…&lt;/button&gt;&#10;      - unexpected value &quot;inactive&quot;">operational_page = &lt;Page url='http://127.0.0.1:8765/api/operacoes/view'&gt;

    def test_sidebar_focus_survives_breakpoint_changes(operational_page):
        page = operational_page
        opener = open_sidebar(page)
        page.set_viewport_size({"width": 1024, "height": 844})
        expect(page.locator(".sidebar-mobile-close")).to_be_hidden()
&gt;       expect(opener).to_be_focused()
E       AssertionError: Locator expected to be focused
E       Actual value: inactive 
E       Call log:
E         - Expect "to_be_focused" with timeout 5000ms
E         - waiting for locator(".tenant-topbar [data-sidebar-toggle]")
E           9 × locator resolved to &lt;button type="button" aria-expanded="true" data-sidebar-toggle="" class="tenant-topbar__toggle" aria-label="Recolher menu lateral"&gt;…&lt;/button&gt;
E             - unexpected value "inactive"

tests/test_sprint06_browser_adversarial.py:89: AssertionError</failure></testcase><testcase classname="tests.test_sprint06_browser_adversarial" name="test_persisted_mobile_sidebar_receives_focus[auditoria]" time="20.613"><failure message="AssertionError: Locator expected to be focused&#10;Actual value: inactive &#10;Call log:&#10;  - Expect &quot;to_be_focused&quot; with timeout 5000ms&#10;  - waiting for locator(&quot;.sidebar-mobile-close&quot;)&#10;    9 × locator resolved to &lt;button type=&quot;button&quot; aria-expanded=&quot;true&quot; data-sidebar-toggle=&quot;&quot; class=&quot;sidebar-mobile-close&quot; aria-label=&quot;Recolher menu lateral&quot;&gt;Fechar menu&lt;/button&gt;&#10;      - unexpected value &quot;inactive&quot;">operational_page = &lt;Page url='http://127.0.0.1:8765/api/auditoria/view'&gt;

    def test_persisted_mobile_sidebar_receives_focus(operational_page):
        page = operational_page
        open_sidebar(page)
        page.reload(wait_until="networkidle")
        expect(page.locator("#tenantSidebar")).to_be_visible()
&gt;       expect(page.locator(".sidebar-mobile-close")).to_be_focused()
E       AssertionError: Locator expected to be focused
E       Actual value: inactive 
E       Call log:
E         - Expect "to_be_focused" with timeout 5000ms
E         - waiting for locator(".sidebar-mobile-close")
E           9 × locator resolved to &lt;button type="button" aria-expanded="true" data-sidebar-toggle="" class="sidebar-mobile-close" aria-label="Recolher menu lateral"&gt;Fechar menu&lt;/button&gt;
E             - unexpected value "inactive"

tests/test_sprint06_browser_adversarial.py:106: AssertionError</failure></testcase><testcase classname="tests.test_sprint06_browser_adversarial" name="test_persisted_mobile_sidebar_receives_focus[operacoes]" time="17.840"><failure message="AssertionError: Locator expected to be focused&#10;Actual value: inactive &#10;Call log:&#10;  - Expect &quot;to_be_focused&quot; with timeout 5000ms&#10;  - waiting for locator(&quot;.sidebar-mobile-close&quot;)&#10;    9 × locator resolved to &lt;button type=&quot;button&quot; aria-expanded=&quot;true&quot; data-sidebar-toggle=&quot;&quot; class=&quot;sidebar-mobile-close&quot; aria-label=&quot;Recolher menu lateral&quot;&gt;Fechar menu&lt;/button&gt;&#10;      - unexpected value &quot;inactive&quot;">operational_page = &lt;Page url='http://127.0.0.1:8765/api/operacoes/view'&gt;

    def test_persisted_mobile_sidebar_receives_focus(operational_page):
        page = operational_page
        open_sidebar(page)
        page.reload(wait_until="networkidle")
        expect(page.locator("#tenantSidebar")).to_be_visible()
&gt;       expect(page.locator(".sidebar-mobile-close")).to_be_focused()
E       AssertionError: Locator expected to be focused
E       Actual value: inactive 
E       Call log:
E         - Expect "to_be_focused" with timeout 5000ms
E         - waiting for locator(".sidebar-mobile-close")
E           9 × locator resolved to &lt;button type="button" aria-expanded="true" data-sidebar-toggle="" class="sidebar-mobile-close" aria-label="Recolher menu lateral"&gt;Fechar menu&lt;/button&gt;
E             - unexpected value "inactive"

tests/test_sprint06_browser_adversarial.py:106: AssertionError</failure></testcase><testcase classname="tests.test_sprint06_browser_adversarial" name="test_user_disclosure_escape_and_tab_dismissal[auditoria-390]" time="13.883"><failure message="AssertionError: Locator expected to be hidden&#10;Actual value: visible &#10;Call log:&#10;  - Expect &quot;to_be_hidden&quot; with timeout 5000ms&#10;  - waiting for locator(&quot;#userDropdown&quot;)&#10;    9 × locator resolved to &lt;div id=&quot;userDropdown&quot; class=&quot;absolute right-0 mt-3 w-60 glass rounded-2xl py-2 shadow-2xl animate-slide-in-top border border-white/10 z-[100]&quot;&gt;…&lt;/div&gt;&#10;      - unexpected value &quot;visible&quot;">operational_page = &lt;Page url='http://127.0.0.1:8765/api/auditoria/view'&gt;
width = 390

    @pytest.mark.parametrize("width", [390, 1440])
    def test_user_disclosure_escape_and_tab_dismissal(operational_page, width):
        page = operational_page
        page.set_viewport_size({"width": width, "height": 844})
        button = page.locator("#userMenuBtn")
        dropdown = page.locator("#userDropdown")
        button.focus()
        page.keyboard.press("Enter")
        expect(dropdown).to_be_visible()
        page.keyboard.press("Tab")
        expect(dropdown.locator("a[href]").first).to_be_focused()
        page.keyboard.press("Escape")
&gt;       expect(dropdown).to_be_hidden()
E       AssertionError: Locator expected to be hidden
E       Actual value: visible 
E       Call log:
E         - Expect "to_be_hidden" with timeout 5000ms
E         - waiting for locator("#userDropdown")
E           9 × locator resolved to &lt;div id="userDropdown" class="absolute right-0 mt-3 w-60 glass rounded-2xl py-2 shadow-2xl animate-slide-in-top border border-white/10 z-[100]"&gt;…&lt;/div&gt;
E             - unexpected value "visible"

tests/test_sprint06_browser_adversarial.py:123: AssertionError</failure></testcase><testcase classname="tests.test_sprint06_browser_adversarial" name="test_user_disclosure_escape_and_tab_dismissal[auditoria-1440]" time="17.011"><failure message="AssertionError: Locator expected to be hidden&#10;Actual value: visible &#10;Call log:&#10;  - Expect &quot;to_be_hidden&quot; with timeout 5000ms&#10;  - waiting for locator(&quot;#userDropdown&quot;)&#10;    9 × locator resolved to &lt;div id=&quot;userDropdown&quot; class=&quot;absolute right-0 mt-3 w-60 glass rounded-2xl py-2 shadow-2xl animate-slide-in-top border border-white/10 z-[100]&quot;&gt;…&lt;/div&gt;&#10;      - unexpected value &quot;visible&quot;">operational_page = &lt;Page url='http://127.0.0.1:8765/api/auditoria/view'&gt;
width = 1440

    @pytest.mark.parametrize("width", [390, 1440])
    def test_user_disclosure_escape_and_tab_dismissal(operational_page, width):
        page = operational_page
        page.set_viewport_size({"width": width, "height": 844})
        button = page.locator("#userMenuBtn")
        dropdown = page.locator("#userDropdown")
        button.focus()
        page.keyboard.press("Enter")
        expect(dropdown).to_be_visible()
        page.keyboard.press("Tab")
        expect(dropdown.locator("a[href]").first).to_be_focused()
        page.keyboard.press("Escape")
&gt;       expect(dropdown).to_be_hidden()
E       AssertionError: Locator expected to be hidden
E       Actual value: visible 
E       Call log:
E         - Expect "to_be_hidden" with timeout 5000ms
E         - waiting for locator("#userDropdown")
E           9 × locator resolved to &lt;div id="userDropdown" class="absolute right-0 mt-3 w-60 glass rounded-2xl py-2 shadow-2xl animate-slide-in-top border border-white/10 z-[100]"&gt;…&lt;/div&gt;
E             - unexpected value "visible"

tests/test_sprint06_browser_adversarial.py:123: AssertionError</failure></testcase><testcase classname="tests.test_sprint06_browser_adversarial" name="test_user_disclosure_escape_and_tab_dismissal[operacoes-390]" time="13.899"><failure message="AssertionError: Locator expected to be hidden&#10;Actual value: visible &#10;Call log:&#10;  - Expect &quot;to_be_hidden&quot; with timeout 5000ms&#10;  - waiting for locator(&quot;#userDropdown&quot;)&#10;    9 × locator resolved to &lt;div id=&quot;userDropdown&quot; class=&quot;absolute right-0 mt-3 w-60 glass rounded-2xl py-2 shadow-2xl animate-slide-in-top border border-white/10 z-[100]&quot;&gt;…&lt;/div&gt;&#10;      - unexpected value &quot;visible&quot;">operational_page = &lt;Page url='http://127.0.0.1:8765/api/operacoes/view'&gt;
width = 390

    @pytest.mark.parametrize("width", [390, 1440])
    def test_user_disclosure_escape_and_tab_dismissal(operational_page, width):
        page = operational_page
        page.set_viewport_size({"width": width, "height": 844})
        button = page.locator("#userMenuBtn")
        dropdown = page.locator("#userDropdown")
        button.focus()
        page.keyboard.press("Enter")
        expect(dropdown).to_be_visible()
        page.keyboard.press("Tab")
        expect(dropdown.locator("a[href]").first).to_be_focused()
        page.keyboard.press("Escape")
&gt;       expect(dropdown).to_be_hidden()
E       AssertionError: Locator expected to be hidden
E       Actual value: visible 
E       Call log:
E         - Expect "to_be_hidden" with timeout 5000ms
E         - waiting for locator("#userDropdown")
E           9 × locator resolved to &lt;div id="userDropdown" class="absolute right-0 mt-3 w-60 glass rounded-2xl py-2 shadow-2xl animate-slide-in-top border border-white/10 z-[100]"&gt;…&lt;/div&gt;
E             - unexpected value "visible"

tests/test_sprint06_browser_adversarial.py:123: AssertionError</failure></testcase><testcase classname="tests.test_sprint06_browser_adversarial" name="test_user_disclosure_escape_and_tab_dismissal[operacoes-1440]" time="16.441"><failure message="AssertionError: Locator expected to be hidden&#10;Actual value: visible &#10;Call log:&#10;  - Expect &quot;to_be_hidden&quot; with timeout 5000ms&#10;  - waiting for locator(&quot;#userDropdown&quot;)&#10;    9 × locator resolved to &lt;div id=&quot;userDropdown&quot; class=&quot;absolute right-0 mt-3 w-60 glass rounded-2xl py-2 shadow-2xl animate-slide-in-top border border-white/10 z-[100]&quot;&gt;…&lt;/div&gt;&#10;      - unexpected value &quot;visible&quot;">operational_page = &lt;Page url='http://127.0.0.1:8765/api/operacoes/view'&gt;
width = 1440

    @pytest.mark.parametrize("width", [390, 1440])
    def test_user_disclosure_escape_and_tab_dismissal(operational_page, width):
        page = operational_page
        page.set_viewport_size({"width": width, "height": 844})
        button = page.locator("#userMenuBtn")
        dropdown = page.locator("#userDropdown")
        button.focus()
        page.keyboard.press("Enter")
        expect(dropdown).to_be_visible()
        page.keyboard.press("Tab")
        expect(dropdown.locator("a[href]").first).to_be_focused()
        page.keyboard.press("Escape")
&gt;       expect(dropdown).to_be_hidden()
E       AssertionError: Locator expected to be hidden
E       Actual value: visible 
E       Call log:
E         - Expect "to_be_hidden" with timeout 5000ms
E         - waiting for locator("#userDropdown")
E           9 × locator resolved to &lt;div id="userDropdown" class="absolute right-0 mt-3 w-60 glass rounded-2xl py-2 shadow-2xl animate-slide-in-top border border-white/10 z-[100]"&gt;…&lt;/div&gt;
E             - unexpected value "visible"

tests/test_sprint06_browser_adversarial.py:123: AssertionError</failure></testcase><testcase classname="tests.test_sprint06_browser_adversarial" name="test_keyboard_skip_link_reaches_operational_controls[auditoria]" time="6.688" /><testcase classname="tests.test_sprint06_browser_adversarial" name="test_keyboard_skip_link_reaches_operational_controls[operacoes]" time="8.199"><failure message="assert False&#10; +  where False = evaluate(&quot;element =&gt; { const style = getComputedStyle(element); return style.outlineStyle !== 'none' &amp;&amp; parseFloat(style.outlineWidth) &gt;= 2; }&quot;)&#10; +    where evaluate = &lt;Locator frame=&lt;Frame name= url='http://127.0.0.1:8765/api/operacoes/view#page-content'&gt; selector='#userMenuBtn &gt;&gt; nth=0'&gt;.evaluate">operational_page = &lt;Page url='http://127.0.0.1:8765/api/operacoes/view#page-content'&gt;

    def test_keyboard_skip_link_reaches_operational_controls(operational_page):
        page = operational_page
        page.keyboard.press("Tab")
        assert_visible_focus(page.locator(".skip-link"))
        page.keyboard.press("Enter")
        expect(page.locator("#page-content")).to_be_focused()
        page.keyboard.press("Tab")
        expect(page.locator(".tenant-topbar [data-sidebar-toggle]")).to_be_focused()
        for selector in ["[data-back-button]", "#userMenuBtn", "main input, main select"]:
            page.keyboard.press("Tab")
&gt;           assert_visible_focus(page.locator(selector).first)

tests/test_sprint06_browser_adversarial.py:146: 
_ _ _ _ _ _ _ _ _ _ _ _ _ _ _ _ _ _ _ _ _ _ _ _ _ _ _ _ _ _ _ _ _ _ _ _ _ _ _ _ 

locator = &lt;Locator frame=&lt;Frame name= url='http://127.0.0.1:8765/api/operacoes/view#page-content'&gt; selector='#userMenuBtn &gt;&gt; nth=0'&gt;

    def assert_visible_focus(locator):
        expect(locator).to_be_focused()
&gt;       assert locator.evaluate("element =&gt; { const style = getComputedStyle(element); return style.outlineStyle !== 'none' &amp;&amp; parseFloat(style.outlineWidth) &gt;= 2; }")
E       assert False
E        +  where False = evaluate("element =&gt; { const style = getComputedStyle(element); return style.outlineStyle !== 'none' &amp;&amp; parseFloat(style.outlineWidth) &gt;= 2; }")
E        +    where evaluate = &lt;Locator frame=&lt;Frame name= url='http://127.0.0.1:8765/api/operacoes/view#page-content'&gt; selector='#userMenuBtn &gt;&gt; nth=0'&gt;.evaluate

tests/test_sprint06_browser_adversarial.py:38: AssertionError</failure></testcase><testcase classname="tests.test_sprint06_browser_adversarial" name="test_cold_assets_local_and_loaded_page_offline_recovery[auditoria]" time="14.550" /><testcase classname="tests.test_sprint06_browser_adversarial" name="test_cold_assets_local_and_loaded_page_offline_recovery[operacoes]" time="7.294"><error message="failed on setup with &quot;playwright._impl._errors.TargetClosedError: Browser.new_context: Target page, context or browser has been closed&#10;Browser logs:&#10;&#10;&lt;launching&gt; /opt/playwright/chromium_headless_shell-1187/chrome-linux/headless_shell --disable-field-trial-config --disable-background-networking --disable-background-timer-throttling --disable-backgrounding-occluded-windows --disable-back-forward-cache --disable-breakpad --disable-client-side-phishing-detection --disable-component-extensions-with-background-pages --disable-component-update --no-default-browser-check --disable-default-apps --disable-dev-shm-usage --disable-extensions --disable-features=AcceptCHFrame,AvoidUnnecessaryBeforeUnloadCheckSync,DestroyProfileOnBrowserClose,DialMediaRouteProvider,GlobalMediaControls,HttpsUpgrades,LensOverlay,MediaRouter,PaintHolding,ThirdPartyStoragePartitioning,Translate,AutoDeElevate --allow-pre-commit-input --disable-hang-monitor --disable-ipc-flooding-protection --disable-popup-blocking --disable-prompt-on-repost --disable-renderer-backgrounding --force-color-profile=srgb --metrics-recording-only --no-first-run --password-store=basic --use-mock-keychain --no-service-autorun --export-tagged-pdf --disable-search-engine-choice-screen --unsafely-disable-devtools-self-xss-warnings --edge-skip-compat-layer-relaunch --enable-automation --headless --hide-scrollbars --mute-audio --blink-settings=primaryHoverType=2,availableHoverTypes=2,primaryPointerType=4,availablePointerTypes=4 --no-sandbox --no-sandbox --user-data-dir=/tmp/playwright_chromiumdev_profile-4QBeZs --remote-debugging-pipe --no-startup-window&#10;&lt;launched&gt; pid=1733&#10;[pid=1733][err] [0907/072806.246548:ERROR:dbus/bus.cc:408] Failed to connect to the bus: Failed to connect to socket /run/dbus/system_bus_socket: No such file or directory&#10;[pid=1733][err] [0100/000000.311637:WARNING:sandbox/policy/linux/sandbox_linux.cc:414] InitializeSandbox() called with multiple threads in process gpu-process.&quot;">transaction_app = &lt;Flask 'app'&gt;
request = &lt;SubRequest 'browser_page' for &lt;Function test_cold_assets_local_and_loaded_page_offline_recovery[operacoes]&gt;&gt;

    @pytest.fixture
    def browser_page(transaction_app, request):
        with transaction_app.app_context():
            ConfiguracaoNotificacaoEstoque.query.filter_by(tenant_id=1).one().popup_ao_entrar = False
            db.session.commit()
        directory = Path("/tmp/e2e") / request.node.name
        directory.mkdir(parents=True, exist_ok=True)
        with (directory / "server.log").open("w") as logfile:
            server = subprocess.Popen([sys.executable, "-m", "gunicorn", "wsgi:app", "--bind", "127.0.0.1:8765",
                "--workers", "2", "--access-logfile", "-", "--forwarded-allow-ips", ""], stdout=logfile, stderr=subprocess.STDOUT)
            try:
                with sync_playwright() as playwright:
                    browser = playwright.chromium.launch(headless=True, args=["--no-sandbox"])
&gt;                   context = browser.new_context(viewport={"width": 1440, "height": 1100})

tests/test_sprint04_browser.py:32: 
_ _ _ _ _ _ _ _ _ _ _ _ _ _ _ _ _ _ _ _ _ _ _ _ _ _ _ _ _ _ _ _ _ _ _ _ _ _ _ _ 
/usr/local/lib/python3.12/site-packages/playwright/sync_api/_generated.py:13969: in new_context
    self._sync(
/usr/local/lib/python3.12/site-packages/playwright/_impl/_browser.py:171: in new_context
    channel = await self._channel.send("newContext", None, params)
/usr/local/lib/python3.12/site-packages/playwright/_impl/_connection.py:69: in send
    return await self._connection.wrap_api_call(
_ _ _ _ _ _ _ _ _ _ _ _ _ _ _ _ _ _ _ _ _ _ _ _ _ _ _ _ _ _ _ _ _ _ _ _ _ _ _ _ 

self = &lt;playwright._impl._connection.Connection object at 0x7707e81780e0&gt;
cb = &lt;function Channel.send.&lt;locals&gt;.&lt;lambda&gt; at 0x7707e7572660&gt;
is_internal = False, title = None

    async def wrap_api_call(
        self, cb: Callable[[], Any], is_internal: bool = False, title: str = None
    ) -&gt; Any:
        if self._api_zone.get():
            return await cb()
        task = asyncio.current_task(self._loop)
        st: List[inspect.FrameInfo] = getattr(
            task, "__pw_stack__", None
        ) or inspect.stack(0)
    
        parsed_st = _extract_stack_trace_information_from_stack(st, is_internal, title)
        self._api_zone.set(parsed_st)
        try:
            return await cb()
        except Exception as error:
&gt;           raise rewrite_error(error, f"{parsed_st['apiName']}: {error}") from None
E           playwright._impl._errors.TargetClosedError: Browser.new_context: Target page, context or browser has been closed
E           Browser logs:
E           
E           &lt;launching&gt; /opt/playwright/chromium_headless_shell-1187/chrome-linux/headless_shell --disable-field-trial-config --disable-background-networking --disable-background-timer-throttling --disable-backgrounding-occluded-windows --disable-back-forward-cache --disable-breakpad --disable-client-side-phishing-detection --disable-component-extensions-with-background-pages --disable-component-update --no-default-browser-check --disable-default-apps --disable-dev-shm-usage --disable-extensions --disable-features=AcceptCHFrame,AvoidUnnecessaryBeforeUnloadCheckSync,DestroyProfileOnBrowserClose,DialMediaRouteProvider,GlobalMediaControls,HttpsUpgrades,LensOverlay,MediaRouter,PaintHolding,ThirdPartyStoragePartitioning,Translate,AutoDeElevate --allow-pre-commit-input --disable-hang-monitor --disable-ipc-flooding-protection --disable-popup-blocking --disable-prompt-on-repost --disable-renderer-backgrounding --force-color-profile=srgb --metrics-recording-only --no-first-run --password-store=basic --use-mock-keychain --no-service-autorun --export-tagged-pdf --disable-search-engine-choice-screen --unsafely-disable-devtools-self-xss-warnings --edge-skip-compat-layer-relaunch --enable-automation --headless --hide-scrollbars --mute-audio --blink-settings=primaryHoverType=2,availableHoverTypes=2,primaryPointerType=4,availablePointerTypes=4 --no-sandbox --no-sandbox --user-data-dir=/tmp/playwright_chromiumdev_profile-4QBeZs --remote-debugging-pipe --no-startup-window
E           &lt;launched&gt; pid=1733
E           [pid=1733][err] [0907/072806.246548:ERROR:dbus/bus.cc:408] Failed to connect to the bus: Failed to connect to socket /run/dbus/system_bus_socket: No such file or directory
E           [pid=1733][err] [0100/000000.311637:WARNING:sandbox/policy/linux/sandbox_linux.cc:414] InitializeSandbox() called with multiple threads in process gpu-process.

/usr/local/lib/python3.12/site-packages/playwright/_impl/_connection.py:558: TargetClosedError</error></testcase></testsuite></testsuites>