<?xml version="1.0" encoding="utf-8"?><testsuites name="pytest tests"><testsuite name="pytest" errors="1" failures="1" skipped="0" tests="868" time="3326.269" timestamp="2026-09-07T17:58:41.637251+00:00" hostname="4704f36608fb"><testcase classname="tests.test_boleto_service" name="test_calcular_juros_multa_aplica_regra_basica" time="0.161" /><testcase classname="tests.test_boleto_service" name="test_recalcular_juros_multa_nao_reaplica_total_de_forma_cumulativa" time="0.001" /><testcase classname="tests.test_boleto_service" name="test_registrar_boleto_atualiza_status_bancario_e_preserva_status_interno" time="0.363" /><testcase classname="tests.test_fluxo_pdv_financeiro.FluxoPdvFinanceiroTestCase" name="test_adiantamento_em_produto_baixa_estoque_e_gera_financeiro" time="1.113" /><testcase classname="tests.test_fluxo_pdv_financeiro.FluxoPdvFinanceiroTestCase" name="test_alerta_email_estoque_dispara_ao_atingir_minimo" time="0.806" /><testcase classname="tests.test_fluxo_pdv_financeiro.FluxoPdvFinanceiroTestCase" name="test_alerta_email_estoque_respeita_cooldown_e_reenvia_em_novo_status" time="0.907" /><testcase classname="tests.test_fluxo_pdv_financeiro.FluxoPdvFinanceiroTestCase" name="test_busca_produto_por_codigo_barras_no_pdv" time="0.523" /><testcase classname="tests.test_fluxo_pdv_financeiro.FluxoPdvFinanceiroTestCase" name="test_cancelamento_de_movimento_manual_reverte_saldo" time="0.672" /><testcase classname="tests.test_fluxo_pdv_financeiro.FluxoPdvFinanceiroTestCase" name="test_cancelamento_parcial_de_item_reverte_estoque_e_ajusta_cashback" time="1.040" /><testcase classname="tests.test_fluxo_pdv_financeiro.FluxoPdvFinanceiroTestCase" name="test_cancelamento_reverte_estoque_e_financeiro" time="0.747" /><testcase classname="tests.test_fluxo_pdv_financeiro.FluxoPdvFinanceiroTestCase" name="test_cashback_respeita_limite_percentual_de_resgate_por_venda" time="0.792" /><testcase classname="tests.test_fluxo_pdv_financeiro.FluxoPdvFinanceiroTestCase" name="test_cliente_sem_vendas_serializa_total_zero" time="0.556" /><testcase classname="tests.test_fluxo_pdv_financeiro.FluxoPdvFinanceiroTestCase" name="test_configuracao_cliente_preserva_senha_existente_quando_campo_nao_e_enviado" time="0.584" /><testcase classname="tests.test_fluxo_pdv_financeiro.FluxoPdvFinanceiroTestCase" name="test_disparo_coletivo_envia_apenas_para_clientes_elegiveis" time="0.666" /><testcase classname="tests.test_fluxo_pdv_financeiro.FluxoPdvFinanceiroTestCase" name="test_emissao_fiscal_gera_numero_chave_xml_e_incrementa_numeracao" time="0.789" /><testcase classname="tests.test_fluxo_pdv_financeiro.FluxoPdvFinanceiroTestCase" name="test_lancamento_manual_e_fechamento" time="0.628" /><testcase classname="tests.test_fluxo_pdv_financeiro.FluxoPdvFinanceiroTestCase" name="test_listagem_de_fechamentos_retorna_operador_e_diferenca" time="0.660" /><testcase classname="tests.test_fluxo_pdv_financeiro.FluxoPdvFinanceiroTestCase" name="test_normalizacao_de_senha_app_do_gmail_remove_espacos" time="0.547" /><testcase classname="tests.test_fluxo_pdv_financeiro.FluxoPdvFinanceiroTestCase" name="test_prevalidacao_fiscal_aponta_pendencias_sem_configuracao" time="0.628" /><testcase classname="tests.test_fluxo_pdv_financeiro.FluxoPdvFinanceiroTestCase" name="test_prevalidacao_fiscal_fica_pronta_com_base_minima_preenchida" time="0.713" /><testcase classname="tests.test_fluxo_pdv_financeiro.FluxoPdvFinanceiroTestCase" name="test_relatorio_produtos_mais_vendidos_consolida_itens_do_pdv" time="0.653" /><testcase classname="tests.test_fluxo_pdv_financeiro.FluxoPdvFinanceiroTestCase" name="test_resumo_folha_considera_adiantamento_em_dinheiro" time="0.701" /><testcase classname="tests.test_fluxo_pdv_financeiro.FluxoPdvFinanceiroTestCase" name="test_template_html_do_email_de_venda_usa_identidade_oceanblue" time="0.785" /><testcase classname="tests.test_fluxo_pdv_financeiro.FluxoPdvFinanceiroTestCase" name="test_teste_configuracao_empresa_usa_payload_informado_sem_persistir" time="0.510" /><testcase classname="tests.test_fluxo_pdv_financeiro.FluxoPdvFinanceiroTestCase" name="test_venda_automatica_aplica_preco_atacado_ao_atingir_quantidade_minima" time="0.638" /><testcase classname="tests.test_fluxo_pdv_financeiro.FluxoPdvFinanceiroTestCase" name="test_venda_baixa_estoque_e_gera_financeiro" time="0.630" /><testcase classname="tests.test_fluxo_pdv_financeiro.FluxoPdvFinanceiroTestCase" name="test_venda_com_cliente_envia_email_automatico_e_registra_cashback" time="0.741" /><testcase classname="tests.test_fluxo_pdv_financeiro.FluxoPdvFinanceiroTestCase" name="test_venda_com_cliente_gera_cashback_e_historico" time="0.708" /><testcase classname="tests.test_fluxo_pdv_financeiro.FluxoPdvFinanceiroTestCase" name="test_venda_em_atacado_exige_quantidade_minima_configurada" time="0.578" /><testcase classname="tests.test_fluxo_pdv_financeiro.FluxoPdvFinanceiroTestCase" name="test_venda_permanece_finalizada_quando_email_automatico_falha" time="0.719" /><testcase classname="tests.test_fluxo_pdv_financeiro.FluxoPdvFinanceiroTestCase" name="test_venda_pode_desativar_cashback_sem_afetar_carteira_existente" time="0.743" /><testcase classname="tests.test_import_export.ImportExportServiceTestCase" name="test_exportacao_de_produtos_retorna_linha_com_empresa_e_valores" time="1.279" /><testcase classname="tests.test_import_export.ImportExportServiceTestCase" name="test_importacao_de_produto_cria_categoria_e_vinculo_por_empresa" time="0.865" /><testcase classname="tests.test_import_export.ImportExportServiceTestCase" name="test_template_produtos_contem_abas_e_headers_esperados" time="2.077" /><testcase classname="tests.test_integracoes_sprint4" name="test_asaas_provider_cria_cliente_e_cobranca_boleto" time="0.004" /><testcase classname="tests.test_integracoes_sprint4" name="test_focus_provider_emite_nfce_com_ref_idempotente" time="0.001" /><testcase classname="tests.test_permission_hierarchy.PermissionHierarchyTestCase" name="test_dependencia_em_cadeia_remove_filhos_orfaos" time="0.001" /><testcase classname="tests.test_permission_hierarchy.PermissionHierarchyTestCase" name="test_financeiro_relatorio_depende_do_geral" time="0.001" /><testcase classname="tests.test_permission_hierarchy.PermissionHierarchyTestCase" name="test_todas_as_permissions_padrao_estao_cobertas_no_catalogo" time="0.001" /><testcase classname="tests.test_permissions_security.PermissionsSecurityTestCase" name="test_admin_recebe_novas_permissoes_por_padrao" time="0.813" /><testcase classname="tests.test_permissions_security.PermissionsSecurityTestCase" name="test_authenticated_write_requires_csrf_token" time="0.870" /><testcase classname="tests.test_permissions_security.PermissionsSecurityTestCase" name="test_bootstrap_nao_reaplica_permissoes_removidas_da_role_existente" time="0.574" /><testcase classname="tests.test_permissions_security.PermissionsSecurityTestCase" name="test_login_nao_renderiza_configuracoes_e_bloqueia_url_direta" time="0.723" /><testcase classname="tests.test_permissions_security.PermissionsSecurityTestCase" name="test_login_nao_renderiza_financeiro_e_bloqueia_url_direta" time="0.841" /><testcase classname="tests.test_permissions_security.PermissionsSecurityTestCase" name="test_login_registra_auditoria_e_headers_de_seguranca" time="0.711" /><testcase classname="tests.test_permissions_security.PermissionsSecurityTestCase" name="test_rate_limit_bloqueia_excesso_de_tentativas_de_login" time="1.254" /><testcase classname="tests.test_permissions_security.PermissionsSecurityTestCase" name="test_trial_expirado_bloqueia_modulos_do_tenant" time="0.802" /><testcase classname="tests.test_produto_service.ProdutoServiceTestCase" name="test_criar_produto_gera_codigo_barras_ean13_quando_vazio" time="0.666" /><testcase classname="tests.test_produto_service.ProdutoServiceTestCase" name="test_limite_de_produtos_do_plano_bloqueia_novo_cadastro" time="0.515" /><testcase classname="tests.test_produto_service.ProdutoServiceTestCase" name="test_listar_categorias_retorna_categoria_sem_produto_vinculado" time="0.521" /><testcase classname="tests.test_release_candidate" name="test_release_contains_runtime_entrypoint_and_locked_configuration" time="0.056" /><testcase classname="tests.test_release_candidate" name="test_health_reports_packaged_release_version" time="0.081" /><testcase classname="tests.test_release_candidate" name="test_release_rejects_incomplete_or_ambiguous_junit[&lt;testsuites&gt;&lt;testsuite tests=&quot;0&quot; /&gt;&lt;/testsuites&gt;]" time="0.008" /><testcase classname="tests.test_release_candidate" name="test_release_rejects_incomplete_or_ambiguous_junit[&lt;testsuites&gt;&lt;testsuite tests=&quot;1&quot;&gt;&lt;testcase classname=&quot;suite&quot; name=&quot;case&quot;&gt;&lt;skipped /&gt;&lt;/testcase&gt;&lt;/testsuite&gt;&lt;/testsuites&gt;]" time="0.002" /><testcase classname="tests.test_release_candidate" name="test_release_rejects_incomplete_or_ambiguous_junit[&lt;testsuites&gt;&lt;testsuite tests=&quot;2&quot;&gt;&lt;testcase classname=&quot;suite&quot; name=&quot;case&quot;/&gt;&lt;testcase classname=&quot;suite&quot; name=&quot;case&quot;/&gt;&lt;/testsuite&gt;&lt;/testsuites&gt;]" time="0.003" /><testcase classname="tests.test_release_candidate" name="test_release_rejects_incomplete_or_ambiguous_junit[&lt;testsuites&gt;&lt;testsuite tests=&quot;9&quot;&gt;&lt;testcase classname=&quot;suite&quot; name=&quot;case&quot;/&gt;&lt;/testsuite&gt;&lt;/testsuites&gt;]" time="0.003" /><testcase classname="tests.test_release_candidate" name="test_release_rejects_incomplete_or_ambiguous_junit[&lt;testsuites&gt;&lt;testsuite tests=&quot;1&quot; errors=&quot;1&quot;&gt;&lt;testcase classname=&quot;suite&quot; name=&quot;case&quot;/&gt;&lt;/testsuite&gt;&lt;/testsuites&gt;]" time="0.003" /><testcase classname="tests.test_release_candidate" name="test_release_archive_is_reproducible_and_contains_only_expected_sources" time="0.008" /><testcase classname="tests.test_release_candidate" name="test_release_retains_structured_evidence_without_success_trace_duplication" time="0.009" /><testcase classname="tests.test_runtime" name="test_test_environment_rejects_non_test_database[sqlite:///production.db]" time="0.001" /><testcase classname="tests.test_runtime" name="test_test_environment_rejects_non_test_database[postgresql://user:password@localhost/oceanblue]" time="0.001" /><testcase classname="tests.test_runtime" name="test_test_environment_rejects_non_test_database[]" time="0.001" /><testcase classname="tests.test_runtime" name="test_testing_config_rejects_production_database" time="0.001" /><testcase classname="tests.test_runtime" name="test_production_requires_secrets" time="0.001" /><testcase classname="tests.test_runtime" name="test_production_rejects_short_secrets" time="0.002" /><testcase classname="tests.test_runtime" name="test_test_app_preserves_csrf_and_disables_debug" time="0.086" /><testcase classname="tests.test_runtime" name="test_external_network_is_blocked" time="0.001" /><testcase classname="tests.test_runtime" name="test_health_and_readiness_on_migrated_postgresql" time="0.101" /><testcase classname="tests.test_runtime" name="test_readiness_fails_without_leaking_database_details" time="0.218" /><testcase classname="tests.test_schema" name="test_migrated_schema_matches_model_types_indexes_and_foreign_keys" time="0.459" /><testcase classname="tests.test_schema" name="test_schema_upgrade_preserves_rows_and_rolls_back_invalid_legacy_data[False]" time="1.057" /><testcase classname="tests.test_schema" name="test_schema_upgrade_preserves_rows_and_rolls_back_invalid_legacy_data[True]" time="1.150" /><testcase classname="tests.test_security_headers.SecurityHeadersHttpsTestCase" name="test_external_http_request_still_requires_https" time="0.005" /><testcase classname="tests.test_security_headers.SecurityHeadersHttpsTestCase" name="test_forwarded_for_loopback_does_not_bypass_https_enforcement" time="0.005" /><testcase classname="tests.test_security_headers.SecurityHeadersHttpsTestCase" name="test_forwarded_proto_is_not_trusted_without_proxyfix" time="0.005" /><testcase classname="tests.test_security_headers.SecurityHeadersHttpsTestCase" name="test_loopback_cannot_bypass_https_on_login" time="0.004" /><testcase classname="tests.test_security_headers.SecurityHeadersHttpsTestCase" name="test_loopback_http_request_bypasses_https_enforcement_for_internal_healthcheck" time="0.003" /><testcase classname="tests.test_sprint02_adversarial" name="test_platform_account_limit_ignores_supplied_tenant" time="2.332" /><testcase classname="tests.test_sprint02_adversarial" name="test_case_sensitive_accounts_do_not_share_lockout" time="1.618" /><testcase classname="tests.test_sprint02_adversarial" name="test_platform_limit_survives_concurrent_ips_and_tenant_variations" time="1.601" /><testcase classname="tests.test_sprint02_adversarial" name="test_homonymous_tenant_lockouts_are_independent" time="2.501" /><testcase classname="tests.test_sprint02_adversarial" name="test_unicode_csrf_is_invalid_input_not_server_error[/login]" time="1.204" /><testcase classname="tests.test_sprint02_adversarial" name="test_unicode_csrf_is_invalid_input_not_server_error[/redefinir-senha]" time="1.410" /><testcase classname="tests.test_sprint02_adversarial" name="test_authenticated_html_is_never_cached[tenant-/home]" time="1.656" /><testcase classname="tests.test_sprint02_adversarial" name="test_authenticated_html_is_never_cached[platform-/platform/home]" time="1.215" /><testcase classname="tests.test_sprint02_adversarial" name="test_successful_provider_response_cannot_disclose_credentials" time="1.189" /><testcase classname="tests.test_sprint02_adversarial" name="test_fiscal_mock_does_not_probe_server_files_or_environment" time="1.278" /><testcase classname="tests.test_sprint02_adversarial" name="test_database_failure_is_redacted_in_readiness_logs" time="1.688" /><testcase classname="tests.test_sprint02_adversarial" name="test_database_failures_deny_auth_and_leave_session_recoverable[limiter]" time="1.439" /><testcase classname="tests.test_sprint02_adversarial" name="test_database_failures_deny_auth_and_leave_session_recoverable[session]" time="1.299" /><testcase classname="tests.test_sprint02_adversarial" name="test_database_failures_deny_auth_and_leave_session_recoverable[logout]" time="1.369" /><testcase classname="tests.test_sprint02_adversarial" name="test_permission_and_company_revocation_apply_to_existing_cookie" time="2.072" /><testcase classname="tests.test_sprint02_adversarial" name="test_modified_unsigned_claims_cannot_authenticate[tenant_id-2]" time="1.216" /><testcase classname="tests.test_sprint02_adversarial" name="test_modified_unsigned_claims_cannot_authenticate[sub-2]" time="1.134" /><testcase classname="tests.test_sprint02_adversarial" name="test_modified_unsigned_claims_cannot_authenticate[auth_scope-platform]" time="1.220" /><testcase classname="tests.test_sprint02_adversarial" name="test_modified_unsigned_claims_cannot_authenticate[session_version-100]" time="1.121" /><testcase classname="tests.test_sprint02_adversarial" name="test_every_api_method_enforces_auth_scope_and_csrf[anonymous]" time="1.076" /><testcase classname="tests.test_sprint02_adversarial" name="test_every_api_method_enforces_auth_scope_and_csrf[wrong_scope]" time="1.933" /><testcase classname="tests.test_sprint02_adversarial" name="test_every_api_method_enforces_auth_scope_and_csrf[missing_csrf]" time="1.193" /><testcase classname="tests.test_sprint02_adversarial" name="test_company_configuration_idor_read_write_and_test[2]" time="1.669" /><testcase classname="tests.test_sprint02_adversarial" name="test_company_configuration_idor_read_write_and_test[3]" time="1.433" /><testcase classname="tests.test_sprint02_adversarial" name="test_foreign_resource_ids_cannot_read_modify_or_delete" time="3.014" /><testcase classname="tests.test_sprint02_security" name="test_login_requires_tenant_and_never_falls_back_to_platform" time="1.944" /><testcase classname="tests.test_sprint02_security" name="test_csrf_login_logout_and_replay_revocation" time="1.210" /><testcase classname="tests.test_sprint02_security" name="test_password_change_revokes_every_session_and_rejects_wrong_password" time="1.952" /><testcase classname="tests.test_sprint02_security" name="test_deactivation_revokes_existing_cookie[tenant]" time="1.371" /><testcase classname="tests.test_sprint02_security" name="test_deactivation_revokes_existing_cookie[platform]" time="1.254" /><testcase classname="tests.test_sprint02_security" name="test_reset_token_is_hashed_tenant_bound_expiring_and_single_use" time="1.185" /><testcase classname="tests.test_sprint02_security" name="test_concurrent_reset_accepts_one_consumer" time="1.245" /><testcase classname="tests.test_sprint02_security" name="test_rate_limit_shared_across_apps_and_concurrent_requests" time="2.814" /><testcase classname="tests.test_sprint02_security" name="test_forwarded_header_does_not_evade_limit_and_retry_is_present" time="1.528" /><testcase classname="tests.test_sprint02_security" name="test_cross_tenant_foreign_keys_and_company_admin_scope" time="1.073" /><testcase classname="tests.test_sprint02_security" name="test_queries_filter_tenant_and_company_including_bulk_mutations" time="1.102" /><testcase classname="tests.test_sprint02_security" name="test_concurrent_quota_cannot_be_exceeded[produtos-limite_produtos]" time="1.081" /><testcase classname="tests.test_sprint02_security" name="test_concurrent_quota_cannot_be_exceeded[empresas-limite_empresas]" time="1.100" /><testcase classname="tests.test_sprint02_security" name="test_concurrent_quota_cannot_be_exceeded[funcionarios-limite_funcionarios]" time="1.324" /><testcase classname="tests.test_sprint02_security" name="test_trial_missing_expired_and_last_day_consistent" time="1.704" /><testcase classname="tests.test_sprint02_security" name="test_field_rotation_tampering_and_unknown_key" time="1.441" /><testcase classname="tests.test_sprint02_security" name="test_role_changes_are_audited_without_password_hash" time="1.794" /><testcase classname="tests.test_sprint02_security" name="test_import_quota_partial_rows_updates_and_password_policy[produtos-limite_produtos-0]" time="1.256" /><testcase classname="tests.test_sprint02_security" name="test_import_quota_partial_rows_updates_and_password_policy[funcionarios-limite_funcionarios-1]" time="1.689" /><testcase classname="tests.test_sprint02_security" name="test_all_tenant_tables_and_foreign_keys_have_database_integrity_guard" time="1.075" /><testcase classname="tests.test_sprint02_security" name="test_sales_quota_is_concurrent_and_cross_tenant_child_is_rejected" time="1.208" /><testcase classname="tests.test_sprint02_security" name="test_company_isolation_of_financial_links_within_same_tenant" time="1.045" /><testcase classname="tests.test_sprint02_security" name="test_http_cross_tenant_crud_reset_and_platform_boundary" time="1.414" /><testcase classname="tests.test_sprint02_security" name="test_nonadmin_cannot_grant_roles_or_import_staff_even_with_permission" time="1.545" /><testcase classname="tests.test_sprint02_security" name="test_http_errors_hide_database_and_exception_details" time="1.189" /><testcase classname="tests.test_sprint02_security" name="test_every_api_requires_auth_except_health_and_disabled_webhook" time="1.169" /><testcase classname="tests.test_sprint02_security" name="test_seed_requires_explicit_password_and_never_creates_demo_in_production" time="1.181" /><testcase classname="tests.test_sprint02_security" name="test_rotation_cli_handles_legacy_and_rolls_back_corrupt_fields" time="1.181" /><testcase classname="tests.test_sprint02_security" name="test_real_integrations_and_webhook_stay_disabled" time="1.119" /><testcase classname="tests.test_sprint02_security" name="test_jwt_key_version_rotation_rejects_previous_tokens" time="1.088" /><testcase classname="tests.test_sprint02_security" name="test_rate_limit_shared_between_distinct_processes" time="4.976" /><testcase classname="tests.test_sprint02_security" name="test_http_password_reset_revokes_cookie_and_rejects_reuse" time="1.565" /><testcase classname="tests.test_sprint02_security" name="test_admin_without_all_companies_cannot_change_shared_accounts" time="1.366" /><testcase classname="tests.test_sprint02_security" name="test_outbound_allowlist_blocks_ssrf[https://provider.example/message-8.8.8.8-True]" time="1.100" /><testcase classname="tests.test_sprint02_security" name="test_outbound_allowlist_blocks_ssrf[https://provider.example/message-127.0.0.1-False]" time="1.004" /><testcase classname="tests.test_sprint02_security" name="test_outbound_allowlist_blocks_ssrf[https://provider.example/message-169.254.169.254-False]" time="1.223" /><testcase classname="tests.test_sprint02_security" name="test_outbound_allowlist_blocks_ssrf[https://provider.example/message-::1-False]" time="0.963" /><testcase classname="tests.test_sprint02_security" name="test_outbound_allowlist_blocks_ssrf[http://provider.example/message-8.8.8.8-False]" time="1.038" /><testcase classname="tests.test_sprint02_security" name="test_outbound_allowlist_blocks_ssrf[https://other.example/message-8.8.8.8-False]" time="0.983" /><testcase classname="tests.test_sprint02_security" name="test_outbound_allowlist_blocks_ssrf[https://user:password@provider.example/message-8.8.8.8-False]" time="1.081" /><testcase classname="tests.test_sprint02_security" name="test_outbound_allowlist_blocks_ssrf[https://provider.example:8443/message-8.8.8.8-False]" time="0.972" /><testcase classname="tests.test_sprint02_security" name="test_webhook_redirects_and_smtp_provider_details_are_blocked" time="1.101" /><testcase classname="tests.test_sprint02_security" name="test_security_migration_rejects_legacy_cross_tenant_data_atomically" time="1.631" /><testcase classname="tests.test_sprint02_security" name="test_role_creation_and_audit_roll_back_together" time="1.048" /><testcase classname="tests.test_sprint03_adversarial" name="test_sale_rollback_at_each_persisted_stage[Venda]" time="1.493" /><testcase classname="tests.test_sprint03_adversarial" name="test_sale_rollback_at_each_persisted_stage[ItemVenda]" time="1.649" /><testcase classname="tests.test_sprint03_adversarial" name="test_sale_rollback_at_each_persisted_stage[PagamentoVenda]" time="1.588" /><testcase classname="tests.test_sprint03_adversarial" name="test_sale_rollback_at_each_persisted_stage[MovimentoEstoque]" time="1.521" /><testcase classname="tests.test_sprint03_adversarial" name="test_sale_rollback_at_each_persisted_stage[LancamentoFinanceiro]" time="1.779" /><testcase classname="tests.test_sprint03_adversarial" name="test_sale_rollback_at_each_persisted_stage[OperacaoIdempotente]" time="1.541" /><testcase classname="tests.test_sprint03_adversarial" name="test_cancel_rollback_at_each_persisted_stage[Venda-after_update-False]" time="1.486" /><testcase classname="tests.test_sprint03_adversarial" name="test_cancel_rollback_at_each_persisted_stage[Venda-after_update-True]" time="1.514" /><testcase classname="tests.test_sprint03_adversarial" name="test_cancel_rollback_at_each_persisted_stage[MovimentoEstoque-after_insert-False]" time="2.098" /><testcase classname="tests.test_sprint03_adversarial" name="test_cancel_rollback_at_each_persisted_stage[MovimentoEstoque-after_insert-True]" time="1.876" /><testcase classname="tests.test_sprint03_adversarial" name="test_cancel_rollback_at_each_persisted_stage[LancamentoFinanceiro-after_insert-False]" time="2.048" /><testcase classname="tests.test_sprint03_adversarial" name="test_cancel_rollback_at_each_persisted_stage[LancamentoFinanceiro-after_insert-True]" time="1.982" /><testcase classname="tests.test_sprint03_adversarial" name="test_cancel_rollback_at_each_persisted_stage[OperacaoIdempotente-after_insert-False]" time="1.548" /><testcase classname="tests.test_sprint03_adversarial" name="test_cancel_rollback_at_each_persisted_stage[OperacaoIdempotente-after_insert-True]" time="1.543" /><testcase classname="tests.test_sprint03_adversarial" name="test_cashback_without_customer_cannot_reduce_payment" time="1.692" /><testcase classname="tests.test_sprint03_adversarial" name="test_partial_refunds_conserve_every_cent[False-0.01]" time="1.889" /><testcase classname="tests.test_sprint03_adversarial" name="test_partial_refunds_conserve_every_cent[False-0.02]" time="1.669" /><testcase classname="tests.test_sprint03_adversarial" name="test_partial_refunds_conserve_every_cent[False-29.99]" time="1.569" /><testcase classname="tests.test_sprint03_adversarial" name="test_partial_refunds_conserve_every_cent[True-0.01]" time="1.529" /><testcase classname="tests.test_sprint03_adversarial" name="test_partial_refunds_conserve_every_cent[True-0.02]" time="1.628" /><testcase classname="tests.test_sprint03_adversarial" name="test_partial_refunds_conserve_every_cent[True-29.99]" time="2.132" /><testcase classname="tests.test_sprint03_adversarial" name="test_two_sales_for_last_unit_with_distinct_keys" time="1.720" /><testcase classname="tests.test_sprint03_adversarial" name="test_concurrent_same_key_different_payload" time="1.381" /><testcase classname="tests.test_sprint03_adversarial" name="test_simultaneous_full_and_partial_cancellation" time="1.564" /><testcase classname="tests.test_sprint03_adversarial" name="test_each_layout_invalid_middle_row_preserves_existing_data[categorias]" time="1.357" /><testcase classname="tests.test_sprint03_adversarial" name="test_each_layout_invalid_middle_row_preserves_existing_data[produtos]" time="1.358" /><testcase classname="tests.test_sprint03_adversarial" name="test_each_layout_invalid_middle_row_preserves_existing_data[funcionarios]" time="2.360" /><testcase classname="tests.test_sprint03_adversarial" name="test_each_layout_invalid_middle_row_preserves_existing_data[cupons]" time="1.338" /><testcase classname="tests.test_sprint03_adversarial" name="test_each_layout_invalid_middle_row_preserves_existing_data[formas_pagamento]" time="1.387" /><testcase classname="tests.test_sprint03_adversarial" name="test_each_layout_invalid_middle_row_preserves_existing_data[categorias_financeiras]" time="1.757" /><testcase classname="tests.test_sprint03_adversarial" name="test_duplicate_concurrent_batches_are_updates_without_duplicate_effects[categorias]" time="1.124" /><testcase classname="tests.test_sprint03_adversarial" name="test_duplicate_concurrent_batches_are_updates_without_duplicate_effects[produtos]" time="1.243" /><testcase classname="tests.test_sprint03_adversarial" name="test_duplicate_concurrent_batches_are_updates_without_duplicate_effects[funcionarios]" time="1.403" /><testcase classname="tests.test_sprint03_adversarial" name="test_duplicate_concurrent_batches_are_updates_without_duplicate_effects[cupons]" time="1.228" /><testcase classname="tests.test_sprint03_adversarial" name="test_duplicate_concurrent_batches_are_updates_without_duplicate_effects[formas_pagamento]" time="1.110" /><testcase classname="tests.test_sprint03_adversarial" name="test_duplicate_concurrent_batches_are_updates_without_duplicate_effects[categorias_financeiras]" time="1.283" /><testcase classname="tests.test_sprint03_adversarial" name="test_money_boundary_is_client_error_and_atomic[NaN]" time="2.009" /><testcase classname="tests.test_sprint03_adversarial" name="test_money_boundary_is_client_error_and_atomic[sNaN]" time="1.490" /><testcase classname="tests.test_sprint03_adversarial" name="test_money_boundary_is_client_error_and_atomic[Infinity]" time="1.329" /><testcase classname="tests.test_sprint03_adversarial" name="test_money_boundary_is_client_error_and_atomic[-Infinity]" time="1.278" /><testcase classname="tests.test_sprint03_adversarial" name="test_money_boundary_is_client_error_and_atomic[9999999999.999]" time="1.555" /><testcase classname="tests.test_sprint03_adversarial" name="test_money_boundary_is_client_error_and_atomic[1e1000]" time="1.711" /><testcase classname="tests.test_sprint03_adversarial" name="test_product_update_preserves_barcode_when_omitted" time="1.211" /><testcase classname="tests.test_sprint03_adversarial" name="test_employee_history_cannot_be_detached_by_delete" time="1.761" /><testcase classname="tests.test_sprint03_adversarial" name="test_refunds_do_not_overpay_individual_payment_sources" time="1.599" /><testcase classname="tests.test_sprint03_adversarial" name="test_partial_refunds_revoke_all_generated_cashback" time="1.701" /><testcase classname="tests.test_sprint03_adversarial" name="test_partial_refunds_restore_each_consumed_credit_exactly" time="2.340" /><testcase classname="tests.test_sprint03_adversarial" name="test_cashback_insert_failure_rolls_back_sale_and_wallet[CreditoCashbackCliente]" time="1.524" /><testcase classname="tests.test_sprint03_adversarial" name="test_cashback_insert_failure_rolls_back_sale_and_wallet[MovimentoCarteiraCliente]" time="1.854" /><testcase classname="tests.test_sprint03_adversarial" name="test_import_foreign_company_rolls_back_every_row[produtos-fields0]" time="1.214" /><testcase classname="tests.test_sprint03_adversarial" name="test_import_foreign_company_rolls_back_every_row[funcionarios-fields1]" time="1.341" /><testcase classname="tests.test_sprint03_adversarial" name="test_idempotency_replay_rechecks_company_access[sale]" time="1.379" /><testcase classname="tests.test_sprint03_adversarial" name="test_idempotency_replay_rechecks_company_access[cancel]" time="1.492" /><testcase classname="tests.test_sprint03_database" name="test_postgresql_rejects_nan_in_persisted_money[produtos_empresa-valor_compra]" time="1.520" /><testcase classname="tests.test_sprint03_database" name="test_postgresql_rejects_nan_in_persisted_money[funcionarios-salario]" time="1.859" /><testcase classname="tests.test_sprint03_database" name="test_postgresql_rejects_nan_in_persisted_money[vendas-total]" time="1.374" /><testcase classname="tests.test_sprint03_database" name="test_postgresql_rejects_nan_in_persisted_money[pagamentos_venda-valor]" time="1.374" /><testcase classname="tests.test_sprint03_database" name="test_postgresql_rejects_nan_in_persisted_money[itens_venda-valor_unitario]" time="1.329" /><testcase classname="tests.test_sprint03_database" name="test_postgresql_rejects_nan_in_persisted_money[lancamentos_financeiros-valor]" time="1.385" /><testcase classname="tests.test_sprint03_database" name="test_postgresql_rejects_nan_in_persisted_money[movimentos_estoque-valor_unitario]" time="1.457" /><testcase classname="tests.test_sprint03_database" name="test_finite_migration_refuses_inconsistent_legacy_without_data_loss[produtos_empresa-valor_compra]" time="1.603" /><testcase classname="tests.test_sprint03_database" name="test_finite_migration_refuses_inconsistent_legacy_without_data_loss[vendas-total]" time="2.172" /><testcase classname="tests.test_sprint03_database" name="test_all_numeric_columns_have_database_finite_guards" time="1.308" /><testcase classname="tests.test_sprint03_faults" name="test_each_import_layout_rollback_after_actual_insert[categorias-CategoriaProduto]" time="1.398" /><testcase classname="tests.test_sprint03_faults" name="test_each_import_layout_rollback_after_actual_insert[produtos-ProdutoEmpresa]" time="1.345" /><testcase classname="tests.test_sprint03_faults" name="test_each_import_layout_rollback_after_actual_insert[funcionarios-FuncionarioEmpresa]" time="1.588" /><testcase classname="tests.test_sprint03_faults" name="test_each_import_layout_rollback_after_actual_insert[cupons-Cupom]" time="1.478" /><testcase classname="tests.test_sprint03_faults" name="test_each_import_layout_rollback_after_actual_insert[formas_pagamento-FormaPagamento]" time="1.341" /><testcase classname="tests.test_sprint03_faults" name="test_each_import_layout_rollback_after_actual_insert[categorias_financeiras-CategoriaFinanceira]" time="1.243" /><testcase classname="tests.test_sprint03_faults" name="test_registration_parent_insert_failure_preserves_all_tables[Produto]" time="1.329" /><testcase classname="tests.test_sprint03_faults" name="test_registration_parent_insert_failure_preserves_all_tables[Funcionario]" time="1.330" /><testcase classname="tests.test_sprint03_faults" name="test_last_quota_between_registration_and_batch" time="1.203" /><testcase classname="tests.test_sprint03_faults" name="test_concurrent_barcode_updates_preserve_loser" time="1.804" /><testcase classname="tests.test_sprint03_faults" name="test_postgresql_orphan_and_ledger_audit_after_mixed_operations" time="1.872" /><testcase classname="tests.test_sprint03_transactions" name="test_parent_and_links_rollback_after_child_insert_failure[ProdutoEmpresa-product]" time="1.189" /><testcase classname="tests.test_sprint03_transactions" name="test_parent_and_links_rollback_after_child_insert_failure[FuncionarioEmpresa-employee]" time="1.273" /><testcase classname="tests.test_sprint03_transactions" name="test_parent_and_links_rollback_after_child_insert_failure[RolePermission-role]" time="1.160" /><testcase classname="tests.test_sprint03_transactions" name="test_final_parent_delete_failure_restores_link[product]" time="1.190" /><testcase classname="tests.test_sprint03_transactions" name="test_final_parent_delete_failure_restores_link[employee]" time="1.327" /><testcase classname="tests.test_sprint03_transactions" name="test_employee_company_set_and_role_changes_are_atomic" time="1.414" /><testcase classname="tests.test_sprint03_transactions" name="test_product_multiple_companies_preserves_balances_and_quota" time="1.253" /><testcase classname="tests.test_sprint03_transactions" name="test_invalid_product_never_leaves_parent[fields0]" time="1.809" /><testcase classname="tests.test_sprint03_transactions" name="test_invalid_product_never_leaves_parent[fields1]" time="1.224" /><testcase classname="tests.test_sprint03_transactions" name="test_invalid_product_never_leaves_parent[fields2]" time="1.342" /><testcase classname="tests.test_sprint03_transactions" name="test_invalid_product_never_leaves_parent[fields3]" time="1.204" /><testcase classname="tests.test_sprint03_transactions" name="test_invalid_product_never_leaves_parent[fields4]" time="1.153" /><testcase classname="tests.test_sprint03_transactions" name="test_invalid_product_never_leaves_parent[fields5]" time="1.078" /><testcase classname="tests.test_sprint03_transactions" name="test_invalid_product_never_leaves_parent[fields6]" time="1.132" /><testcase classname="tests.test_sprint03_transactions" name="test_invalid_product_never_leaves_parent[fields7]" time="1.149" /><testcase classname="tests.test_sprint03_transactions" name="test_invalid_product_never_leaves_parent[fields8]" time="1.174" /><testcase classname="tests.test_sprint03_transactions" name="test_invalid_product_never_leaves_parent[fields9]" time="1.212" /><testcase classname="tests.test_sprint03_transactions" name="test_category_validation_and_in_use_delete" time="1.181" /><testcase classname="tests.test_sprint03_transactions" name="test_concurrent_generated_and_duplicate_barcodes" time="1.253" /><testcase classname="tests.test_sprint03_transactions" name="test_concurrent_stock_exhaustion_has_one_winner" time="1.257" /><testcase classname="tests.test_sprint03_transactions" name="test_sale_and_partial_cancellation_replay_concurrently" time="2.075" /><testcase classname="tests.test_sprint03_transactions" name="test_full_cancellation_and_stock_callback_replays" time="1.490" /><testcase classname="tests.test_sprint03_transactions" name="test_sale_failure_after_stock_restores_every_table" time="1.476" /><testcase classname="tests.test_sprint03_transactions" name="test_all_six_layouts_preview_import_export_reimport[categorias]" time="1.239" /><testcase classname="tests.test_sprint03_transactions" name="test_all_six_layouts_preview_import_export_reimport[produtos]" time="1.422" /><testcase classname="tests.test_sprint03_transactions" name="test_all_six_layouts_preview_import_export_reimport[funcionarios]" time="1.539" /><testcase classname="tests.test_sprint03_transactions" name="test_all_six_layouts_preview_import_export_reimport[cupons]" time="1.204" /><testcase classname="tests.test_sprint03_transactions" name="test_all_six_layouts_preview_import_export_reimport[formas_pagamento]" time="1.234" /><testcase classname="tests.test_sprint03_transactions" name="test_all_six_layouts_preview_import_export_reimport[categorias_financeiras]" time="1.351" /><testcase classname="tests.test_sprint03_transactions" name="test_all_layouts_reject_entire_batch_when_last_row_invalid[categorias]" time="1.282" /><testcase classname="tests.test_sprint03_transactions" name="test_all_layouts_reject_entire_batch_when_last_row_invalid[produtos]" time="1.896" /><testcase classname="tests.test_sprint03_transactions" name="test_all_layouts_reject_entire_batch_when_last_row_invalid[funcionarios]" time="1.418" /><testcase classname="tests.test_sprint03_transactions" name="test_all_layouts_reject_entire_batch_when_last_row_invalid[cupons]" time="1.163" /><testcase classname="tests.test_sprint03_transactions" name="test_all_layouts_reject_entire_batch_when_last_row_invalid[formas_pagamento]" time="1.281" /><testcase classname="tests.test_sprint03_transactions" name="test_all_layouts_reject_entire_batch_when_last_row_invalid[categorias_financeiras]" time="1.136" /><testcase classname="tests.test_sprint03_transactions" name="test_import_stock_update_and_conflicting_barcode_rollback" time="1.199" /><testcase classname="tests.test_sprint03_transactions" name="test_concurrent_import_last_quota_and_no_orphans" time="1.189" /><testcase classname="tests.test_sprint03_transactions" name="test_http_preview_and_multicompany_employee" time="1.969" /><testcase classname="tests.test_sprint03_transactions" name="test_role_replacement_failure_preserves_permissions_and_name" time="1.304" /><testcase classname="tests.test_sprint03_transactions" name="test_cancel_failure_restores_sale_stock_finance_and_idempotency" time="1.627" /><testcase classname="tests.test_sprint03_transactions" name="test_commit_failure_does_not_send_notification_or_leave_sale" time="1.418" /><testcase classname="tests.test_sprint03_transactions" name="test_uncancelled_sale_cannot_restore_stock" time="1.976" /><testcase classname="tests.test_sprint03_transactions" name="test_manual_cancellation_concurrent_replay" time="1.430" /><testcase classname="tests.test_sprint03_transactions" name="test_deactivation_is_local_to_product_company" time="1.320" /><testcase classname="tests.test_sprint03_transactions" name="test_import_invalid_values_rollback[row0]" time="1.110" /><testcase classname="tests.test_sprint03_transactions" name="test_import_invalid_values_rollback[row1]" time="1.248" /><testcase classname="tests.test_sprint03_transactions" name="test_import_invalid_values_rollback[row2]" time="1.169" /><testcase classname="tests.test_sprint03_transactions" name="test_import_invalid_values_rollback[row3]" time="1.103" /><testcase classname="tests.test_sprint03_transactions" name="test_export_formula_like_text_is_literal" time="1.135" /><testcase classname="tests.test_sprint03_transactions" name="test_http_sale_requires_key_and_replays_same_business_response" time="3.137" /><testcase classname="tests.test_sprint03_transactions" name="test_migration_rejects_duplicate_legacy_sale_debits_atomically" time="1.645" /><testcase classname="tests.test_sprint04_adversarial" name="test_pretransport_security_rejection_is_retryable[tls]" time="1.308" /><testcase classname="tests.test_sprint04_adversarial" name="test_pretransport_security_rejection_is_retryable[allowlist]" time="1.442" /><testcase classname="tests.test_sprint04_adversarial" name="test_worker_crash_boundaries_preserve_durable_delivery_state[claim]" time="1.241" /><testcase classname="tests.test_sprint04_adversarial" name="test_worker_crash_boundaries_preserve_durable_delivery_state[before_transport]" time="1.197" /><testcase classname="tests.test_sprint04_adversarial" name="test_worker_crash_boundaries_preserve_durable_delivery_state[after_transport]" time="1.217" /><testcase classname="tests.test_sprint04_adversarial" name="test_worker_crash_boundaries_preserve_durable_delivery_state[ack]" time="1.234" /><testcase classname="tests.test_sprint04_adversarial" name="test_transport_rejection_and_ambiguity_do_not_leak_or_duplicate[error0-FALHOU]" time="1.245" /><testcase classname="tests.test_sprint04_adversarial" name="test_transport_rejection_and_ambiguity_do_not_leak_or_duplicate[error1-FALHOU]" time="1.246" /><testcase classname="tests.test_sprint04_adversarial" name="test_transport_rejection_and_ambiguity_do_not_leak_or_duplicate[error2-INCERTO]" time="1.916" /><testcase classname="tests.test_sprint04_adversarial" name="test_transport_rejection_and_ambiguity_do_not_leak_or_duplicate[error3-INCERTO]" time="1.237" /><testcase classname="tests.test_sprint04_adversarial" name="test_coupon_cashback_sale_rollback_at_each_boundary[Venda]" time="1.645" /><testcase classname="tests.test_sprint04_adversarial" name="test_coupon_cashback_sale_rollback_at_each_boundary[ItemVenda]" time="1.803" /><testcase classname="tests.test_sprint04_adversarial" name="test_coupon_cashback_sale_rollback_at_each_boundary[PagamentoVenda]" time="1.648" /><testcase classname="tests.test_sprint04_adversarial" name="test_coupon_cashback_sale_rollback_at_each_boundary[MovimentoEstoque]" time="2.213" /><testcase classname="tests.test_sprint04_adversarial" name="test_coupon_cashback_sale_rollback_at_each_boundary[LancamentoFinanceiro]" time="2.478" /><testcase classname="tests.test_sprint04_adversarial" name="test_coupon_cashback_sale_rollback_at_each_boundary[CreditoCashbackCliente]" time="1.715" /><testcase classname="tests.test_sprint04_adversarial" name="test_coupon_cashback_sale_rollback_at_each_boundary[MovimentoCarteiraCliente]" time="1.670" /><testcase classname="tests.test_sprint04_adversarial" name="test_coupon_cashback_sale_rollback_at_each_boundary[EntregaAlerta]" time="1.728" /><testcase classname="tests.test_sprint04_adversarial" name="test_coupon_cashback_sale_rollback_at_each_boundary[OperacaoIdempotente]" time="1.798" /><testcase classname="tests.test_sprint04_adversarial" name="test_duplicate_lines_last_stock_concurrency_and_reconciliation[VAREJO-3-30]" time="2.383" /><testcase classname="tests.test_sprint04_adversarial" name="test_duplicate_lines_last_stock_concurrency_and_reconciliation[AUTOMATICO-2-20]" time="1.564" /><testcase classname="tests.test_sprint04_adversarial" name="test_duplicate_lines_last_stock_concurrency_and_reconciliation[AUTOMATICO-3-24]" time="1.645" /><testcase classname="tests.test_sprint04_adversarial" name="test_duplicate_lines_last_stock_concurrency_and_reconciliation[ATACADO-3-24]" time="1.615" /><testcase classname="tests.test_sprint04_adversarial" name="test_coupon_expiry_at_brazil_day_boundary[-1-False]" time="1.267" /><testcase classname="tests.test_sprint04_adversarial" name="test_coupon_expiry_at_brazil_day_boundary[0-True]" time="1.524" /><testcase classname="tests.test_sprint04_adversarial" name="test_coupon_expiry_at_brazil_day_boundary[1-True]" time="1.426" /><testcase classname="tests.test_sprint04_adversarial" name="test_sale_replay_divergent_payload_leaves_all_tables_unchanged[desconto_manual-0.01]" time="2.308" /><testcase classname="tests.test_sprint04_adversarial" name="test_sale_replay_divergent_payload_leaves_all_tables_unchanged[modalidade_preco-AUTOMATICO]" time="1.407" /><testcase classname="tests.test_sprint04_adversarial" name="test_sale_replay_divergent_payload_leaves_all_tables_unchanged[cupom_codigo-OTHER]" time="1.540" /><testcase classname="tests.test_sprint04_adversarial" name="test_sale_replay_divergent_payload_leaves_all_tables_unchanged[cashback_ativado-False]" time="1.406" /><testcase classname="tests.test_sprint04_adversarial" name="test_coupon_mutations_require_csrf_and_permission[create]" time="1.408" /><testcase classname="tests.test_sprint04_adversarial" name="test_coupon_mutations_require_csrf_and_permission[edit]" time="1.366" /><testcase classname="tests.test_sprint04_adversarial" name="test_coupon_mutations_require_csrf_and_permission[delete]" time="1.714" /><testcase classname="tests.test_sprint04_adversarial" name="test_alert_retry_enforces_live_company_and_permission[visualizar_todas_empresas]" time="1.598" /><testcase classname="tests.test_sprint04_adversarial" name="test_alert_retry_enforces_live_company_and_permission[gerenciar_alerta_estoque]" time="1.590" /><testcase classname="tests.test_sprint04_adversarial" name="test_sale_identifiers_cannot_be_truncated_into_another_record[fraction-empresa_id]" time="2.172" /><testcase classname="tests.test_sprint04_adversarial" name="test_sale_identifiers_cannot_be_truncated_into_another_record[fraction-produto_id]" time="1.449" /><testcase classname="tests.test_sprint04_adversarial" name="test_sale_identifiers_cannot_be_truncated_into_another_record[fraction-cliente_id]" time="1.282" /><testcase classname="tests.test_sprint04_adversarial" name="test_sale_identifiers_cannot_be_truncated_into_another_record[fraction-forma_pagamento_id]" time="1.340" /><testcase classname="tests.test_sprint04_adversarial" name="test_sale_identifiers_cannot_be_truncated_into_another_record[boolean-empresa_id]" time="1.338" /><testcase classname="tests.test_sprint04_adversarial" name="test_sale_identifiers_cannot_be_truncated_into_another_record[boolean-produto_id]" time="1.249" /><testcase classname="tests.test_sprint04_adversarial" name="test_sale_identifiers_cannot_be_truncated_into_another_record[boolean-cliente_id]" time="1.206" /><testcase classname="tests.test_sprint04_adversarial" name="test_sale_identifiers_cannot_be_truncated_into_another_record[boolean-forma_pagamento_id]" time="1.280" /><testcase classname="tests.test_sprint04_adversarial" name="test_real_worker_process_exit_releases_locks_without_duplicate_delivery[claim]" time="3.955" /><testcase classname="tests.test_sprint04_adversarial" name="test_real_worker_process_exit_releases_locks_without_duplicate_delivery[before_transport]" time="3.611" /><testcase classname="tests.test_sprint04_adversarial" name="test_real_worker_process_exit_releases_locks_without_duplicate_delivery[after_transport]" time="3.664" /><testcase classname="tests.test_sprint04_adversarial" name="test_daily_summary_counts_beyond_visual_limit_and_rolls_over_day" time="2.393" /><testcase classname="tests.test_sprint04_browser" name="test_browser_sale_split_retry_partial_full_reprint[False]" time="23.211" /><testcase classname="tests.test_sprint04_browser" name="test_browser_sale_split_retry_partial_full_reprint[True]" time="19.802" /><testcase classname="tests.test_sprint04_browser" name="test_browser_coupon_create_and_alert_history_retry" time="18.651" /><testcase classname="tests.test_sprint04_browser_adversarial" name="test_browser_coupon_minimum_exact_cents_and_split_payment" time="12.267" /><testcase classname="tests.test_sprint04_operations" name="test_pricing_contract_and_exact_payments[VAREJO-3-30.00-VAREJO]" time="2.561" /><testcase classname="tests.test_sprint04_operations" name="test_pricing_contract_and_exact_payments[ATACADO-3-24.00-ATACADO]" time="2.954" /><testcase classname="tests.test_sprint04_operations" name="test_pricing_contract_and_exact_payments[AUTOMATICO-2-20.00-VAREJO]" time="1.817" /><testcase classname="tests.test_sprint04_operations" name="test_pricing_contract_and_exact_payments[AUTOMATICO-3-24.00-ATACADO]" time="3.507" /><testcase classname="tests.test_sprint04_operations" name="test_invalid_quantities_leave_no_effects[1.1]" time="1.426" /><testcase classname="tests.test_sprint04_operations" name="test_invalid_quantities_leave_no_effects[1.0]" time="1.335" /><testcase classname="tests.test_sprint04_operations" name="test_invalid_quantities_leave_no_effects[True]" time="3.919" /><testcase classname="tests.test_sprint04_operations" name="test_invalid_quantities_leave_no_effects[0]" time="2.011" /><testcase classname="tests.test_sprint04_operations" name="test_invalid_quantities_leave_no_effects[-1]" time="1.588" /><testcase classname="tests.test_sprint04_operations" name="test_invalid_quantities_leave_no_effects[NaN]" time="1.472" /><testcase classname="tests.test_sprint04_operations" name="test_invalid_quantities_leave_no_effects[Infinity]" time="1.621" /><testcase classname="tests.test_sprint04_operations" name="test_invalid_quantities_leave_no_effects[None]" time="1.523" /><testcase classname="tests.test_sprint04_operations" name="test_manual_discount_permissions_and_limits[None-0.01-False]" time="1.649" /><testcase classname="tests.test_sprint04_operations" name="test_manual_discount_permissions_and_limits[aplicar_desconto-1.00-True]" time="2.088" /><testcase classname="tests.test_sprint04_operations" name="test_manual_discount_permissions_and_limits[aplicar_desconto-1.01-False]" time="2.467" /><testcase classname="tests.test_sprint04_operations" name="test_manual_discount_permissions_and_limits[autorizar_desconto-9.99-True]" time="1.981" /><testcase classname="tests.test_sprint04_operations" name="test_coupon_invalid_money_is_atomic[NaN]" time="1.336" /><testcase classname="tests.test_sprint04_operations" name="test_coupon_invalid_money_is_atomic[sNaN]" time="2.613" /><testcase classname="tests.test_sprint04_operations" name="test_coupon_invalid_money_is_atomic[Infinity]" time="1.129" /><testcase classname="tests.test_sprint04_operations" name="test_coupon_invalid_money_is_atomic[-Infinity]" time="1.178" /><testcase classname="tests.test_sprint04_operations" name="test_coupon_invalid_money_is_atomic[-1]" time="1.195" /><testcase classname="tests.test_sprint04_operations" name="test_coupon_invalid_money_is_atomic[0]" time="1.185" /><testcase classname="tests.test_sprint04_operations" name="test_coupon_invalid_money_is_atomic[0.001]" time="1.256" /><testcase classname="tests.test_sprint04_operations" name="test_coupon_invalid_money_is_atomic[10000000000]" time="1.403" /><testcase classname="tests.test_sprint04_operations" name="test_coupon_invalid_rules_do_not_persist[rules0]" time="1.130" /><testcase classname="tests.test_sprint04_operations" name="test_coupon_invalid_rules_do_not_persist[rules1]" time="1.136" /><testcase classname="tests.test_sprint04_operations" name="test_coupon_invalid_rules_do_not_persist[rules2]" time="1.202" /><testcase classname="tests.test_sprint04_operations" name="test_coupon_invalid_rules_do_not_persist[rules3]" time="1.137" /><testcase classname="tests.test_sprint04_operations" name="test_coupon_invalid_rules_do_not_persist[rules4]" time="1.089" /><testcase classname="tests.test_sprint04_operations" name="test_coupon_invalid_rules_do_not_persist[rules5]" time="1.150" /><testcase classname="tests.test_sprint04_operations" name="test_coupon_invalid_rules_do_not_persist[rules6]" time="2.109" /><testcase classname="tests.test_sprint04_operations" name="test_coupon_invalid_rules_do_not_persist[rules7]" time="1.226" /><testcase classname="tests.test_sprint04_operations" name="test_coupon_invalid_rules_do_not_persist[rules8]" time="1.278" /><testcase classname="tests.test_sprint04_operations" name="test_sale_enforces_coupon_period_company_minimum_identity[rules0]" time="1.452" /><testcase classname="tests.test_sprint04_operations" name="test_sale_enforces_coupon_period_company_minimum_identity[rules1]" time="1.368" /><testcase classname="tests.test_sprint04_operations" name="test_sale_enforces_coupon_period_company_minimum_identity[rules2]" time="1.490" /><testcase classname="tests.test_sprint04_operations" name="test_sale_enforces_coupon_period_company_minimum_identity[rules3]" time="1.399" /><testcase classname="tests.test_sprint04_operations" name="test_coupon_rounding_cap_customer_and_historical_usage" time="1.638" /><testcase classname="tests.test_sprint04_operations" name="test_coupon_last_use_is_serialized_in_postgresql" time="1.782" /><testcase classname="tests.test_sprint04_operations" name="test_coupon_use_rollback_then_retry" time="1.657" /><testcase classname="tests.test_sprint04_operations" name="test_split_payments_reject_loss_creation_or_zero[payments0]" time="2.480" /><testcase classname="tests.test_sprint04_operations" name="test_split_payments_reject_loss_creation_or_zero[payments1]" time="1.341" /><testcase classname="tests.test_sprint04_operations" name="test_split_payments_reject_loss_creation_or_zero[payments2]" time="1.357" /><testcase classname="tests.test_sprint04_operations" name="test_split_payments_reject_loss_creation_or_zero[payments3]" time="1.325" /><testcase classname="tests.test_sprint04_operations" name="test_zero_total_cannot_silently_discard_payments" time="1.600" /><testcase classname="tests.test_sprint04_operations" name="test_receipt_reprints_have_no_business_side_effects" time="2.349" /><testcase classname="tests.test_sprint04_operations" name="test_alerts_concurrent_queue_no_duplicate_recipients_or_daily_summary" time="1.630" /><testcase classname="tests.test_sprint04_operations" name="test_alert_partial_recipient_failure_only_retries_failed_delivery" time="1.555" /><testcase classname="tests.test_sprint04_operations" name="test_alert_transport_timeout_is_uncertain_and_not_resent" time="1.683" /><testcase classname="tests.test_sprint04_operations" name="test_sale_and_alert_outbox_rollback_together" time="1.737" /><testcase classname="tests.test_sprint04_operations" name="test_alert_history_http_scope_csrf_and_whatsapp_disabled" time="2.671" /><testcase classname="tests.test_sprint04_operations" name="test_coupon_database_guards[valor_minimo-'NaN'::numeric]" time="1.275" /><testcase classname="tests.test_sprint04_operations" name="test_coupon_database_guards[desconto_maximo-'Infinity'::numeric]" time="1.767" /><testcase classname="tests.test_sprint04_operations" name="test_coupon_database_guards[limite_usos-0]" time="2.015" /><testcase classname="tests.test_sprint04_operations" name="test_coupon_database_guards[empresa_id-3]" time="1.078" /><testcase classname="tests.test_sprint04_operations" name="test_migration_invalid_legacy_coupon_aborts_without_data_loss" time="1.412" /><testcase classname="tests.test_sprint04_operations" name="test_coupon_half_up_rounding_in_cents[0.05-10-None-0.01]" time="0.001" /><testcase classname="tests.test_sprint04_operations" name="test_coupon_half_up_rounding_in_cents[10.00-33.35-None-3.34]" time="0.001" /><testcase classname="tests.test_sprint04_operations" name="test_coupon_half_up_rounding_in_cents[10.00-90-1.99-1.99]" time="0.001" /><testcase classname="tests.test_sprint04_operations" name="test_coupon_half_up_rounding_in_cents[0.01-100-None-0.01]" time="0.001" /><testcase classname="tests.test_sprint04_operations" name="test_pending_alert_survives_worker_loss_and_cli_retries" time="1.584" /><testcase classname="tests.test_sprint04_operations" name="test_successful_delivery_ack_failure_does_not_duplicate" time="1.271" /><testcase classname="tests.test_sprint04_operations" name="test_customer_coupon_limit_concurrent_sales" time="1.590" /><testcase classname="tests.test_sprint04_operations" name="test_automatic_wholesale_uses_combined_quantity_across_lines" time="1.472" /><testcase classname="tests.test_sprint04_operations" name="test_full_cancel_after_partial_is_atomic_idempotent_and_conserves_money" time="1.977" /><testcase classname="tests.test_sprint04_operations" name="test_global_coupon_usage_cannot_be_hidden_by_company_scope" time="3.563" /><testcase classname="tests.test_sprint04_operations" name="test_expiry_alert_boundaries_use_brazil_calendar[-1-1-0]" time="1.248" /><testcase classname="tests.test_sprint04_operations" name="test_expiry_alert_boundaries_use_brazil_calendar[0-0-1]" time="1.328" /><testcase classname="tests.test_sprint04_operations" name="test_expiry_alert_boundaries_use_brazil_calendar[30-0-1]" time="1.183" /><testcase classname="tests.test_sprint04_operations" name="test_expiry_alert_boundaries_use_brazil_calendar[31-0-0]" time="1.204" /><testcase classname="tests.test_sprint04_operations" name="test_simultaneous_retries_send_each_delivery_once" time="1.332" /><testcase classname="tests.test_sprint05_adversarial" name="test_rounded_money_cannot_overflow_storage" time="0.002" /><testcase classname="tests.test_sprint05_adversarial" name="test_ledger_reversal_marker_cannot_be_forged[False]" time="1.185" /><testcase classname="tests.test_sprint05_adversarial" name="test_ledger_reversal_marker_cannot_be_forged[True]" time="1.333" /><testcase classname="tests.test_sprint05_adversarial" name="test_advance_approval_rechecks_employee_company_link" time="1.299" /><testcase classname="tests.test_sprint05_adversarial" name="test_privacy_committed_after_claim_prevents_transport[unsubscribe]" time="1.298" /><testcase classname="tests.test_sprint05_adversarial" name="test_privacy_committed_after_claim_prevents_transport[anonymize]" time="1.241" /><testcase classname="tests.test_sprint05_adversarial" name="test_message_worker_crash_boundaries[claim]" time="1.215" /><testcase classname="tests.test_sprint05_adversarial" name="test_message_worker_crash_boundaries[before_transport]" time="1.246" /><testcase classname="tests.test_sprint05_adversarial" name="test_message_worker_crash_boundaries[after_transport]" time="1.214" /><testcase classname="tests.test_sprint05_adversarial" name="test_message_worker_crash_boundaries[ack]" time="1.176" /><testcase classname="tests.test_sprint05_adversarial" name="test_advance_failure_at_every_persisted_boundary[autorizar-MovimentoEstoque-after_insert]" time="2.664" /><testcase classname="tests.test_sprint05_adversarial" name="test_advance_failure_at_every_persisted_boundary[autorizar-LancamentoFinanceiro-after_insert]" time="1.535" /><testcase classname="tests.test_sprint05_adversarial" name="test_advance_failure_at_every_persisted_boundary[autorizar-AdiantamentoFuncionario-after_update]" time="1.428" /><testcase classname="tests.test_sprint05_adversarial" name="test_advance_failure_at_every_persisted_boundary[autorizar-AuditLog-after_insert]" time="1.358" /><testcase classname="tests.test_sprint05_adversarial" name="test_advance_failure_at_every_persisted_boundary[autorizar-OperacaoIdempotente-after_insert]" time="1.398" /><testcase classname="tests.test_sprint05_adversarial" name="test_advance_failure_at_every_persisted_boundary[estornar-MovimentoEstoque-after_insert]" time="1.590" /><testcase classname="tests.test_sprint05_adversarial" name="test_advance_failure_at_every_persisted_boundary[estornar-LancamentoFinanceiro-after_insert]" time="1.555" /><testcase classname="tests.test_sprint05_adversarial" name="test_advance_failure_at_every_persisted_boundary[estornar-AdiantamentoFuncionario-after_update]" time="1.893" /><testcase classname="tests.test_sprint05_adversarial" name="test_advance_failure_at_every_persisted_boundary[estornar-AuditLog-after_insert]" time="2.418" /><testcase classname="tests.test_sprint05_adversarial" name="test_advance_failure_at_every_persisted_boundary[estornar-OperacaoIdempotente-after_insert]" time="1.586" /><testcase classname="tests.test_sprint05_adversarial" name="test_formal_reversal_failure_is_atomic[ledger]" time="1.413" /><testcase classname="tests.test_sprint05_adversarial" name="test_formal_reversal_failure_is_atomic[audit]" time="2.683" /><testcase classname="tests.test_sprint05_adversarial" name="test_formal_reversal_failure_is_atomic[idempotency]" time="1.431" /><testcase classname="tests.test_sprint05_adversarial" name="test_formal_reversal_failure_is_atomic[commit]" time="1.374" /><testcase classname="tests.test_sprint05_adversarial" name="test_all_invalid_advance_transitions[PENDENTE-baixar]" time="1.229" /><testcase classname="tests.test_sprint05_adversarial" name="test_all_invalid_advance_transitions[PENDENTE-estornar]" time="1.318" /><testcase classname="tests.test_sprint05_adversarial" name="test_all_invalid_advance_transitions[PENDENTE-reverter_baixa]" time="1.363" /><testcase classname="tests.test_sprint05_adversarial" name="test_all_invalid_advance_transitions[AUTORIZADO-reverter_baixa]" time="1.238" /><testcase classname="tests.test_sprint05_adversarial" name="test_all_invalid_advance_transitions[AUTORIZADO-cancelar]" time="1.306" /><testcase classname="tests.test_sprint05_adversarial" name="test_all_invalid_advance_transitions[AUTORIZADO-autorizar]" time="1.273" /><testcase classname="tests.test_sprint05_adversarial" name="test_all_invalid_advance_transitions[BAIXADO-baixar]" time="1.354" /><testcase classname="tests.test_sprint05_adversarial" name="test_all_invalid_advance_transitions[BAIXADO-estornar]" time="1.306" /><testcase classname="tests.test_sprint05_adversarial" name="test_all_invalid_advance_transitions[BAIXADO-cancelar]" time="1.233" /><testcase classname="tests.test_sprint05_adversarial" name="test_all_invalid_advance_transitions[BAIXADO-autorizar]" time="1.483" /><testcase classname="tests.test_sprint05_adversarial" name="test_all_invalid_advance_transitions[CANCELADO-baixar]" time="1.273" /><testcase classname="tests.test_sprint05_adversarial" name="test_all_invalid_advance_transitions[CANCELADO-estornar]" time="1.254" /><testcase classname="tests.test_sprint05_adversarial" name="test_all_invalid_advance_transitions[CANCELADO-cancelar]" time="1.687" /><testcase classname="tests.test_sprint05_adversarial" name="test_all_invalid_advance_transitions[CANCELADO-reverter_baixa]" time="2.472" /><testcase classname="tests.test_sprint05_adversarial" name="test_all_invalid_advance_transitions[CANCELADO-autorizar]" time="1.222" /><testcase classname="tests.test_sprint05_adversarial" name="test_all_invalid_advance_transitions[ESTORNADO-baixar]" time="1.249" /><testcase classname="tests.test_sprint05_adversarial" name="test_all_invalid_advance_transitions[ESTORNADO-estornar]" time="1.211" /><testcase classname="tests.test_sprint05_adversarial" name="test_all_invalid_advance_transitions[ESTORNADO-cancelar]" time="1.328" /><testcase classname="tests.test_sprint05_adversarial" name="test_all_invalid_advance_transitions[ESTORNADO-reverter_baixa]" time="1.267" /><testcase classname="tests.test_sprint05_adversarial" name="test_all_invalid_advance_transitions[ESTORNADO-autorizar]" time="1.320" /><testcase classname="tests.test_sprint05_adversarial" name="test_closure_conflicting_revision_race_and_replay" time="1.928" /><testcase classname="tests.test_sprint05_adversarial" name="test_reconciliation_over_1000_and_local_midnight" time="6.045" /><testcase classname="tests.test_sprint05_adversarial" name="test_message_history_respects_company_scope_http" time="1.596" /><testcase classname="tests.test_sprint05_adversarial" name="test_send_revalidates_permission_after_claim" time="1.256" /><testcase classname="tests.test_sprint05_adversarial" name="test_cashback_use_expire_cancel_race" time="1.820" /><testcase classname="tests.test_sprint05_adversarial" name="test_daily_limit_concurrency_and_due_backoff" time="3.346" /><testcase classname="tests.test_sprint05_adversarial" name="test_ledger_direct_identity_and_value_edits_are_rejected[valor=99]" time="1.327" /><testcase classname="tests.test_sprint05_adversarial" name="test_ledger_direct_identity_and_value_edits_are_rejected[tipo='SAIDA']" time="1.225" /><testcase classname="tests.test_sprint05_adversarial" name="test_ledger_direct_identity_and_value_edits_are_rejected[empresa_id=2]" time="1.374" /><testcase classname="tests.test_sprint05_adversarial" name="test_ledger_direct_identity_and_value_edits_are_rejected[tenant_id=2]" time="1.291" /><testcase classname="tests.test_sprint05_adversarial" name="test_ledger_direct_identity_and_value_edits_are_rejected[descricao='alterado']" time="1.217" /><testcase classname="tests.test_sprint05_adversarial" name="test_ledger_direct_identity_and_value_edits_are_rejected[data_lancamento=now()]" time="1.320" /><testcase classname="tests.test_sprint05_adversarial" name="test_ledger_direct_identity_and_value_edits_are_rejected[lancamento_origem_id=id]" time="1.354" /><testcase classname="tests.test_sprint05_adversarial" name="test_ledger_direct_identity_and_value_edits_are_rejected[funcionario_id=NULL]" time="1.369" /><testcase classname="tests.test_sprint05_adversarial" name="test_privacy_failure_rolls_back_all_operational_copies[customer]" time="1.792" /><testcase classname="tests.test_sprint05_adversarial" name="test_privacy_failure_rolls_back_all_operational_copies[message]" time="1.934" /><testcase classname="tests.test_sprint05_adversarial" name="test_privacy_failure_rolls_back_all_operational_copies[cache]" time="1.554" /><testcase classname="tests.test_sprint05_adversarial" name="test_privacy_failure_rolls_back_all_operational_copies[audit]" time="2.734" /><testcase classname="tests.test_sprint05_adversarial" name="test_privacy_failure_rolls_back_all_operational_copies[commit]" time="1.475" /><testcase classname="tests.test_sprint05_adversarial" name="test_queue_creation_failure_is_atomic[message]" time="1.327" /><testcase classname="tests.test_sprint05_adversarial" name="test_queue_creation_failure_is_atomic[audit]" time="1.242" /><testcase classname="tests.test_sprint05_adversarial" name="test_queue_creation_failure_is_atomic[commit]" time="1.308" /><testcase classname="tests.test_sprint05_adversarial" name="test_closure_adjustment_failure_is_atomic[closure]" time="1.294" /><testcase classname="tests.test_sprint05_adversarial" name="test_closure_adjustment_failure_is_atomic[audit]" time="1.276" /><testcase classname="tests.test_sprint05_adversarial" name="test_closure_adjustment_failure_is_atomic[cache]" time="1.216" /><testcase classname="tests.test_sprint05_adversarial" name="test_closure_adjustment_failure_is_atomic[commit]" time="1.311" /><testcase classname="tests.test_sprint05_adversarial" name="test_advance_api_rejects_extremes_without_effects[empresa_id-True]" time="1.466" /><testcase classname="tests.test_sprint05_adversarial" name="test_advance_api_rejects_extremes_without_effects[empresa_id-1.5]" time="1.470" /><testcase classname="tests.test_sprint05_adversarial" name="test_advance_api_rejects_extremes_without_effects[funcionario_id-False]" time="1.614" /><testcase classname="tests.test_sprint05_adversarial" name="test_advance_api_rejects_extremes_without_effects[funcionario_id-1.0]" time="1.467" /><testcase classname="tests.test_sprint05_adversarial" name="test_advance_api_rejects_extremes_without_effects[valor_total-NaN]" time="2.541" /><testcase classname="tests.test_sprint05_adversarial" name="test_advance_api_rejects_extremes_without_effects[valor_total-Infinity]" time="1.559" /><testcase classname="tests.test_sprint05_adversarial" name="test_advance_api_rejects_extremes_without_effects[valor_total--Infinity]" time="1.525" /><testcase classname="tests.test_sprint05_adversarial" name="test_advance_api_rejects_extremes_without_effects[valor_total-9999999999.999]" time="1.546" /><testcase classname="tests.test_sprint05_adversarial" name="test_advance_api_rejects_extremes_without_effects[valor_total-1e10000]" time="1.631" /><testcase classname="tests.test_sprint05_adversarial" name="test_reconciliation_detects_extra_entry_and_refuses_close" time="1.535" /><testcase classname="tests.test_sprint05_adversarial" name="test_partial_batch_transport_never_duplicates_confirmed_or_uncertain" time="1.378" /><testcase classname="tests.test_sprint05_browser" name="test_browser_advance_reversal_closure_and_privacy" time="24.821" /><testcase classname="tests.test_sprint05_browser_adversarial" name="test_browser_lost_advance_ack_replays_without_duplicate" time="14.132" /><testcase classname="tests.test_sprint05_cycles" name="test_strict_identifiers[True]" time="0.004" /><testcase classname="tests.test_sprint05_cycles" name="test_strict_identifiers[False]" time="0.001" /><testcase classname="tests.test_sprint05_cycles" name="test_strict_identifiers[1.5_0]" time="0.003" /><testcase classname="tests.test_sprint05_cycles" name="test_strict_identifiers[1.0]" time="0.002" /><testcase classname="tests.test_sprint05_cycles" name="test_strict_identifiers[1.5_1]" time="0.002" /><testcase classname="tests.test_sprint05_cycles" name="test_strict_identifiers[NaN]" time="0.001" /><testcase classname="tests.test_sprint05_cycles" name="test_strict_identifiers[-1]" time="0.001" /><testcase classname="tests.test_sprint05_cycles" name="test_strict_identifiers[0]" time="0.001" /><testcase classname="tests.test_sprint05_cycles" name="test_strict_identifiers[2147483648]" time="0.001" /><testcase classname="tests.test_sprint05_cycles" name="test_strict_identifiers[None]" time="0.001" /><testcase classname="tests.test_sprint05_cycles" name="test_advance_full_cycle_preserves_ledger_and_stock[False]" time="1.922" /><testcase classname="tests.test_sprint05_cycles" name="test_advance_full_cycle_preserves_ledger_and_stock[True]" time="5.344" /><testcase classname="tests.test_sprint05_cycles" name="test_advance_cancel_and_concurrent_approval" time="1.590" /><testcase classname="tests.test_sprint05_cycles" name="test_advance_failure_after_ledger_insert_rolls_back" time="2.335" /><testcase classname="tests.test_sprint05_cycles" name="test_financial_reversal_and_audited_closure" time="2.890" /><testcase classname="tests.test_sprint05_cycles" name="test_ledger_rejects_destructive_changes[DELETE FROM lancamentos_financeiros]" time="1.206" /><testcase classname="tests.test_sprint05_cycles" name="test_ledger_rejects_destructive_changes[UPDATE lancamentos_financeiros SET valor=99]" time="1.118" /><testcase classname="tests.test_sprint05_cycles" name="test_cashback_queue_and_sale_are_one_transaction" time="1.707" /><testcase classname="tests.test_sprint05_cycles" name="test_queue_gateway_outcomes_concurrency_and_replay[sucesso-ENVIADO]" time="1.400" /><testcase classname="tests.test_sprint05_cycles" name="test_queue_gateway_outcomes_concurrency_and_replay[recusa-FALHOU]" time="1.395" /><testcase classname="tests.test_sprint05_cycles" name="test_queue_gateway_outcomes_concurrency_and_replay[timeout-INCERTO]" time="1.283" /><testcase classname="tests.test_sprint05_cycles" name="test_queue_backoff_exhaustion_and_default_block" time="1.506" /><testcase classname="tests.test_sprint05_cycles" name="test_consent_export_anonymization_preserves_obligations" time="1.866" /><testcase classname="tests.test_sprint05_cycles" name="test_cashback_expiration_concurrency_and_consumption" time="3.613" /><testcase classname="tests.test_sprint05_cycles" name="test_new_mutations_require_csrf[/api/financeiro/lancamentos/1/estornar]" time="1.559" /><testcase classname="tests.test_sprint05_cycles" name="test_new_mutations_require_csrf[/api/financeiro/fechamentos/1/ajustar]" time="2.474" /><testcase classname="tests.test_sprint05_cycles" name="test_new_mutations_require_csrf[/api/adiantamentos/solicitar]" time="1.694" /><testcase classname="tests.test_sprint05_cycles" name="test_new_mutations_require_csrf[/api/adiantamentos/1/transicao]" time="1.214" /><testcase classname="tests.test_sprint05_cycles" name="test_new_mutations_require_csrf[/api/clientes/1/consentimento]" time="1.258" /><testcase classname="tests.test_sprint05_cycles" name="test_new_mutations_require_csrf[/api/clientes/1/anonimizar]" time="1.329" /><testcase classname="tests.test_sprint05_cycles" name="test_new_mutations_require_csrf[/api/clientes/mensagens/processar]" time="1.348" /><testcase classname="tests.test_sprint05_cycles" name="test_new_mutations_require_csrf[/api/clientes/cashback/expirar]" time="1.232" /><testcase classname="tests.test_sprint05_cycles" name="test_http_tenant_privacy_and_finance_isolation" time="1.651" /><testcase classname="tests.test_sprint05_cycles" name="test_advance_refuses_invalid_money_without_effects[NaN]" time="1.508" /><testcase classname="tests.test_sprint05_cycles" name="test_advance_refuses_invalid_money_without_effects[Infinity]" time="1.611" /><testcase classname="tests.test_sprint05_cycles" name="test_advance_refuses_invalid_money_without_effects[-Infinity]" time="1.594" /><testcase classname="tests.test_sprint05_cycles" name="test_advance_refuses_invalid_money_without_effects[0.001]" time="1.400" /><testcase classname="tests.test_sprint05_cycles" name="test_advance_refuses_invalid_money_without_effects[-0.01]" time="1.429" /><testcase classname="tests.test_sprint05_cycles" name="test_advance_refuses_invalid_money_without_effects[10000000000]" time="1.969" /><testcase classname="tests.test_sprint05_cycles" name="test_expired_unused_credit_does_not_prevent_sale_cancellation[False]" time="3.212" /><testcase classname="tests.test_sprint05_cycles" name="test_expired_unused_credit_does_not_prevent_sale_cancellation[True]" time="3.058" /><testcase classname="tests.test_sprint05_cycles" name="test_cashback_spend_partial_full_cancel_reconciles" time="4.090" /><testcase classname="tests.test_sprint05_cycles" name="test_cashback_processing_is_idempotent_and_checks_payload" time="2.152" /><testcase classname="tests.test_sprint05_cycles" name="test_queue_lost_confirmation_never_retries_uncertain" time="1.566" /><testcase classname="tests.test_sprint05_cycles" name="test_anonymized_idempotent_sale_cannot_reveal_customer_again" time="1.865" /><testcase classname="tests.test_sprint05_cycles" name="test_reports_do_not_silently_drop_records_above_1000" time="2.037" /><testcase classname="tests.test_sprint05_cycles" name="test_new_permissions_revalidated_in_existing_session[estornar_financeiro-/api/financeiro/lancamentos/1/estornar-post]" time="1.772" /><testcase classname="tests.test_sprint05_cycles" name="test_new_permissions_revalidated_in_existing_session[reabrir_caixa-/api/financeiro/fechamentos/1/ajustar-post]" time="1.442" /><testcase classname="tests.test_sprint05_cycles" name="test_new_permissions_revalidated_in_existing_session[autorizar_adiantamento-/api/adiantamentos/1/transicao-post]" time="1.412" /><testcase classname="tests.test_sprint05_cycles" name="test_new_permissions_revalidated_in_existing_session[gerenciar_privacidade_cliente-/api/clientes/1/exportar-get]" time="1.404" /><testcase classname="tests.test_sprint05_cycles" name="test_new_permissions_revalidated_in_existing_session[enviar_mensagem_cliente-/api/clientes/mensagens/processar-post]" time="2.134" /><testcase classname="tests.test_sprint06_browser" name="test_mobile_accessibility_and_local_assets[/api/auditoria/view]" time="11.500" /><testcase classname="tests.test_sprint06_browser" name="test_mobile_accessibility_and_local_assets[/api/operacoes/view]" time="9.003" /><testcase classname="tests.test_sprint06_browser" name="test_mobile_accessibility_and_local_assets[/api/pdv/view]" time="11.807" /><testcase classname="tests.test_sprint06_browser" name="test_mobile_accessibility_and_local_assets[/api/financeiro/view]" time="10.864" /><testcase classname="tests.test_sprint06_browser" name="test_mobile_accessibility_and_local_assets[/api/estoque/view]" time="8.932" /><testcase classname="tests.test_sprint06_browser" name="test_mobile_sale_retry_and_reversal" time="18.296" /><testcase classname="tests.test_sprint06_browser_adversarial" name="test_mobile_sidebar_keyboard_round_trip[auditoria]" time="9.741" /><testcase classname="tests.test_sprint06_browser_adversarial" name="test_mobile_sidebar_keyboard_round_trip[operacoes]" time="12.174" /><testcase classname="tests.test_sprint06_browser_adversarial" name="test_mobile_sidebar_focus_fits_viewport[auditoria-320]" time="10.795" /><testcase classname="tests.test_sprint06_browser_adversarial" name="test_mobile_sidebar_focus_fits_viewport[auditoria-390]" time="11.180" /><testcase classname="tests.test_sprint06_browser_adversarial" name="test_mobile_sidebar_focus_fits_viewport[auditoria-767]" time="11.691" /><testcase classname="tests.test_sprint06_browser_adversarial" name="test_mobile_sidebar_focus_fits_viewport[operacoes-320]" time="10.168" /><testcase classname="tests.test_sprint06_browser_adversarial" name="test_mobile_sidebar_focus_fits_viewport[operacoes-390]" time="10.858" /><testcase classname="tests.test_sprint06_browser_adversarial" name="test_mobile_sidebar_focus_fits_viewport[operacoes-767]" time="15.805" /><testcase classname="tests.test_sprint06_browser_adversarial" name="test_sidebar_focus_survives_breakpoint_changes[auditoria]" time="11.416" /><testcase classname="tests.test_sprint06_browser_adversarial" name="test_sidebar_focus_survives_breakpoint_changes[operacoes]" time="10.577" /><testcase classname="tests.test_sprint06_browser_adversarial" name="test_persisted_mobile_sidebar_receives_focus[auditoria]" time="10.825" /><testcase classname="tests.test_sprint06_browser_adversarial" name="test_persisted_mobile_sidebar_receives_focus[operacoes]" time="12.353" /><testcase classname="tests.test_sprint06_browser_adversarial" name="test_user_disclosure_escape_and_tab_dismissal[auditoria-390]" time="8.118" /><testcase classname="tests.test_sprint06_browser_adversarial" name="test_user_disclosure_escape_and_tab_dismissal[auditoria-1440]" time="13.190" /><testcase classname="tests.test_sprint06_browser_adversarial" name="test_user_disclosure_escape_and_tab_dismissal[operacoes-390]" time="8.985" /><testcase classname="tests.test_sprint06_browser_adversarial" name="test_user_disclosure_escape_and_tab_dismissal[operacoes-1440]" time="9.407" /><testcase classname="tests.test_sprint06_browser_adversarial" name="test_keyboard_skip_link_reaches_operational_controls[auditoria]" time="8.141" /><testcase classname="tests.test_sprint06_browser_adversarial" name="test_keyboard_skip_link_reaches_operational_controls[operacoes]" time="16.767" /><testcase classname="tests.test_sprint06_browser_adversarial" name="test_cold_assets_local_and_loaded_page_offline_recovery[auditoria]" time="9.851" /><testcase classname="tests.test_sprint06_browser_adversarial" name="test_cold_assets_local_and_loaded_page_offline_recovery[operacoes]" time="12.507" /><testcase classname="tests.test_sprint06_data_adversarial" name="test_audit_tenant_cursor_and_header_tampering" time="2.126" /><testcase classname="tests.test_sprint06_data_adversarial" name="test_audit_cookie_claim_tampering" time="1.604" /><testcase classname="tests.test_sprint06_data_adversarial" name="test_audit_requires_permission_and_tenant_scope[/api/auditoria/]" time="1.982" /><testcase classname="tests.test_sprint06_data_adversarial" name="test_audit_requires_permission_and_tenant_scope[/api/auditoria/view]" time="1.492" /><testcase classname="tests.test_sprint06_data_adversarial" name="test_audit_live_company_revocation_and_empty_scope" time="2.904" /><testcase classname="tests.test_sprint06_data_adversarial" name="test_audit_inactive_company_denied" time="1.448" /><testcase classname="tests.test_sprint06_data_adversarial" name="test_audit_rejects_ambiguous_or_out_of_range_parameters[limit=0]" time="1.273" /><testcase classname="tests.test_sprint06_data_adversarial" name="test_audit_rejects_ambiguous_or_out_of_range_parameters[limit=101]" time="1.428" /><testcase classname="tests.test_sprint06_data_adversarial" name="test_audit_rejects_ambiguous_or_out_of_range_parameters[limit=-1]" time="1.359" /><testcase classname="tests.test_sprint06_data_adversarial" name="test_audit_rejects_ambiguous_or_out_of_range_parameters[limit=]" time="1.228" /><testcase classname="tests.test_sprint06_data_adversarial" name="test_audit_rejects_ambiguous_or_out_of_range_parameters[limit=1.0]" time="1.296" /><testcase classname="tests.test_sprint06_data_adversarial" name="test_audit_rejects_ambiguous_or_out_of_range_parameters[limit=1e2]" time="1.268" /><testcase classname="tests.test_sprint06_data_adversarial" name="test_audit_rejects_ambiguous_or_out_of_range_parameters[limit=1_0]" time="2.514" /><testcase classname="tests.test_sprint06_data_adversarial" name="test_audit_rejects_ambiguous_or_out_of_range_parameters[before=0]" time="1.454" /><testcase classname="tests.test_sprint06_data_adversarial" name="test_audit_rejects_ambi
[...]
ssname="tests.test_sprint07_browser" name="test_all_screens_navigation_accessibility_responsive[firefox-stock-sales-768]" time="20.488" /><testcase classname="tests.test_sprint07_browser" name="test_all_screens_navigation_accessibility_responsive[firefox-stock-sales-1440]" time="31.607" /><testcase classname="tests.test_sprint07_browser" name="test_all_screens_navigation_accessibility_responsive[firefox-finance-320]" time="26.796" /><testcase classname="tests.test_sprint07_browser" name="test_all_screens_navigation_accessibility_responsive[firefox-finance-768]" time="20.761" /><testcase classname="tests.test_sprint07_browser" name="test_all_screens_navigation_accessibility_responsive[firefox-finance-1440]" time="23.182" /><testcase classname="tests.test_sprint07_browser" name="test_all_screens_navigation_accessibility_responsive[firefox-admin-320]" time="18.880" /><testcase classname="tests.test_sprint07_browser" name="test_all_screens_navigation_accessibility_responsive[firefox-admin-768]" time="17.759" /><testcase classname="tests.test_sprint07_browser" name="test_all_screens_navigation_accessibility_responsive[firefox-admin-1440]" time="18.934" /><testcase classname="tests.test_sprint07_browser" name="test_all_screens_navigation_accessibility_responsive[firefox-operations-320]" time="9.479" /><testcase classname="tests.test_sprint07_browser" name="test_all_screens_navigation_accessibility_responsive[firefox-operations-768]" time="13.431" /><testcase classname="tests.test_sprint07_browser" name="test_all_screens_navigation_accessibility_responsive[firefox-operations-1440]" time="9.536" /><testcase classname="tests.test_sprint07_browser" name="test_catalog_client_sale_stock_financial_audit_journey[firefox-390]" time="45.711" /><testcase classname="tests.test_sprint07_browser" name="test_catalog_client_sale_stock_financial_audit_journey[firefox-1440]" time="40.379" /><testcase classname="tests.test_sprint07_browser" name="test_admin_role_employee_and_restricted_login_journey[firefox-390]" time="24.574" /><testcase classname="tests.test_sprint07_browser" name="test_admin_role_employee_and_restricted_login_journey[firefox-1440]" time="30.174"><failure message="playwright._impl._errors.TimeoutError: Locator.fill: Timeout 20000ms exceeded.&#10;Call log:&#10;  - waiting for locator(&quot;#cadastro-nome&quot;)&#10;    - locator resolved to &lt;input name=&quot;nome&quot; type=&quot;text&quot; required=&quot;&quot; maxlength=&quot;100&quot; id=&quot;cadastro-nome&quot; placeholder=&quot;Ex.: Estoquista&quot; class=&quot;w-full bg-slate-950 border border-slate-800 focus:border-sky-500 focus:ring-2 focus:ring-sky-500/20 rounded-xl px-4 py-3 text-white placeholder:text-slate-500 outline-none transition&quot;/&gt;&#10;    - fill(&quot;Consulta Catalogo 07&quot;)&#10;  - attempting fill action&#10;    2 × waiting for element to be visible, enabled and editable&#10;      - element is not visible&#10;    - retrying fill action&#10;    - waiting 20ms&#10;    2 × waiting for element to be visible, enabled and editable&#10;      - element is not visible&#10;    - retrying fill action&#10;      - waiting 100ms&#10;    39 × waiting for element to be visible, enabled and editable&#10;       - element is not visible&#10;     - retrying fill action&#10;       - waiting 500ms">sprint07_browser = namespace(page=&lt;Page url='http://127.0.0.1:8767/api/roles/view'&gt;, evidence={'engine': 'firefox', 'version': '141.0', 'screens': [], 'errors': ['rolePage is not defined'], 'external_requests': [], 'http_errors': []})
transaction_app = &lt;Flask 'app'&gt;, width = 1440

    @pytest.mark.parametrize("width", [390, 1440])
    def test_admin_role_employee_and_restricted_login_journey(sprint07_browser, transaction_app, width):
        session = sprint07_browser
        page = session.page
        page.set_viewport_size({"width": width, "height": 900})
        navigate(page, "/configuracoes/home")
        page.locator('main a[href="/api/roles/view"]').click()
        page.get_by_role("button", name="Nova Role", exact=True).click()
&gt;       page.locator("#cadastro-nome").fill("Consulta Catalogo 07")

tests/test_sprint07_browser.py:515: 
_ _ _ _ _ _ _ _ _ _ _ _ _ _ _ _ _ _ _ _ _ _ _ _ _ _ _ _ _ _ _ _ _ _ _ _ _ _ _ _ 
/usr/local/lib/python3.12/site-packages/playwright/sync_api/_generated.py:15889: in fill
    self._sync(
/usr/local/lib/python3.12/site-packages/playwright/_impl/_locator.py:212: in fill
    return await self._frame.fill(self._selector, strict=True, **params)
           ^^^^^^^^^^^^^^^^^^^^^^^^^^^^^^^^^^^^^^^^^^^^^^^^^^^^^^^^^^^^^
/usr/local/lib/python3.12/site-packages/playwright/_impl/_frame.py:590: in fill
    await self._fill(**locals_to_params(locals()))
/usr/local/lib/python3.12/site-packages/playwright/_impl/_frame.py:602: in _fill
    await self._channel.send("fill", self._timeout, locals_to_params(locals()))
/usr/local/lib/python3.12/site-packages/playwright/_impl/_connection.py:69: in send
    return await self._connection.wrap_api_call(
_ _ _ _ _ _ _ _ _ _ _ _ _ _ _ _ _ _ _ _ _ _ _ _ _ _ _ _ _ _ _ _ _ _ _ _ _ _ _ _ 

self = &lt;playwright._impl._connection.Connection object at 0x7517665144a0&gt;
cb = &lt;function Channel.send.&lt;locals&gt;.&lt;lambda&gt; at 0x75176660ed40&gt;
is_internal = False, title = None

    async def wrap_api_call(
        self, cb: Callable[[], Any], is_internal: bool = False, title: str = None
    ) -&gt; Any:
        if self._api_zone.get():
            return await cb()
        task = asyncio.current_task(self._loop)
        st: List[inspect.FrameInfo] = getattr(
            task, "__pw_stack__", None
        ) or inspect.stack(0)
    
        parsed_st = _extract_stack_trace_information_from_stack(st, is_internal, title)
        self._api_zone.set(parsed_st)
        try:
            return await cb()
        except Exception as error:
&gt;           raise rewrite_error(error, f"{parsed_st['apiName']}: {error}") from None
E           playwright._impl._errors.TimeoutError: Locator.fill: Timeout 20000ms exceeded.
E           Call log:
E             - waiting for locator("#cadastro-nome")
E               - locator resolved to &lt;input name="nome" type="text" required="" maxlength="100" id="cadastro-nome" placeholder="Ex.: Estoquista" class="w-full bg-slate-950 border border-slate-800 focus:border-sky-500 focus:ring-2 focus:ring-sky-500/20 rounded-xl px-4 py-3 text-white placeholder:text-slate-500 outline-none transition"/&gt;
E               - fill("Consulta Catalogo 07")
E             - attempting fill action
E               2 × waiting for element to be visible, enabled and editable
E                 - element is not visible
E               - retrying fill action
E               - waiting 20ms
E               2 × waiting for element to be visible, enabled and editable
E                 - element is not visible
E               - retrying fill action
E                 - waiting 100ms
E               39 × waiting for element to be visible, enabled and editable
E                  - element is not visible
E                - retrying fill action
E                  - waiting 500ms

/usr/local/lib/python3.12/site-packages/playwright/_impl/_connection.py:558: TimeoutError</failure></testcase><testcase classname="tests.test_sprint07_browser" name="test_admin_role_employee_and_restricted_login_journey[firefox-1440]" time="1.513"><error message="failed on teardown with &quot;AssertionError: ['rolePage is not defined']&#10;assert not ['rolePage is not defined']&quot;">transaction_app = &lt;Flask 'app'&gt;
request = &lt;SubRequest 'sprint07_browser' for &lt;Function test_admin_role_employee_and_restricted_login_journey[firefox-1440]&gt;&gt;
sprint07_reports = {'tests/test_sprint07_browser.py::test_admin_role_employee_and_restricted_login_journey[chromium-1440]': &lt;TestReport '...t07_browser.py::test_admin_role_employee_and_restricted_login_journey[firefox-390]' when='call' outcome='passed'&gt;, ...}
sprint07_engine = &lt;Browser type=&lt;BrowserType name=firefox executable_path=/opt/playwright/firefox-1490/firefox/firefox&gt; version=141.0&gt;
sprint07_server = namespace(process=&lt;Popen: returncode: None args: ['/usr/local/bin/python', '-m', 'gunicorn', '...&gt;, logfile=&lt;_io.TextIOWrapper name=18 mode='w+' encoding='UTF-8'&gt;)

    @pytest.fixture
    def sprint07_browser(transaction_app, request, sprint07_reports, sprint07_engine, sprint07_server):
        with transaction_app.app_context():
            ConfiguracaoNotificacaoEstoque.query.filter_by(tenant_id=1).one().popup_ao_entrar = False
            db.session.commit()
        directory = Path("/tmp/e2e/sprint07") / request.node.name
        directory.mkdir(parents=True, exist_ok=True)
        evidence = {"engine": sprint07_engine.browser_type.name, "version": sprint07_engine.version,
                    "screens": [], "errors": [], "external_requests": [], "http_errors": []}
        context = sprint07_engine.new_context(
            viewport={"width": 1440, "height": 900}, locale="pt-BR", service_workers="block",
        )
        context.tracing.start(screenshots=True, snapshots=True, sources=False)
    
        def local_only(route):
            parsed = urlsplit(route.request.url)
            if parsed.scheme == "http" and parsed.netloc == "127.0.0.1:8767":
                route.continue_()
            else:
                evidence["external_requests"].append(route.request.url)
                route.abort()
    
        def deny_websocket(websocket):
            evidence["external_requests"].append(websocket.url)
            websocket.close()
    
        def record_response(response):
            if response.status &gt;= 400:
                evidence["http_errors"].append({"path": urlsplit(response.url).path, "status": response.status})
    
        context.route("**/*", local_only)
        context.route_web_socket("**/*", deny_websocket)
        context.on("page", lambda opened: opened.on("pageerror", lambda error: evidence["errors"].append(str(error))))
        context.on("response", record_response)
        page = context.new_page()
        page.set_default_timeout(20000)
        page.set_default_navigation_timeout(30000)
        try:
            deadline = time.monotonic() + 30
            while True:
                try:
                    response = page.goto(ORIGIN + "/login", wait_until="networkidle")
                    assert response.status == 200
                    break
                except Error:
                    if sprint07_server.process.poll() is not None or time.monotonic() &gt;= deadline:
                        raise
                    time.sleep(0.2)
            login_browser(page)
            yield SimpleNamespace(page=page, evidence=evidence)
        finally:
            report = sprint07_reports.get(request.node.nodeid)
            passed = bool(report and report.passed and not evidence["errors"]
                          and not evidence["external_requests"] and not evidence["http_errors"])
            evidence["passed"] = passed
            evidence["viewport"] = page.viewport_size
            try:
                page.screenshot(path=str(directory / "sprint07-screen.png"))
                (directory / "browser.json").write_text(json.dumps(evidence, ensure_ascii=False), encoding="utf-8")
                if passed:
                    context.tracing.stop()
                    for filename in ("trace.zip", "page.html", "server.log", "screen.png"):
                        (directory / filename).unlink(missing_ok=True)
                else:
                    context.tracing.stop(path=str(directory / "trace.zip"))
                    (directory / "page.html").write_text(page.content(), encoding="utf-8")
                    sprint07_server.logfile.seek(0)
                    (directory / "server.log").write_text(sprint07_server.logfile.read(), encoding="utf-8")
            finally:
                context.close()
&gt;           assert not evidence["errors"], evidence["errors"]
E           AssertionError: ['rolePage is not defined']
E           assert not ['rolePage is not defined']

tests/test_sprint07_browser.py:155: AssertionError</error></testcase><testcase classname="tests.test_sprint07_browser" name="test_public_password_and_platform_provisioning_journey[firefox-390]" time="18.115" /><testcase classname="tests.test_sprint07_browser" name="test_public_password_and_platform_provisioning_journey[firefox-1440]" time="18.537" /><testcase classname="tests.test_sprint07_browser" name="test_all_screens_navigation_accessibility_responsive[webkit-hubs-320]" time="53.119" /><testcase classname="tests.test_sprint07_browser" name="test_all_screens_navigation_accessibility_responsive[webkit-hubs-768]" time="25.310" /><testcase classname="tests.test_sprint07_browser" name="test_all_screens_navigation_accessibility_responsive[webkit-hubs-1440]" time="23.681" /><testcase classname="tests.test_sprint07_browser" name="test_all_screens_navigation_accessibility_responsive[webkit-cadastros-320]" time="26.136" /><testcase classname="tests.test_sprint07_browser" name="test_all_screens_navigation_accessibility_responsive[webkit-cadastros-768]" time="16.989" /><testcase classname="tests.test_sprint07_browser" name="test_all_screens_navigation_accessibility_responsive[webkit-cadastros-1440]" time="21.278" /><testcase classname="tests.test_sprint07_browser" name="test_all_screens_navigation_accessibility_responsive[webkit-stock-sales-320]" time="31.456" /><testcase classname="tests.test_sprint07_browser" name="test_all_screens_navigation_accessibility_responsive[webkit-stock-sales-768]" time="27.596" /><testcase classname="tests.test_sprint07_browser" name="test_all_screens_navigation_accessibility_responsive[webkit-stock-sales-1440]" time="26.742" /><testcase classname="tests.test_sprint07_browser" name="test_all_screens_navigation_accessibility_responsive[webkit-finance-320]" time="34.170" /><testcase classname="tests.test_sprint07_browser" name="test_all_screens_navigation_accessibility_responsive[webkit-finance-768]" time="32.154" /><testcase classname="tests.test_sprint07_browser" name="test_all_screens_navigation_accessibility_responsive[webkit-finance-1440]" time="34.857" /><testcase classname="tests.test_sprint07_browser" name="test_all_screens_navigation_accessibility_responsive[webkit-admin-320]" time="27.045" /><testcase classname="tests.test_sprint07_browser" name="test_all_screens_navigation_accessibility_responsive[webkit-admin-768]" time="29.383" /><testcase classname="tests.test_sprint07_browser" name="test_all_screens_navigation_accessibility_responsive[webkit-admin-1440]" time="28.063" /><testcase classname="tests.test_sprint07_browser" name="test_all_screens_navigation_accessibility_responsive[webkit-operations-320]" time="15.081" /><testcase classname="tests.test_sprint07_browser" name="test_all_screens_navigation_accessibility_responsive[webkit-operations-768]" time="40.114" /><testcase classname="tests.test_sprint07_browser" name="test_all_screens_navigation_accessibility_responsive[webkit-operations-1440]" time="16.370" /><testcase classname="tests.test_sprint07_browser" name="test_catalog_client_sale_stock_financial_audit_journey[webkit-390]" time="115.010" /><testcase classname="tests.test_sprint07_browser" name="test_catalog_client_sale_stock_financial_audit_journey[webkit-1440]" time="117.333" /><testcase classname="tests.test_sprint07_browser" name="test_admin_role_employee_and_restricted_login_journey[webkit-390]" time="49.080" /><testcase classname="tests.test_sprint07_browser" name="test_admin_role_employee_and_restricted_login_journey[webkit-1440]" time="66.372" /><testcase classname="tests.test_sprint07_browser" name="test_public_password_and_platform_provisioning_journey[webkit-390]" time="25.236" /><testcase classname="tests.test_sprint07_browser" name="test_public_password_and_platform_provisioning_journey[webkit-1440]" time="35.444" /><testcase classname="tests.test_startup" name="test_production_startup_uses_secure_configuration" time="3.353" /><testcase classname="tests.test_startup" name="test_production_startup_rejects_missing_variables[None-DATABASE_URL]" time="1.606" /><testcase classname="tests.test_startup" name="test_production_startup_rejects_missing_variables[None-SECRET_KEY]" time="1.336" /><testcase classname="tests.test_startup" name="test_production_startup_rejects_missing_variables[None-JWT_SECRET_KEY]" time="1.542" /><testcase classname="tests.test_startup" name="test_production_startup_rejects_missing_variables[None-FIELD_ENCRYPTION_KEY]" time="1.251" /><testcase classname="tests.test_startup" name="test_production_startup_rejects_missing_variables[-DATABASE_URL]" time="1.406" /><testcase classname="tests.test_startup" name="test_production_startup_rejects_missing_variables[-SECRET_KEY]" time="1.517" /><testcase classname="tests.test_startup" name="test_production_startup_rejects_missing_variables[-JWT_SECRET_KEY]" time="1.672" /><testcase classname="tests.test_startup" name="test_production_startup_rejects_missing_variables[-FIELD_ENCRYPTION_KEY]" time="2.212" /><testcase classname="tests.test_startup" name="test_production_startup_rejects_each_weak_secret[SECRET_KEY]" time="1.307" /><testcase classname="tests.test_startup" name="test_production_startup_rejects_each_weak_secret[JWT_SECRET_KEY]" time="1.129" /><testcase classname="tests.test_startup" name="test_production_startup_rejects_each_weak_secret[FIELD_ENCRYPTION_KEY]" time="1.095" /><testcase classname="tests.test_startup" name="test_startup_rejects_unknown_environment[prod]" time="1.226" /><testcase classname="tests.test_startup" name="test_startup_rejects_unknown_environment[]" time="1.245" /><testcase classname="tests.test_startup" name="test_startup_rejects_unknown_environment[production-typo]" time="1.138" /><testcase classname="tests.test_startup" name="test_production_startup_rejects_invalid_database_without_leaking_url[sqlite:///production.db]" time="1.130" /><testcase classname="tests.test_startup" name="test_production_startup_rejects_invalid_database_without_leaking_url[mysql://unused:private-database-password@localhost/oceanblue]" time="1.120" /><testcase classname="tests.test_startup" name="test_production_startup_rejects_invalid_database_without_leaking_url[malformed-private-database-password]" time="1.194" /><testcase classname="tests.test_startup" name="test_production_startup_rejects_invalid_database_without_leaking_url[postgresql://unused:private-database-password@localhost:not-a-port/oceanblue]" time="1.263" /><testcase classname="tests.test_startup" name="test_production_rejects_unsafe_secret_and_attempt_configuration[overrides0]" time="1.237" /><testcase classname="tests.test_startup" name="test_production_rejects_unsafe_secret_and_attempt_configuration[overrides1]" time="1.072" /><testcase classname="tests.test_startup" name="test_production_rejects_unsafe_secret_and_attempt_configuration[overrides2]" time="1.115" /><testcase classname="tests.test_startup" name="test_production_rejects_unsafe_secret_and_attempt_configuration[overrides3]" time="1.071" /><testcase classname="tests.test_startup" name="test_production_rejects_unsafe_secret_and_attempt_configuration[overrides4]" time="1.074" /><testcase classname="tests.test_startup" name="test_production_rejects_unsafe_secret_and_attempt_configuration[overrides5]" time="1.149" /><testcase classname="tests.test_startup" name="test_production_rejects_unsafe_secret_and_attempt_configuration[overrides6]" time="1.096" /><testcase classname="tests.test_startup" name="test_production_rejects_unsafe_secret_and_attempt_configuration[overrides7]" time="1.103" /><testcase classname="tests.test_startup" name="test_production_rejects_unsafe_secret_and_attempt_configuration[overrides8]" time="1.045" /><testcase classname="tests.test_startup" name="test_production_rejects_unsafe_secret_and_attempt_configuration[overrides9]" time="2.938" /></testsuite></testsuites>