<?xml version="1.0" encoding="utf-8"?><testsuites name="pytest tests"><testsuite name="pytest" errors="0" failures="0" skipped="0" tests="6" time="166.803" timestamp="2026-09-07T19:03:38.591622+00:00" hostname="87690b9b3480"><testcase classname="tests.test_sprint07_browser" name="test_admin_role_employee_and_restricted_login_journey[chromium-390]" time="22.312" /><testcase classname="tests.test_sprint07_browser" name="test_admin_role_employee_and_restricted_login_journey[chromium-1440]" time="20.256" /><testcase classname="tests.test_sprint07_browser" name="test_admin_role_employee_and_restricted_login_journey[firefox-390]" time="32.533" /><testcase classname="tests.test_sprint07_browser" name="test_admin_role_employee_and_restricted_login_journey[firefox-1440]" time="21.673" /><testcase classname="tests.test_sprint07_browser" name="test_admin_role_employee_and_restricted_login_journey[webkit-390]" time="34.714" /><testcase classname="tests.test_sprint07_browser" name="test_admin_role_employee_and_restricted_login_journey[webkit-1440]" time="34.786" /></testsuite></testsuites>
